<?xml version="1.0" encoding="UTF-8"?>
<coverage generated="1765195046003" clover="3.2.0">
  <project timestamp="1765195046003" name="All files">
    <metrics statements="425" coveredstatements="408" conditionals="288" coveredconditionals="238" methods="106" coveredmethods="95" elements="819" coveredelements="741" complexity="0" loc="425" ncloc="425" packages="7" files="28" classes="28"/>
    <package name="components.auth">
      <metrics statements="47" coveredstatements="35" conditionals="37" coveredconditionals="28" methods="19" coveredmethods="12"/>
      <file name="AuthFields.tsx" path="C:\Users\abhishek.kurne\OneDrive - Pace Wisdom Solutions Pvt Ltd\Desktop\inspiregenius-fe\src\components\auth\AuthFields.tsx">
        <metrics statements="42" coveredstatements="30" conditionals="32" coveredconditionals="23" methods="17" coveredmethods="10"/>
        <line num="1" count="1" type="stmt"/>
        <line num="2" count="1" type="stmt"/>
        <line num="3" count="1" type="stmt"/>
        <line num="4" count="1" type="stmt"/>
        <line num="5" count="1" type="stmt"/>
        <line num="7" count="1" type="stmt"/>
        <line num="8" count="1" type="stmt"/>
        <line num="9" count="1" type="stmt"/>
        <line num="12" count="1" type="stmt"/>
        <line num="20" count="1" type="stmt"/>
        <line num="29" count="0" type="stmt"/>
        <line num="36" count="1" type="stmt"/>
        <line num="44" count="1" type="stmt"/>
        <line num="53" count="1" type="stmt"/>
        <line num="60" count="1" type="stmt"/>
        <line num="68" count="1" type="stmt"/>
        <line num="77" count="0" type="stmt"/>
        <line num="84" count="1" type="stmt"/>
        <line num="92" count="2" type="stmt"/>
        <line num="93" count="2" type="stmt"/>
        <line num="102" count="0" type="stmt"/>
        <line num="105" count="1" type="stmt"/>
        <line num="116" count="1" type="cond" truecount="0" falsecount="1"/>
        <line num="117" count="5" type="stmt"/>
        <line num="118" count="5" type="stmt"/>
        <line num="120" count="5" type="stmt"/>
        <line num="121" count="2" type="stmt"/>
        <line num="122" count="2" type="stmt"/>
        <line num="123" count="2" type="stmt"/>
        <line num="125" count="0" type="stmt"/>
        <line num="127" count="2" type="stmt"/>
        <line num="128" count="2" type="stmt"/>
        <line num="132" count="0" type="stmt"/>
        <line num="133" count="0" type="cond" truecount="0" falsecount="2"/>
        <line num="134" count="0" type="stmt"/>
        <line num="136" count="0" type="stmt"/>
        <line num="140" count="0" type="cond" truecount="0" falsecount="3"/>
        <line num="141" count="0" type="stmt"/>
        <line num="144" count="0" type="stmt"/>
        <line num="145" count="0" type="stmt"/>
        <line num="151" count="5" type="stmt"/>
        <line num="166" count="2" type="stmt"/>
      </file>
      <file name="AuthHeader.tsx" path="C:\Users\abhishek.kurne\OneDrive - Pace Wisdom Solutions Pvt Ltd\Desktop\inspiregenius-fe\src\components\auth\AuthHeader.tsx">
        <metrics statements="2" coveredstatements="2" conditionals="2" coveredconditionals="2" methods="1" coveredmethods="1"/>
        <line num="3" count="1" type="stmt"/>
        <line num="4" count="12" type="stmt"/>
      </file>
      <file name="AuthLayout.tsx" path="C:\Users\abhishek.kurne\OneDrive - Pace Wisdom Solutions Pvt Ltd\Desktop\inspiregenius-fe\src\components\auth\AuthLayout.tsx">
        <metrics statements="3" coveredstatements="3" conditionals="3" coveredconditionals="3" methods="1" coveredmethods="1"/>
        <line num="1" count="1" type="stmt"/>
        <line num="9" count="1" type="stmt"/>
        <line num="15" count="25" type="stmt"/>
      </file>
    </package>
    <package name="components.ui">
      <metrics statements="19" coveredstatements="19" conditionals="11" coveredconditionals="8" methods="3" coveredmethods="3"/>
      <file name="button-variants.ts" path="C:\Users\abhishek.kurne\OneDrive - Pace Wisdom Solutions Pvt Ltd\Desktop\inspiregenius-fe\src\components\ui\button-variants.ts">
        <metrics statements="3" coveredstatements="3" conditionals="0" coveredconditionals="0" methods="0" coveredmethods="0"/>
        <line num="1" count="5" type="stmt"/>
        <line num="4" count="5" type="stmt"/>
        <line num="35" count="5" type="stmt"/>
      </file>
      <file name="button.tsx" path="C:\Users\abhishek.kurne\OneDrive - Pace Wisdom Solutions Pvt Ltd\Desktop\inspiregenius-fe\src\components\ui\button.tsx">
        <metrics statements="6" coveredstatements="6" conditionals="3" coveredconditionals="2" methods="1" coveredmethods="1"/>
        <line num="2" count="5" type="stmt"/>
        <line num="5" count="5" type="stmt"/>
        <line num="6" count="5" type="stmt"/>
        <line num="18" count="215" type="cond" truecount="1" falsecount="1"/>
        <line num="20" count="215" type="stmt"/>
        <line num="29" count="5" type="stmt"/>
      </file>
      <file name="icon-input.tsx" path="C:\Users\abhishek.kurne\OneDrive - Pace Wisdom Solutions Pvt Ltd\Desktop\inspiregenius-fe\src\components\ui\icon-input.tsx">
        <metrics statements="6" coveredstatements="6" conditionals="8" coveredconditionals="6" methods="1" coveredmethods="1"/>
        <line num="2" count="2" type="stmt"/>
        <line num="10" count="2" type="stmt"/>
        <line num="18" count="28" type="stmt"/>
        <line num="19" count="28" type="stmt"/>
        <line num="20" count="28" type="stmt"/>
        <line num="53" count="2" type="stmt"/>
      </file>
      <file name="label.tsx" path="C:\Users\abhishek.kurne\OneDrive - Pace Wisdom Solutions Pvt Ltd\Desktop\inspiregenius-fe\src\components\ui\label.tsx">
        <metrics statements="4" coveredstatements="4" conditionals="0" coveredconditionals="0" methods="1" coveredmethods="1"/>
        <line num="2" count="2" type="stmt"/>
        <line num="4" count="2" type="stmt"/>
        <line num="10" count="28" type="stmt"/>
        <line num="22" count="2" type="stmt"/>
      </file>
    </package>
    <package name="constants">
      <metrics statements="5" coveredstatements="5" conditionals="0" coveredconditionals="0" methods="0" coveredmethods="0"/>
      <file name="routes.ts" path="C:\Users\abhishek.kurne\OneDrive - Pace Wisdom Solutions Pvt Ltd\Desktop\inspiregenius-fe\src\constants\routes.ts">
        <metrics statements="5" coveredstatements="5" conditionals="0" coveredconditionals="0" methods="0" coveredmethods="0"/>
        <line num="1" count="3" type="stmt"/>
        <line num="34" count="3" type="stmt"/>
        <line num="41" count="3" type="stmt"/>
        <line num="46" count="3" type="stmt"/>
        <line num="50" count="3" type="stmt"/>
      </file>
    </package>
    <package name="hooks.auth">
      <metrics statements="129" coveredstatements="128" conditionals="106" coveredconditionals="84" methods="30" coveredmethods="30"/>
      <file name="useAcceptInvitation.ts" path="C:\Users\abhishek.kurne\OneDrive - Pace Wisdom Solutions Pvt Ltd\Desktop\inspiregenius-fe\src\hooks\auth\useAcceptInvitation.ts">
        <metrics statements="14" coveredstatements="14" conditionals="17" coveredconditionals="15" methods="4" coveredmethods="4"/>
        <line num="1" count="1" type="stmt"/>
        <line num="3" count="1" type="stmt"/>
        <line num="4" count="1" type="stmt"/>
        <line num="6" count="1" type="stmt"/>
        <line num="9" count="26" type="stmt"/>
        <line num="10" count="13" type="stmt"/>
        <line num="12" count="6" type="cond" truecount="2" falsecount="0"/>
        <line num="13" count="6" type="cond" truecount="4" falsecount="0"/>
        <line num="14" count="6" type="cond" truecount="2" falsecount="0"/>
        <line num="15" count="2" type="stmt"/>
        <line num="16" count="6" type="cond" truecount="3" falsecount="1"/>
        <line num="19" count="3" type="cond" truecount="3" falsecount="0"/>
        <line num="20" count="3" type="stmt"/>
        <line num="21" count="3" type="cond" truecount="1" falsecount="1"/>
      </file>
      <file name="useLogin.ts" path="C:\Users\abhishek.kurne\OneDrive - Pace Wisdom Solutions Pvt Ltd\Desktop\inspiregenius-fe\src\hooks\auth\useLogin.ts">
        <metrics statements="6" coveredstatements="6" conditionals="0" coveredconditionals="0" methods="2" coveredmethods="2"/>
        <line num="1" count="1" type="stmt"/>
        <line num="3" count="1" type="stmt"/>
        <line num="9" count="1" type="stmt"/>
        <line num="10" count="16" type="stmt"/>
        <line num="12" count="7" type="stmt"/>
        <line num="13" count="5" type="stmt"/>
      </file>
      <file name="useMeWithTokenQuery.ts" path="C:\Users\abhishek.kurne\OneDrive - Pace Wisdom Solutions Pvt Ltd\Desktop\inspiregenius-fe\src\hooks\auth\useMeWithTokenQuery.ts">
        <metrics statements="7" coveredstatements="7" conditionals="3" coveredconditionals="3" methods="2" coveredmethods="2"/>
        <line num="1" count="1" type="stmt"/>
        <line num="2" count="1" type="stmt"/>
        <line num="5" count="1" type="stmt"/>
        <line num="6" count="9" type="cond" truecount="3" falsecount="0"/>
        <line num="7" count="9" type="stmt"/>
        <line num="11" count="4" type="stmt"/>
        <line num="12" count="2" type="stmt"/>
      </file>
      <file name="useRequestPasswordReset.ts" path="C:\Users\abhishek.kurne\OneDrive - Pace Wisdom Solutions Pvt Ltd\Desktop\inspiregenius-fe\src\hooks\auth\useRequestPasswordReset.ts">
        <metrics statements="14" coveredstatements="14" conditionals="15" coveredconditionals="9" methods="4" coveredmethods="4"/>
        <line num="1" count="2" type="stmt"/>
        <line num="3" count="2" type="stmt"/>
        <line num="4" count="2" type="stmt"/>
        <line num="6" count="2" type="stmt"/>
        <line num="9" count="13" type="stmt"/>
        <line num="10" count="7" type="stmt"/>
        <line num="12" count="3" type="cond" truecount="2" falsecount="0"/>
        <line num="13" count="3" type="cond" truecount="1" falsecount="3"/>
        <line num="14" count="3" type="cond" truecount="2" falsecount="0"/>
        <line num="15" count="1" type="stmt"/>
        <line num="16" count="3" type="cond" truecount="1" falsecount="1"/>
        <line num="19" count="2" type="cond" truecount="2" falsecount="1"/>
        <line num="20" count="2" type="stmt"/>
        <line num="21" count="2" type="cond" truecount="1" falsecount="1"/>
      </file>
      <file name="useResendOtp.ts" path="C:\Users\abhishek.kurne\OneDrive - Pace Wisdom Solutions Pvt Ltd\Desktop\inspiregenius-fe\src\hooks\auth\useResendOtp.ts">
        <metrics statements="8" coveredstatements="8" conditionals="0" coveredconditionals="0" methods="2" coveredmethods="2"/>
        <line num="1" count="1" type="stmt"/>
        <line num="4" count="1" type="stmt"/>
        <line num="5" count="1" type="stmt"/>
        <line num="7" count="1" type="stmt"/>
        <line num="8" count="8" type="stmt"/>
        <line num="10" count="4" type="stmt"/>
        <line num="11" count="4" type="stmt"/>
        <line num="12" count="2" type="stmt"/>
      </file>
      <file name="useResetPassword.ts" path="C:\Users\abhishek.kurne\OneDrive - Pace Wisdom Solutions Pvt Ltd\Desktop\inspiregenius-fe\src\hooks\auth\useResetPassword.ts">
        <metrics statements="14" coveredstatements="14" conditionals="15" coveredconditionals="12" methods="4" coveredmethods="4"/>
        <line num="1" count="1" type="stmt"/>
        <line num="3" count="1" type="stmt"/>
        <line num="4" count="1" type="stmt"/>
        <line num="6" count="1" type="stmt"/>
        <line num="9" count="14" type="stmt"/>
        <line num="10" count="7" type="stmt"/>
        <line num="12" count="4" type="cond" truecount="1" falsecount="1"/>
        <line num="13" count="4" type="cond" truecount="4" falsecount="0"/>
        <line num="14" count="4" type="cond" truecount="2" falsecount="0"/>
        <line num="15" count="2" type="stmt"/>
        <line num="16" count="4" type="cond" truecount="1" falsecount="1"/>
        <line num="19" count="3" type="cond" truecount="3" falsecount="0"/>
        <line num="20" count="3" type="stmt"/>
        <line num="21" count="3" type="cond" truecount="1" falsecount="1"/>
      </file>
      <file name="useSignup.ts" path="C:\Users\abhishek.kurne\OneDrive - Pace Wisdom Solutions Pvt Ltd\Desktop\inspiregenius-fe\src\hooks\auth\useSignup.ts">
        <metrics statements="6" coveredstatements="6" conditionals="0" coveredconditionals="0" methods="2" coveredmethods="2"/>
        <line num="1" count="1" type="stmt"/>
        <line num="3" count="1" type="stmt"/>
        <line num="9" count="1" type="stmt"/>
        <line num="10" count="8" type="stmt"/>
        <line num="12" count="4" type="stmt"/>
        <line num="13" count="2" type="stmt"/>
      </file>
      <file name="useSocialAuthLoginUrl.ts" path="C:\Users\abhishek.kurne\OneDrive - Pace Wisdom Solutions Pvt Ltd\Desktop\inspiregenius-fe\src\hooks\auth\useSocialAuthLoginUrl.ts">
        <metrics statements="6" coveredstatements="6" conditionals="0" coveredconditionals="0" methods="2" coveredmethods="2"/>
        <line num="1" count="1" type="stmt"/>
        <line num="3" count="1" type="stmt"/>
        <line num="9" count="1" type="stmt"/>
        <line num="12" count="8" type="stmt"/>
        <line num="14" count="4" type="stmt"/>
        <line num="15" count="2" type="stmt"/>
      </file>
      <file name="useSocialLogin.ts" path="C:\Users\abhishek.kurne\OneDrive - Pace Wisdom Solutions Pvt Ltd\Desktop\inspiregenius-fe\src\hooks\auth\useSocialLogin.ts">
        <metrics statements="42" coveredstatements="41" conditionals="48" coveredconditionals="40" methods="6" coveredmethods="6"/>
        <line num="1" count="1" type="stmt"/>
        <line num="2" count="1" type="stmt"/>
        <line num="3" count="1" type="stmt"/>
        <line num="5" count="1" type="stmt"/>
        <line num="6" count="1" type="stmt"/>
        <line num="13" count="1" type="stmt"/>
        <line num="14" count="6" type="stmt"/>
        <line num="15" count="6" type="stmt"/>
        <line num="16" count="6" type="stmt"/>
        <line num="17" count="6" type="stmt"/>
        <line num="19" count="6" type="stmt"/>
        <line num="20" count="6" type="stmt"/>
        <line num="21" count="6" type="stmt"/>
        <line num="22" count="6" type="stmt"/>
        <line num="25" count="6" type="stmt"/>
        <line num="28" count="6" type="stmt"/>
        <line num="29" count="6" type="cond" truecount="2" falsecount="0"/>
        <line num="30" count="5" type="cond" truecount="1" falsecount="1"/>
        <line num="31" count="5" type="cond" truecount="2" falsecount="0"/>
        <line num="32" count="4" type="cond" truecount="2" falsecount="0"/>
        <line num="33" count="3" type="cond" truecount="1" falsecount="1"/>
        <line num="34" count="0" type="stmt"/>
        <line num="38" count="6" type="stmt"/>
        <line num="39" count="6" type="cond" truecount="2" falsecount="0"/>
        <line num="41" count="2" type="cond" truecount="4" falsecount="2"/>
        <line num="42" count="2" type="stmt"/>
        <line num="43" count="2" type="stmt"/>
        <line num="47" count="6" type="stmt"/>
        <line num="48" count="6" type="cond" truecount="1" falsecount="1"/>
        <line num="49" count="6" type="cond" truecount="2" falsecount="0"/>
        <line num="50" count="3" type="cond" truecount="1" falsecount="1"/>
        <line num="62" count="3" type="stmt"/>
        <line num="80" count="3" type="stmt"/>
        <line num="81" count="3" type="stmt"/>
        <line num="82" count="3" type="cond" truecount="2" falsecount="0"/>
        <line num="86" count="2" type="stmt"/>
        <line num="88" count="1" type="cond" truecount="1" falsecount="1"/>
        <line num="89" count="1" type="stmt"/>
        <line num="90" count="1" type="stmt"/>
        <line num="91" count="1" type="stmt"/>
        <line num="93" count="3" type="stmt"/>
        <line num="98" count="6" type="stmt"/>
      </file>
      <file name="useVerifyOtp.ts" path="C:\Users\abhishek.kurne\OneDrive - Pace Wisdom Solutions Pvt Ltd\Desktop\inspiregenius-fe\src\hooks\auth\useVerifyOtp.ts">
        <metrics statements="12" coveredstatements="12" conditionals="8" coveredconditionals="5" methods="2" coveredmethods="2"/>
        <line num="1" count="1" type="stmt"/>
        <line num="4" count="1" type="stmt"/>
        <line num="5" count="1" type="stmt"/>
        <line num="6" count="1" type="stmt"/>
        <line num="13" count="1" type="stmt"/>
        <line num="14" count="8" type="stmt"/>
        <line num="16" count="4" type="stmt"/>
        <line num="22" count="4" type="cond" truecount="2" falsecount="0"/>
        <line num="23" count="3" type="stmt"/>
        <line num="24" count="2" type="cond" truecount="1" falsecount="1"/>
        <line num="26" count="1" type="stmt"/>
        <line num="33" count="1" type="stmt"/>
      </file>
    </package>
    <package name="lib">
      <metrics statements="4" coveredstatements="4" conditionals="0" coveredconditionals="0" methods="1" coveredmethods="1"/>
      <file name="utils.ts" path="C:\Users\abhishek.kurne\OneDrive - Pace Wisdom Solutions Pvt Ltd\Desktop\inspiregenius-fe\src\lib\utils.ts">
        <metrics statements="4" coveredstatements="4" conditionals="0" coveredconditionals="0" methods="1" coveredmethods="1"/>
        <line num="1" count="5" type="stmt"/>
        <line num="2" count="5" type="stmt"/>
        <line num="4" count="5" type="stmt"/>
        <line num="5" count="271" type="stmt"/>
      </file>
    </package>
    <package name="pages.auth">
      <metrics statements="210" coveredstatements="206" conditionals="134" coveredconditionals="118" methods="50" coveredmethods="46"/>
      <file name="AcceptInvitation.tsx" path="C:\Users\abhishek.kurne\OneDrive - Pace Wisdom Solutions Pvt Ltd\Desktop\inspiregenius-fe\src\pages\auth\AcceptInvitation.tsx">
        <metrics statements="38" coveredstatements="38" conditionals="36" coveredconditionals="34" methods="8" coveredmethods="8"/>
        <line num="1" count="1" type="stmt"/>
        <line num="2" count="1" type="stmt"/>
        <line num="3" count="1" type="stmt"/>
        <line num="4" count="1" type="stmt"/>
        <line num="5" count="1" type="stmt"/>
        <line num="6" count="1" type="stmt"/>
        <line num="7" count="1" type="stmt"/>
        <line num="8" count="1" type="stmt"/>
        <line num="9" count="1" type="stmt"/>
        <line num="10" count="1" type="stmt"/>
        <line num="17" count="1" type="stmt"/>
        <line num="18" count="139" type="stmt"/>
        <line num="19" count="139" type="stmt"/>
        <line num="20" count="139" type="stmt"/>
        <line num="22" count="139" type="stmt"/>
        <line num="27" count="139" type="stmt"/>
        <line num="28" count="139" type="cond" truecount="1" falsecount="1"/>
        <line num="29" count="139" type="cond" truecount="1" falsecount="1"/>
        <line num="31" count="139" type="stmt"/>
        <line num="38" count="139" type="stmt"/>
        <line num="39" count="69" type="stmt"/>
        <line num="40" count="69" type="cond" truecount="2" falsecount="0"/>
        <line num="41" count="69" type="cond" truecount="2" falsecount="0"/>
        <line num="42" count="69" type="cond" truecount="2" falsecount="0"/>
        <line num="43" count="69" type="cond" truecount="2" falsecount="0"/>
        <line num="44" count="69" type="stmt"/>
        <line num="47" count="139" type="stmt"/>
        <line num="48" count="5" type="cond" truecount="2" falsecount="0"/>
        <line num="49" count="5" type="cond" truecount="2" falsecount="0"/>
        <line num="50" count="1" type="stmt"/>
        <line num="51" count="1" type="stmt"/>
        <line num="53" count="4" type="stmt"/>
        <line num="54" count="4" type="cond" truecount="2" falsecount="0"/>
        <line num="55" count="4" type="cond" truecount="2" falsecount="0"/>
        <line num="58" count="139" type="stmt"/>
        <line num="63" count="19" type="stmt"/>
        <line num="67" count="29" type="stmt"/>
        <line num="78" count="10" type="stmt"/>
      </file>
      <file name="ForgotPassword.tsx" path="C:\Users\abhishek.kurne\OneDrive - Pace Wisdom Solutions Pvt Ltd\Desktop\inspiregenius-fe\src\pages\auth\ForgotPassword.tsx">
        <metrics statements="21" coveredstatements="21" conditionals="6" coveredconditionals="6" methods="4" coveredmethods="4"/>
        <line num="1" count="1" type="stmt"/>
        <line num="2" count="1" type="stmt"/>
        <line num="3" count="1" type="stmt"/>
        <line num="4" count="1" type="stmt"/>
        <line num="5" count="1" type="stmt"/>
        <line num="6" count="1" type="stmt"/>
        <line num="7" count="1" type="stmt"/>
        <line num="8" count="1" type="stmt"/>
        <line num="9" count="1" type="stmt"/>
        <line num="10" count="1" type="stmt"/>
        <line num="12" count="1" type="stmt"/>
        <line num="13" count="23" type="stmt"/>
        <line num="14" count="23" type="stmt"/>
        <line num="15" count="23" type="stmt"/>
        <line num="17" count="23" type="stmt"/>
        <line num="18" count="7" type="stmt"/>
        <line num="19" count="7" type="cond" truecount="2" falsecount="0"/>
        <line num="20" count="6" type="stmt"/>
        <line num="23" count="1" type="stmt"/>
        <line num="28" count="23" type="stmt"/>
        <line num="48" count="9" type="stmt"/>
      </file>
      <file name="Login.tsx" path="C:\Users\abhishek.kurne\OneDrive - Pace Wisdom Solutions Pvt Ltd\Desktop\inspiregenius-fe\src\pages\auth\Login.tsx">
        <metrics statements="32" coveredstatements="32" conditionals="8" coveredconditionals="7" methods="7" coveredmethods="7"/>
        <line num="1" count="1" type="stmt"/>
        <line num="2" count="1" type="stmt"/>
        <line num="3" count="1" type="stmt"/>
        <line num="6" count="1" type="stmt"/>
        <line num="7" count="1" type="stmt"/>
        <line num="8" count="1" type="stmt"/>
        <line num="9" count="1" type="stmt"/>
        <line num="10" count="1" type="stmt"/>
        <line num="12" count="1" type="stmt"/>
        <line num="13" count="15" type="stmt"/>
        <line num="14" count="15" type="stmt"/>
        <line num="15" count="15" type="stmt"/>
        <line num="16" count="15" type="stmt"/>
        <line num="17" count="15" type="stmt"/>
        <line num="18" count="15" type="stmt"/>
        <line num="19" count="11" type="stmt"/>
        <line num="20" count="11" type="stmt"/>
        <line num="22" count="1" type="stmt"/>
        <line num="26" count="15" type="stmt"/>
        <line num="27" count="13" type="cond" truecount="2" falsecount="0"/>
        <line num="29" count="3" type="stmt"/>
        <line num="30" count="3" type="stmt"/>
        <line num="31" count="3" type="cond" truecount="2" falsecount="0"/>
        <line num="33" count="1" type="stmt"/>
        <line num="35" count="3" type="cond" truecount="2" falsecount="0"/>
        <line num="39" count="15" type="stmt"/>
        <line num="40" count="2" type="stmt"/>
        <line num="41" count="2" type="stmt"/>
        <line num="43" count="2" type="stmt"/>
        <line num="45" count="15" type="stmt"/>
        <line num="71" count="1" type="stmt"/>
        <line num="72" count="1" type="stmt"/>
      </file>
      <file name="OTP.tsx" path="C:\Users\abhishek.kurne\OneDrive - Pace Wisdom Solutions Pvt Ltd\Desktop\inspiregenius-fe\src\pages\auth\OTP.tsx">
        <metrics statements="39" coveredstatements="39" conditionals="24" coveredconditionals="20" methods="11" coveredmethods="11"/>
        <line num="1" count="1" type="stmt"/>
        <line num="2" count="1" type="stmt"/>
        <line num="3" count="1" type="stmt"/>
        <line num="4" count="1" type="stmt"/>
        <line num="5" count="1" type="stmt"/>
        <line num="6" count="1" type="stmt"/>
        <line num="7" count="1" type="stmt"/>
        <line num="8" count="1" type="stmt"/>
        <line num="9" count="1" type="stmt"/>
        <line num="12" count="1" type="stmt"/>
        <line num="13" count="33" type="stmt"/>
        <line num="14" count="33" type="stmt"/>
        <line num="15" count="33" type="stmt"/>
        <line num="16" count="33" type="stmt"/>
        <line num="17" count="33" type="stmt"/>
        <line num="18" count="33" type="stmt"/>
        <line num="20" count="33" type="stmt"/>
        <line num="21" count="11" type="cond" truecount="2" falsecount="0"/>
        <line num="24" count="33" type="stmt"/>
        <line num="25" count="11" type="stmt"/>
        <line num="26" count="11" type="stmt"/>
        <line num="27" count="11" type="stmt"/>
        <line num="32" count="33" type="stmt"/>
        <line num="33" count="2" type="cond" truecount="1" falsecount="1"/>
        <line num="34" count="2" type="stmt"/>
        <line num="38" count="33" type="stmt"/>
        <line num="39" count="1" type="cond" truecount="1" falsecount="1"/>
        <line num="40" count="1" type="stmt"/>
        <line num="41" count="1" type="cond" truecount="1" falsecount="1"/>
        <line num="44" count="33" type="stmt"/>
        <line num="45" count="11" type="stmt"/>
        <line num="46" count="91" type="cond" truecount="1" falsecount="1"/>
        <line num="48" count="11" type="stmt"/>
        <line num="52" count="33" type="stmt"/>
        <line num="53" count="28" type="cond" truecount="4" falsecount="0"/>
        <line num="54" count="2" type="stmt"/>
        <line num="62" count="33" type="stmt"/>
        <line num="63" count="33" type="stmt"/>
        <line num="65" count="33" type="stmt"/>
      </file>
      <file name="ResetPassword.tsx" path="C:\Users\abhishek.kurne\OneDrive - Pace Wisdom Solutions Pvt Ltd\Desktop\inspiregenius-fe\src\pages\auth\ResetPassword.tsx">
        <metrics statements="22" coveredstatements="22" conditionals="8" coveredconditionals="7" methods="4" coveredmethods="4"/>
        <line num="1" count="1" type="stmt"/>
        <line num="2" count="1" type="stmt"/>
        <line num="3" count="1" type="stmt"/>
        <line num="4" count="1" type="stmt"/>
        <line num="5" count="1" type="stmt"/>
        <line num="6" count="1" type="stmt"/>
        <line num="7" count="1" type="stmt"/>
        <line num="8" count="1" type="stmt"/>
        <line num="15" count="1" type="stmt"/>
        <line num="16" count="21" type="stmt"/>
        <line num="17" count="21" type="stmt"/>
        <line num="18" count="21" type="stmt"/>
        <line num="19" count="21" type="stmt"/>
        <line num="32" count="21" type="stmt"/>
        <line num="34" count="21" type="stmt"/>
        <line num="36" count="21" type="stmt"/>
        <line num="37" count="3" type="cond" truecount="2" falsecount="0"/>
        <line num="38" count="3" type="cond" truecount="2" falsecount="0"/>
        <line num="39" count="2" type="stmt"/>
        <line num="45" count="1" type="stmt"/>
        <line num="49" count="21" type="stmt"/>
        <line num="67" count="4" type="cond" truecount="2" falsecount="0"/>
      </file>
      <file name="SignUp.tsx" path="C:\Users\abhishek.kurne\OneDrive - Pace Wisdom Solutions Pvt Ltd\Desktop\inspiregenius-fe\src\pages\auth\SignUp.tsx">
        <metrics statements="53" coveredstatements="49" conditionals="44" coveredconditionals="36" methods="15" coveredmethods="11"/>
        <line num="1" count="1" type="stmt"/>
        <line num="2" count="1" type="stmt"/>
        <line num="3" count="1" type="stmt"/>
        <line num="4" count="1" type="stmt"/>
        <line num="5" count="1" type="stmt"/>
        <line num="6" count="1" type="stmt"/>
        <line num="7" count="1" type="stmt"/>
        <line num="8" count="1" type="stmt"/>
        <line num="9" count="1" type="stmt"/>
        <line num="10" count="1" type="stmt"/>
        <line num="11" count="1" type="stmt"/>
        <line num="13" count="1" type="stmt"/>
        <line num="14" count="29" type="stmt"/>
        <line num="15" count="29" type="stmt"/>
        <line num="16" count="29" type="stmt"/>
        <line num="17" count="29" type="stmt"/>
        <line num="18" count="8" type="stmt"/>
        <line num="19" count="8" type="stmt"/>
        <line num="21" count="0" type="stmt"/>
        <line num="25" count="29" type="stmt"/>
        <line num="30" count="29" type="stmt"/>
        <line num="31" count="8" type="cond" truecount="2" falsecount="0"/>
        <line num="33" count="1" type="stmt"/>
        <line num="34" count="1" type="stmt"/>
        <line num="35" count="1" type="cond" truecount="2" falsecount="0"/>
        <line num="37" count="0" type="stmt"/>
        <line num="39" count="1" type="cond" truecount="1" falsecount="1"/>
        <line num="42" count="29" type="cond" truecount="1" falsecount="1"/>
        <line num="43" count="29" type="cond" truecount="1" falsecount="1"/>
        <line num="44" count="29" type="cond" truecount="1" falsecount="1"/>
        <line num="45" count="29" type="stmt"/>
        <line num="46" count="29" type="cond" truecount="1" falsecount="1"/>
        <line num="47" count="29" type="stmt"/>
        <line num="53" count="29" type="stmt"/>
        <line num="54" count="12" type="stmt"/>
        <line num="55" count="12" type="cond" truecount="2" falsecount="0"/>
        <line num="56" count="12" type="cond" truecount="2" falsecount="0"/>
        <line num="57" count="12" type="cond" truecount="2" falsecount="0"/>
        <line num="58" count="12" type="cond" truecount="2" falsecount="0"/>
        <line num="59" count="12" type="stmt"/>
        <line num="63" count="29" type="stmt"/>
        <line num="64" count="1" type="stmt"/>
        <line num="65" count="1" type="cond" truecount="1" falsecount="1"/>
        <line num="66" count="1" type="cond" truecount="1" falsecount="1"/>
        <line num="67" count="1" type="stmt"/>
        <line num="69" count="29" type="stmt"/>
        <line num="80" count="3" type="stmt"/>
        <line num="82" count="1" type="stmt"/>
        <line num="83" count="4" type="stmt"/>
        <line num="90" count="3" type="stmt"/>
        <line num="98" count="2" type="stmt"/>
        <line num="110" count="0" type="stmt"/>
        <line num="111" count="0" type="stmt"/>
      </file>
      <file name="SocialLogin.tsx" path="C:\Users\abhishek.kurne\OneDrive - Pace Wisdom Solutions Pvt Ltd\Desktop\inspiregenius-fe\src\pages\auth\SocialLogin.tsx">
        <metrics statements="5" coveredstatements="5" conditionals="8" coveredconditionals="8" methods="1" coveredmethods="1"/>
        <line num="1" count="1" type="stmt"/>
        <line num="2" count="1" type="stmt"/>
        <line num="4" count="1" type="stmt"/>
        <line num="5" count="3" type="stmt"/>
        <line num="7" count="3" type="stmt"/>
      </file>
    </package>
    <package name="services.auth">
      <metrics statements="11" coveredstatements="11" conditionals="0" coveredconditionals="0" methods="3" coveredmethods="3"/>
      <file name="invitation.service.ts" path="C:\Users\abhishek.kurne\OneDrive - Pace Wisdom Solutions Pvt Ltd\Desktop\inspiregenius-fe\src\services\auth\invitation.service.ts">
        <metrics statements="4" coveredstatements="4" conditionals="0" coveredconditionals="0" methods="1" coveredmethods="1"/>
        <line num="1" count="1" type="stmt"/>
        <line num="11" count="1" type="stmt"/>
        <line num="12" count="2" type="stmt"/>
        <line num="13" count="1" type="stmt"/>
      </file>
      <file name="password.service.ts" path="C:\Users\abhishek.kurne\OneDrive - Pace Wisdom Solutions Pvt Ltd\Desktop\inspiregenius-fe\src\services\auth\password.service.ts">
        <metrics statements="7" coveredstatements="7" conditionals="0" coveredconditionals="0" methods="2" coveredmethods="2"/>
        <line num="1" count="2" type="stmt"/>
        <line num="11" count="2" type="stmt"/>
        <line num="12" count="3" type="stmt"/>
        <line num="13" count="2" type="stmt"/>
        <line num="29" count="2" type="stmt"/>
        <line num="30" count="3" type="stmt"/>
        <line num="31" count="2" type="stmt"/>
      </file>
    </package>
  </project>
</coverage>
