{"C:\\Users\\abhishek.kurne\\OneDrive - Pace Wisdom Solutions Pvt Ltd\\Desktop\\inspiregenius-fe\\src\\components\\auth\\AuthFields.tsx": {"path":"C:\\Users\\abhishek.kurne\\OneDrive - Pace Wisdom Solutions Pvt Ltd\\Desktop\\inspiregenius-fe\\src\\components\\auth\\AuthFields.tsx","statementMap":{"0":{"start":{"line":12,"column":0},"end":{"line":12,"column":16}},"1":{"start":{"line":36,"column":0},"end":{"line":36,"column":16}},"2":{"start":{"line":60,"column":0},"end":{"line":60,"column":16}},"3":{"start":{"line":84,"column":0},"end":{"line":84,"column":16}},"4":{"start":{"line":116,"column":0},"end":{"line":116,"column":16}},"5":{"start":{"line":1,"column":0},"end":{"line":1,"column":33}},"6":{"start":{"line":2,"column":0},"end":{"line":2,"column":46}},"7":{"start":{"line":3,"column":0},"end":{"line":3,"column":55}},"8":{"start":{"line":4,"column":0},"end":{"line":4,"column":48}},"9":{"start":{"line":5,"column":0},"end":{"line":5,"column":73}},"10":{"start":{"line":7,"column":0},"end":{"line":7,"column":61}},"11":{"start":{"line":8,"column":0},"end":{"line":8,"column":31}},"12":{"start":{"line":9,"column":0},"end":{"line":9,"column":39}},"13":{"start":{"line":20,"column":2},"end":{"line":33,"column":4}},"14":{"start":{"line":29,"column":25},"end":{"line":29,"column":56}},"15":{"start":{"line":44,"column":2},"end":{"line":57,"column":4}},"16":{"start":{"line":53,"column":25},"end":{"line":53,"column":56}},"17":{"start":{"line":68,"column":2},"end":{"line":81,"column":4}},"18":{"start":{"line":77,"column":25},"end":{"line":77,"column":56}},"19":{"start":{"line":92,"column":26},"end":{"line":92,"column":41}},"20":{"start":{"line":93,"column":2},"end":{"line":108,"column":4}},"21":{"start":{"line":102,"column":25},"end":{"line":102,"column":56}},"22":{"start":{"line":105,"column":32},"end":{"line":105,"column":50}},"23":{"start":{"line":105,"column":47},"end":{"line":105,"column":49}},"24":{"start":{"line":117,"column":46},"end":{"line":117,"column":75}},"25":{"start":{"line":118,"column":22},"end":{"line":118,"column":53}},"26":{"start":{"line":120,"column":25},"end":{"line":149,"column":3}},"27":{"start":{"line":121,"column":4},"end":{"line":121,"column":32}},"28":{"start":{"line":122,"column":4},"end":{"line":126,"column":5}},"29":{"start":{"line":123,"column":6},"end":{"line":123,"column":56}},"30":{"start":{"line":125,"column":6},"end":{"line":125,"column":34}},"31":{"start":{"line":125,"column":31},"end":{"line":125,"column":32}},"32":{"start":{"line":127,"column":4},"end":{"line":127,"column":32}},"33":{"start":{"line":128,"column":4},"end":{"line":148,"column":6}},"34":{"start":{"line":132,"column":22},"end":{"line":132,"column":42}},"35":{"start":{"line":133,"column":10},"end":{"line":137,"column":11}},"36":{"start":{"line":134,"column":12},"end":{"line":134,"column":39}},"37":{"start":{"line":136,"column":12},"end":{"line":136,"column":50}},"38":{"start":{"line":140,"column":22},"end":{"line":140,"column":100}},"39":{"start":{"line":141,"column":10},"end":{"line":141,"column":27}},"40":{"start":{"line":144,"column":10},"end":{"line":144,"column":34}},"41":{"start":{"line":145,"column":10},"end":{"line":145,"column":28}},"42":{"start":{"line":151,"column":2},"end":{"line":182,"column":4}},"43":{"start":{"line":166,"column":25},"end":{"line":166,"column":49}}},"fnMap":{"0":{"name":"FirstNameField","decl":{"start":{"line":12,"column":16},"end":{"line":12,"column":30}},"loc":{"start":{"line":19,"column":22},"end":{"line":34,"column":1}}},"1":{"name":"(anonymous_1)","decl":{"start":{"line":29,"column":18},"end":{"line":29,"column":19}},"loc":{"start":{"line":29,"column":25},"end":{"line":29,"column":56}}},"2":{"name":"LastNameField","decl":{"start":{"line":36,"column":16},"end":{"line":36,"column":29}},"loc":{"start":{"line":43,"column":21},"end":{"line":58,"column":1}}},"3":{"name":"(anonymous_3)","decl":{"start":{"line":53,"column":18},"end":{"line":53,"column":19}},"loc":{"start":{"line":53,"column":25},"end":{"line":53,"column":56}}},"4":{"name":"EmailField","decl":{"start":{"line":60,"column":16},"end":{"line":60,"column":26}},"loc":{"start":{"line":67,"column":18},"end":{"line":82,"column":1}}},"5":{"name":"(anonymous_5)","decl":{"start":{"line":77,"column":18},"end":{"line":77,"column":19}},"loc":{"start":{"line":77,"column":25},"end":{"line":77,"column":56}}},"6":{"name":"PasswordField","decl":{"start":{"line":84,"column":16},"end":{"line":84,"column":29}},"loc":{"start":{"line":91,"column":21},"end":{"line":109,"column":1}}},"7":{"name":"(anonymous_7)","decl":{"start":{"line":102,"column":18},"end":{"line":102,"column":19}},"loc":{"start":{"line":102,"column":25},"end":{"line":102,"column":56}}},"8":{"name":"(anonymous_8)","decl":{"start":{"line":105,"column":26},"end":{"line":105,"column":29}},"loc":{"start":{"line":105,"column":32},"end":{"line":105,"column":50}}},"9":{"name":"(anonymous_9)","decl":{"start":{"line":105,"column":40},"end":{"line":105,"column":41}},"loc":{"start":{"line":105,"column":47},"end":{"line":105,"column":49}}},"10":{"name":"SocialAuthSection","decl":{"start":{"line":116,"column":16},"end":{"line":116,"column":33}},"loc":{"start":{"line":116,"column":97},"end":{"line":183,"column":1}}},"11":{"name":"(anonymous_11)","decl":{"start":{"line":120,"column":25},"end":{"line":120,"column":26}},"loc":{"start":{"line":120,"column":46},"end":{"line":149,"column":3}}},"12":{"name":"(anonymous_12)","decl":{"start":{"line":125,"column":24},"end":{"line":125,"column":25}},"loc":{"start":{"line":125,"column":31},"end":{"line":125,"column":32}}},"13":{"name":"(anonymous_13)","decl":{"start":{"line":131,"column":19},"end":{"line":131,"column":20}},"loc":{"start":{"line":131,"column":27},"end":{"line":138,"column":9}}},"14":{"name":"(anonymous_14)","decl":{"start":{"line":139,"column":17},"end":{"line":139,"column":18}},"loc":{"start":{"line":139,"column":50},"end":{"line":142,"column":9}}},"15":{"name":"(anonymous_15)","decl":{"start":{"line":143,"column":19},"end":{"line":143,"column":22}},"loc":{"start":{"line":143,"column":24},"end":{"line":146,"column":9}}},"16":{"name":"(anonymous_16)","decl":{"start":{"line":166,"column":19},"end":{"line":166,"column":22}},"loc":{"start":{"line":166,"column":25},"end":{"line":166,"column":49}}}},"branchMap":{"0":{"loc":{"start":{"line":13,"column":2},"end":{"line":13,"column":18}},"type":"default-arg","locations":[{"start":{"line":13,"column":7},"end":{"line":13,"column":18}}]},"1":{"loc":{"start":{"line":14,"column":2},"end":{"line":14,"column":22}},"type":"default-arg","locations":[{"start":{"line":14,"column":10},"end":{"line":14,"column":22}}]},"2":{"loc":{"start":{"line":15,"column":2},"end":{"line":15,"column":39}},"type":"default-arg","locations":[{"start":{"line":15,"column":16},"end":{"line":15,"column":39}}]},"3":{"loc":{"start":{"line":16,"column":2},"end":{"line":16,"column":17}},"type":"default-arg","locations":[{"start":{"line":16,"column":13},"end":{"line":16,"column":17}}]},"4":{"loc":{"start":{"line":37,"column":2},"end":{"line":37,"column":17}},"type":"default-arg","locations":[{"start":{"line":37,"column":7},"end":{"line":37,"column":17}}]},"5":{"loc":{"start":{"line":38,"column":2},"end":{"line":38,"column":21}},"type":"default-arg","locations":[{"start":{"line":38,"column":10},"end":{"line":38,"column":21}}]},"6":{"loc":{"start":{"line":39,"column":2},"end":{"line":39,"column":38}},"type":"default-arg","locations":[{"start":{"line":39,"column":16},"end":{"line":39,"column":38}}]},"7":{"loc":{"start":{"line":40,"column":2},"end":{"line":40,"column":17}},"type":"default-arg","locations":[{"start":{"line":40,"column":13},"end":{"line":40,"column":17}}]},"8":{"loc":{"start":{"line":61,"column":2},"end":{"line":61,"column":14}},"type":"default-arg","locations":[{"start":{"line":61,"column":7},"end":{"line":61,"column":14}}]},"9":{"loc":{"start":{"line":62,"column":2},"end":{"line":62,"column":25}},"type":"default-arg","locations":[{"start":{"line":62,"column":10},"end":{"line":62,"column":25}}]},"10":{"loc":{"start":{"line":63,"column":2},"end":{"line":63,"column":33}},"type":"default-arg","locations":[{"start":{"line":63,"column":16},"end":{"line":63,"column":33}}]},"11":{"loc":{"start":{"line":64,"column":2},"end":{"line":64,"column":17}},"type":"default-arg","locations":[{"start":{"line":64,"column":13},"end":{"line":64,"column":17}}]},"12":{"loc":{"start":{"line":85,"column":2},"end":{"line":85,"column":17}},"type":"default-arg","locations":[{"start":{"line":85,"column":7},"end":{"line":85,"column":17}}]},"13":{"loc":{"start":{"line":86,"column":2},"end":{"line":86,"column":26}},"type":"default-arg","locations":[{"start":{"line":86,"column":10},"end":{"line":86,"column":26}}]},"14":{"loc":{"start":{"line":87,"column":2},"end":{"line":87,"column":26}},"type":"default-arg","locations":[{"start":{"line":87,"column":16},"end":{"line":87,"column":26}}]},"15":{"loc":{"start":{"line":88,"column":2},"end":{"line":88,"column":17}},"type":"default-arg","locations":[{"start":{"line":88,"column":13},"end":{"line":88,"column":17}}]},"16":{"loc":{"start":{"line":98,"column":14},"end":{"line":98,"column":40}},"type":"cond-expr","locations":[{"start":{"line":98,"column":21},"end":{"line":98,"column":27}},{"start":{"line":98,"column":30},"end":{"line":98,"column":40}}]},"17":{"loc":{"start":{"line":104,"column":19},"end":{"line":104,"column":70}},"type":"cond-expr","locations":[{"start":{"line":104,"column":26},"end":{"line":104,"column":48}},{"start":{"line":104,"column":51},"end":{"line":104,"column":70}}]},"18":{"loc":{"start":{"line":116,"column":34},"end":{"line":116,"column":97}},"type":"default-arg","locations":[{"start":{"line":116,"column":95},"end":{"line":116,"column":97}}]},"19":{"loc":{"start":{"line":133,"column":10},"end":{"line":137,"column":11}},"type":"if","locations":[{"start":{"line":133,"column":10},"end":{"line":137,"column":11}},{"start":{"line":135,"column":17},"end":{"line":137,"column":11}}]},"20":{"loc":{"start":{"line":140,"column":22},"end":{"line":140,"column":100}},"type":"binary-expr","locations":[{"start":{"line":140,"column":22},"end":{"line":140,"column":50}},{"start":{"line":140,"column":54},"end":{"line":140,"column":66}},{"start":{"line":140,"column":70},"end":{"line":140,"column":100}}]},"21":{"loc":{"start":{"line":165,"column":20},"end":{"line":165,"column":72}},"type":"binary-expr","locations":[{"start":{"line":165,"column":20},"end":{"line":165,"column":41}},{"start":{"line":165,"column":45},"end":{"line":165,"column":72}}]},"22":{"loc":{"start":{"line":168,"column":11},"end":{"line":171,"column":null}},"type":"cond-expr","locations":[{"start":{"line":169,"column":12},"end":{"line":169,"column":56}},{"start":{"line":171,"column":12},"end":{"line":171,"column":83}}]},"23":{"loc":{"start":{"line":168,"column":11},"end":{"line":168,"column":63}},"type":"binary-expr","locations":[{"start":{"line":168,"column":11},"end":{"line":168,"column":32}},{"start":{"line":168,"column":36},"end":{"line":168,"column":63}}]}},"s":{"0":1,"1":1,"2":1,"3":1,"4":1,"5":1,"6":1,"7":1,"8":1,"9":1,"10":1,"11":1,"12":1,"13":1,"14":0,"15":1,"16":1,"17":1,"18":0,"19":2,"20":2,"21":0,"22":1,"23":1,"24":5,"25":5,"26":5,"27":2,"28":2,"29":2,"30":0,"31":0,"32":2,"33":2,"34":0,"35":0,"36":0,"37":0,"38":0,"39":0,"40":0,"41":0,"42":5,"43":2},"f":{"0":1,"1":0,"2":1,"3":1,"4":1,"5":0,"6":2,"7":0,"8":1,"9":1,"10":5,"11":2,"12":0,"13":0,"14":0,"15":0,"16":2},"b":{"0":[1],"1":[1],"2":[1],"3":[1],"4":[1],"5":[1],"6":[1],"7":[1],"8":[1],"9":[1],"10":[1],"11":[1],"12":[2],"13":[2],"14":[2],"15":[2],"16":[1,1],"17":[1,1],"18":[0],"19":[0,0],"20":[0,0,0],"21":[5,0],"22":[0,5],"23":[5,0]}}
,"C:\\Users\\abhishek.kurne\\OneDrive - Pace Wisdom Solutions Pvt Ltd\\Desktop\\inspiregenius-fe\\src\\components\\auth\\AuthHeader.tsx": {"path":"C:\\Users\\abhishek.kurne\\OneDrive - Pace Wisdom Solutions Pvt Ltd\\Desktop\\inspiregenius-fe\\src\\components\\auth\\AuthHeader.tsx","statementMap":{"0":{"start":{"line":3,"column":0},"end":{"line":3,"column":24}},"1":{"start":{"line":4,"column":2},"end":{"line":11,"column":4}}},"fnMap":{"0":{"name":"AuthHeader","decl":{"start":{"line":3,"column":24},"end":{"line":3,"column":34}},"loc":{"start":{"line":3,"column":71},"end":{"line":12,"column":1}}}},"branchMap":{"0":{"loc":{"start":{"line":7,"column":7},"end":{"line":9,"column":14}},"type":"cond-expr","locations":[{"start":{"line":8,"column":8},"end":{"line":8,"column":89}},{"start":{"line":9,"column":10},"end":{"line":9,"column":14}}]}},"s":{"0":1,"1":12},"f":{"0":12},"b":{"0":[5,7]}}
,"C:\\Users\\abhishek.kurne\\OneDrive - Pace Wisdom Solutions Pvt Ltd\\Desktop\\inspiregenius-fe\\src\\components\\auth\\AuthLayout.tsx": {"path":"C:\\Users\\abhishek.kurne\\OneDrive - Pace Wisdom Solutions Pvt Ltd\\Desktop\\inspiregenius-fe\\src\\components\\auth\\AuthLayout.tsx","statementMap":{"0":{"start":{"line":9,"column":0},"end":{"line":9,"column":24}},"1":{"start":{"line":1,"column":0},"end":{"line":1,"column":38}},"2":{"start":{"line":15,"column":2},"end":{"line":43,"column":4}}},"fnMap":{"0":{"name":"AuthLayout","decl":{"start":{"line":9,"column":24},"end":{"line":9,"column":34}},"loc":{"start":{"line":14,"column":18},"end":{"line":44,"column":1}}}},"branchMap":{"0":{"loc":{"start":{"line":10,"column":2},"end":{"line":10,"column":43}},"type":"default-arg","locations":[{"start":{"line":10,"column":17},"end":{"line":10,"column":43}}]},"1":{"loc":{"start":{"line":11,"column":2},"end":{"line":11,"column":51}},"type":"default-arg","locations":[{"start":{"line":11,"column":17},"end":{"line":11,"column":51}}]},"2":{"loc":{"start":{"line":12,"column":2},"end":{"line":12,"column":92}},"type":"default-arg","locations":[{"start":{"line":12,"column":13},"end":{"line":12,"column":92}}]}},"s":{"0":1,"1":1,"2":25},"f":{"0":25},"b":{"0":[20],"1":[21],"2":[21]}}
,"C:\\Users\\abhishek.kurne\\OneDrive - Pace Wisdom Solutions Pvt Ltd\\Desktop\\inspiregenius-fe\\src\\components\\ui\\button-variants.ts": {"path":"C:\\Users\\abhishek.kurne\\OneDrive - Pace Wisdom Solutions Pvt Ltd\\Desktop\\inspiregenius-fe\\src\\components\\ui\\button-variants.ts","statementMap":{"0":{"start":{"line":1,"column":0},"end":{"line":1,"column":47}},"1":{"start":{"line":4,"column":23},"end":{"line":32,"column":null}},"2":{"start":{"line":35,"column":9},"end":{"line":35,"column":23}}},"fnMap":{},"branchMap":{},"s":{"0":5,"1":5,"2":5},"f":{},"b":{}}
,"C:\\Users\\abhishek.kurne\\OneDrive - Pace Wisdom Solutions Pvt Ltd\\Desktop\\inspiregenius-fe\\src\\components\\ui\\button.tsx": {"path":"C:\\Users\\abhishek.kurne\\OneDrive - Pace Wisdom Solutions Pvt Ltd\\Desktop\\inspiregenius-fe\\src\\components\\ui\\button.tsx","statementMap":{"0":{"start":{"line":29,"column":9},"end":{"line":29,"column":15}},"1":{"start":{"line":2,"column":0},"end":{"line":2,"column":43}},"2":{"start":{"line":5,"column":0},"end":{"line":5,"column":32}},"3":{"start":{"line":6,"column":0},"end":{"line":6,"column":64}},"4":{"start":{"line":18,"column":15},"end":{"line":18,"column":40}},"5":{"start":{"line":20,"column":2},"end":{"line":26,"column":null}}},"fnMap":{"0":{"name":"Button","decl":{"start":{"line":8,"column":9},"end":{"line":8,"column":15}},"loc":{"start":{"line":17,"column":3},"end":{"line":27,"column":1}}}},"branchMap":{"0":{"loc":{"start":{"line":12,"column":2},"end":{"line":12,"column":17}},"type":"default-arg","locations":[{"start":{"line":12,"column":12},"end":{"line":12,"column":17}}]},"1":{"loc":{"start":{"line":18,"column":15},"end":{"line":18,"column":40}},"type":"cond-expr","locations":[{"start":{"line":18,"column":25},"end":{"line":18,"column":29}},{"start":{"line":18,"column":32},"end":{"line":18,"column":40}}]}},"s":{"0":5,"1":5,"2":5,"3":5,"4":215,"5":215},"f":{"0":215},"b":{"0":[215],"1":[0,215]}}
,"C:\\Users\\abhishek.kurne\\OneDrive - Pace Wisdom Solutions Pvt Ltd\\Desktop\\inspiregenius-fe\\src\\components\\ui\\icon-input.tsx": {"path":"C:\\Users\\abhishek.kurne\\OneDrive - Pace Wisdom Solutions Pvt Ltd\\Desktop\\inspiregenius-fe\\src\\components\\ui\\icon-input.tsx","statementMap":{"0":{"start":{"line":10,"column":0},"end":{"line":10,"column":16}},"1":{"start":{"line":2,"column":0},"end":{"line":2,"column":32}},"2":{"start":{"line":18,"column":18},"end":{"line":18,"column":35}},"3":{"start":{"line":19,"column":19},"end":{"line":19,"column":37}},"4":{"start":{"line":20,"column":2},"end":{"line":50,"column":null}},"5":{"start":{"line":53,"column":0},"end":{"line":53,"column":null}}},"fnMap":{"0":{"name":"IconInput","decl":{"start":{"line":10,"column":16},"end":{"line":10,"column":25}},"loc":{"start":{"line":17,"column":17},"end":{"line":51,"column":1}}}},"branchMap":{"0":{"loc":{"start":{"line":22,"column":7},"end":{"line":26,"column":14}},"type":"cond-expr","locations":[{"start":{"line":23,"column":8},"end":{"line":24,"column":null}},{"start":{"line":26,"column":10},"end":{"line":26,"column":14}}]},"1":{"loc":{"start":{"line":33,"column":10},"end":{"line":33,"column":36}},"type":"cond-expr","locations":[{"start":{"line":33,"column":20},"end":{"line":33,"column":27}},{"start":{"line":33,"column":30},"end":{"line":33,"column":36}}]},"2":{"loc":{"start":{"line":34,"column":10},"end":{"line":34,"column":37}},"type":"cond-expr","locations":[{"start":{"line":34,"column":21},"end":{"line":34,"column":28}},{"start":{"line":34,"column":31},"end":{"line":34,"column":37}}]},"3":{"loc":{"start":{"line":39,"column":7},"end":{"line":48,"column":14}},"type":"cond-expr","locations":[{"start":{"line":40,"column":8},"end":{"line":46,"column":null}},{"start":{"line":48,"column":10},"end":{"line":48,"column":14}}]}},"s":{"0":2,"1":2,"2":28,"3":28,"4":28,"5":2},"f":{"0":28},"b":{"0":[28,0],"1":[28,0],"2":[2,26],"3":[2,26]}}
,"C:\\Users\\abhishek.kurne\\OneDrive - Pace Wisdom Solutions Pvt Ltd\\Desktop\\inspiregenius-fe\\src\\components\\ui\\label.tsx": {"path":"C:\\Users\\abhishek.kurne\\OneDrive - Pace Wisdom Solutions Pvt Ltd\\Desktop\\inspiregenius-fe\\src\\components\\ui\\label.tsx","statementMap":{"0":{"start":{"line":22,"column":9},"end":{"line":22,"column":14}},"1":{"start":{"line":2,"column":0},"end":{"line":2,"column":55}},"2":{"start":{"line":4,"column":0},"end":{"line":4,"column":32}},"3":{"start":{"line":10,"column":2},"end":{"line":19,"column":null}}},"fnMap":{"0":{"name":"Label","decl":{"start":{"line":6,"column":9},"end":{"line":6,"column":14}},"loc":{"start":{"line":9,"column":51},"end":{"line":20,"column":1}}}},"branchMap":{},"s":{"0":2,"1":2,"2":2,"3":28},"f":{"0":28},"b":{}}
,"C:\\Users\\abhishek.kurne\\OneDrive - Pace Wisdom Solutions Pvt Ltd\\Desktop\\inspiregenius-fe\\src\\constants\\routes.ts": {"path":"C:\\Users\\abhishek.kurne\\OneDrive - Pace Wisdom Solutions Pvt Ltd\\Desktop\\inspiregenius-fe\\src\\constants\\routes.ts","statementMap":{"0":{"start":{"line":1,"column":13},"end":{"line":32,"column":11}},"1":{"start":{"line":34,"column":13},"end":{"line":39,"column":11}},"2":{"start":{"line":41,"column":13},"end":{"line":44,"column":11}},"3":{"start":{"line":46,"column":13},"end":{"line":48,"column":11}},"4":{"start":{"line":50,"column":13},"end":{"line":61,"column":11}}},"fnMap":{},"branchMap":{},"s":{"0":3,"1":3,"2":3,"3":3,"4":3},"f":{},"b":{}}
,"C:\\Users\\abhishek.kurne\\OneDrive - Pace Wisdom Solutions Pvt Ltd\\Desktop\\inspiregenius-fe\\src\\hooks\\auth\\useAcceptInvitation.ts": {"path":"C:\\Users\\abhishek.kurne\\OneDrive - Pace Wisdom Solutions Pvt Ltd\\Desktop\\inspiregenius-fe\\src\\hooks\\auth\\useAcceptInvitation.ts","statementMap":{"0":{"start":{"line":6,"column":0},"end":{"line":6,"column":16}},"1":{"start":{"line":1,"column":0},"end":{"line":1,"column":76}},"2":{"start":{"line":3,"column":0},"end":{"line":3,"column":130}},"3":{"start":{"line":4,"column":0},"end":{"line":4,"column":30}},"4":{"start":{"line":9,"column":2},"end":{"line":24,"column":null}},"5":{"start":{"line":10,"column":29},"end":{"line":10,"column":54}},"6":{"start":{"line":12,"column":17},"end":{"line":12,"column":66}},"7":{"start":{"line":13,"column":18},"end":{"line":13,"column":95}},"8":{"start":{"line":14,"column":6},"end":{"line":15,"column":null}},"9":{"start":{"line":14,"column":14},"end":{"line":14,"column":null}},"10":{"start":{"line":15,"column":11},"end":{"line":15,"column":null}},"11":{"start":{"line":16,"column":6},"end":{"line":16,"column":null}},"12":{"start":{"line":16,"column":36},"end":{"line":16,"column":null}},"13":{"start":{"line":19,"column":19},"end":{"line":19,"column":136}},"14":{"start":{"line":20,"column":6},"end":{"line":20,"column":null}},"15":{"start":{"line":21,"column":6},"end":{"line":21,"column":null}},"16":{"start":{"line":21,"column":28},"end":{"line":21,"column":null}}},"fnMap":{"0":{"name":"useAcceptInvitation","decl":{"start":{"line":6,"column":16},"end":{"line":6,"column":35}},"loc":{"start":{"line":7,"column":93},"end":{"line":25,"column":1}}},"1":{"name":"(anonymous_1)","decl":{"start":{"line":10,"column":16},"end":{"line":10,"column":17}},"loc":{"start":{"line":10,"column":29},"end":{"line":10,"column":54}}},"2":{"name":"(anonymous_2)","decl":{"start":{"line":11,"column":15},"end":{"line":11,"column":16}},"loc":{"start":{"line":11,"column":40},"end":{"line":17,"column":5}}},"3":{"name":"(anonymous_3)","decl":{"start":{"line":18,"column":13},"end":{"line":18,"column":14}},"loc":{"start":{"line":18,"column":39},"end":{"line":22,"column":5}}}},"branchMap":{"0":{"loc":{"start":{"line":12,"column":26},"end":{"line":12,"column":55}},"type":"binary-expr","locations":[{"start":{"line":12,"column":26},"end":{"line":12,"column":38}},{"start":{"line":12,"column":42},"end":{"line":12,"column":55}}]},"1":{"loc":{"start":{"line":13,"column":18},"end":{"line":13,"column":95}},"type":"binary-expr","locations":[{"start":{"line":13,"column":18},"end":{"line":13,"column":31}},{"start":{"line":13,"column":36},"end":{"line":13,"column":94}}]},"2":{"loc":{"start":{"line":13,"column":36},"end":{"line":13,"column":94}},"type":"cond-expr","locations":[{"start":{"line":13,"column":41},"end":{"line":13,"column":62}},{"start":{"line":13,"column":65},"end":{"line":13,"column":94}}]},"3":{"loc":{"start":{"line":14,"column":6},"end":{"line":15,"column":null}},"type":"if","locations":[{"start":{"line":14,"column":6},"end":{"line":15,"column":null}},{"start":{"line":15,"column":11},"end":{"line":15,"column":null}}]},"4":{"loc":{"start":{"line":16,"column":6},"end":{"line":16,"column":null}},"type":"if","locations":[{"start":{"line":16,"column":6},"end":{"line":16,"column":null}},{"start":{},"end":{}}]},"5":{"loc":{"start":{"line":16,"column":10},"end":{"line":16,"column":34}},"type":"binary-expr","locations":[{"start":{"line":16,"column":10},"end":{"line":16,"column":12}},{"start":{"line":16,"column":16},"end":{"line":16,"column":34}}]},"6":{"loc":{"start":{"line":19,"column":19},"end":{"line":19,"column":136}},"type":"binary-expr","locations":[{"start":{"line":19,"column":19},"end":{"line":19,"column":86}},{"start":{"line":19,"column":90},"end":{"line":19,"column":103}},{"start":{"line":19,"column":107},"end":{"line":19,"column":136}}]},"7":{"loc":{"start":{"line":21,"column":6},"end":{"line":21,"column":null}},"type":"if","locations":[{"start":{"line":21,"column":6},"end":{"line":21,"column":null}},{"start":{},"end":{}}]}},"s":{"0":1,"1":1,"2":1,"3":1,"4":26,"5":13,"6":6,"7":6,"8":6,"9":4,"10":2,"11":6,"12":0,"13":3,"14":3,"15":3,"16":0},"f":{"0":26,"1":13,"2":6,"3":3},"b":{"0":[6,1],"1":[6,2],"2":[1,1],"3":[4,2],"4":[0,6],"5":[6,4],"6":[3,2,1],"7":[0,3]}}
,"C:\\Users\\abhishek.kurne\\OneDrive - Pace Wisdom Solutions Pvt Ltd\\Desktop\\inspiregenius-fe\\src\\hooks\\auth\\useLogin.ts": {"path":"C:\\Users\\abhishek.kurne\\OneDrive - Pace Wisdom Solutions Pvt Ltd\\Desktop\\inspiregenius-fe\\src\\hooks\\auth\\useLogin.ts","statementMap":{"0":{"start":{"line":9,"column":0},"end":{"line":9,"column":16}},"1":{"start":{"line":1,"column":0},"end":{"line":1,"column":76}},"2":{"start":{"line":3,"column":0},"end":{"line":3,"column":50}},"3":{"start":{"line":10,"column":2},"end":{"line":16,"column":null}},"4":{"start":{"line":12,"column":18},"end":{"line":12,"column":74}},"5":{"start":{"line":13,"column":6},"end":{"line":13,"column":null}}},"fnMap":{"0":{"name":"useAuthLoginMutation","decl":{"start":{"line":9,"column":16},"end":{"line":9,"column":36}},"loc":{"start":{"line":9,"column":102},"end":{"line":17,"column":1}}},"1":{"name":"(anonymous_1)","decl":{"start":{"line":11,"column":16},"end":{"line":11,"column":21}},"loc":{"start":{"line":11,"column":46},"end":{"line":14,"column":5}}}},"branchMap":{},"s":{"0":1,"1":1,"2":1,"3":16,"4":7,"5":5},"f":{"0":16,"1":7},"b":{}}
,"C:\\Users\\abhishek.kurne\\OneDrive - Pace Wisdom Solutions Pvt Ltd\\Desktop\\inspiregenius-fe\\src\\hooks\\auth\\useMeWithTokenQuery.ts": {"path":"C:\\Users\\abhishek.kurne\\OneDrive - Pace Wisdom Solutions Pvt Ltd\\Desktop\\inspiregenius-fe\\src\\hooks\\auth\\useMeWithTokenQuery.ts","statementMap":{"0":{"start":{"line":5,"column":0},"end":{"line":5,"column":16}},"1":{"start":{"line":1,"column":0},"end":{"line":1,"column":48}},"2":{"start":{"line":2,"column":0},"end":{"line":2,"column":56}},"3":{"start":{"line":6,"column":18},"end":{"line":6,"column":61}},"4":{"start":{"line":7,"column":2},"end":{"line":16,"column":null}},"5":{"start":{"line":11,"column":18},"end":{"line":11,"column":55}},"6":{"start":{"line":12,"column":6},"end":{"line":12,"column":null}}},"fnMap":{"0":{"name":"useMeWithTokenQuery","decl":{"start":{"line":5,"column":16},"end":{"line":5,"column":35}},"loc":{"start":{"line":5,"column":95},"end":{"line":17,"column":1}}},"1":{"name":"(anonymous_1)","decl":{"start":{"line":10,"column":13},"end":{"line":10,"column":18}},"loc":{"start":{"line":10,"column":24},"end":{"line":13,"column":5}}}},"branchMap":{"0":{"loc":{"start":{"line":6,"column":18},"end":{"line":6,"column":61}},"type":"binary-expr","locations":[{"start":{"line":6,"column":18},"end":{"line":6,"column":32}},{"start":{"line":6,"column":37},"end":{"line":6,"column":52}},{"start":{"line":6,"column":56},"end":{"line":6,"column":60}}]}},"s":{"0":1,"1":1,"2":1,"3":9,"4":9,"5":4,"6":2},"f":{"0":9,"1":4},"b":{"0":[9,7,4]}}
,"C:\\Users\\abhishek.kurne\\OneDrive - Pace Wisdom Solutions Pvt Ltd\\Desktop\\inspiregenius-fe\\src\\hooks\\auth\\useRequestPasswordReset.ts": {"path":"C:\\Users\\abhishek.kurne\\OneDrive - Pace Wisdom Solutions Pvt Ltd\\Desktop\\inspiregenius-fe\\src\\hooks\\auth\\useRequestPasswordReset.ts","statementMap":{"0":{"start":{"line":6,"column":0},"end":{"line":6,"column":16}},"1":{"start":{"line":1,"column":0},"end":{"line":1,"column":76}},"2":{"start":{"line":3,"column":0},"end":{"line":3,"column":140}},"3":{"start":{"line":4,"column":0},"end":{"line":4,"column":30}},"4":{"start":{"line":9,"column":2},"end":{"line":24,"column":null}},"5":{"start":{"line":10,"column":29},"end":{"line":10,"column":58}},"6":{"start":{"line":12,"column":17},"end":{"line":12,"column":66}},"7":{"start":{"line":13,"column":18},"end":{"line":13,"column":102}},"8":{"start":{"line":14,"column":6},"end":{"line":15,"column":null}},"9":{"start":{"line":14,"column":14},"end":{"line":14,"column":null}},"10":{"start":{"line":15,"column":11},"end":{"line":15,"column":null}},"11":{"start":{"line":16,"column":6},"end":{"line":16,"column":null}},"12":{"start":{"line":16,"column":30},"end":{"line":16,"column":null}},"13":{"start":{"line":19,"column":19},"end":{"line":19,"column":123}},"14":{"start":{"line":20,"column":6},"end":{"line":20,"column":null}},"15":{"start":{"line":21,"column":6},"end":{"line":21,"column":null}},"16":{"start":{"line":21,"column":28},"end":{"line":21,"column":null}}},"fnMap":{"0":{"name":"useRequestPasswordReset","decl":{"start":{"line":6,"column":16},"end":{"line":6,"column":39}},"loc":{"start":{"line":7,"column":101},"end":{"line":25,"column":1}}},"1":{"name":"(anonymous_1)","decl":{"start":{"line":10,"column":16},"end":{"line":10,"column":17}},"loc":{"start":{"line":10,"column":29},"end":{"line":10,"column":58}}},"2":{"name":"(anonymous_2)","decl":{"start":{"line":11,"column":15},"end":{"line":11,"column":16}},"loc":{"start":{"line":11,"column":40},"end":{"line":17,"column":5}}},"3":{"name":"(anonymous_3)","decl":{"start":{"line":18,"column":13},"end":{"line":18,"column":14}},"loc":{"start":{"line":18,"column":39},"end":{"line":22,"column":5}}}},"branchMap":{"0":{"loc":{"start":{"line":12,"column":26},"end":{"line":12,"column":55}},"type":"binary-expr","locations":[{"start":{"line":12,"column":26},"end":{"line":12,"column":38}},{"start":{"line":12,"column":42},"end":{"line":12,"column":55}}]},"1":{"loc":{"start":{"line":13,"column":18},"end":{"line":13,"column":102}},"type":"binary-expr","locations":[{"start":{"line":13,"column":18},"end":{"line":13,"column":31}},{"start":{"line":13,"column":36},"end":{"line":13,"column":101}}]},"2":{"loc":{"start":{"line":13,"column":36},"end":{"line":13,"column":101}},"type":"cond-expr","locations":[{"start":{"line":13,"column":41},"end":{"line":13,"column":67}},{"start":{"line":13,"column":70},"end":{"line":13,"column":101}}]},"3":{"loc":{"start":{"line":14,"column":6},"end":{"line":15,"column":null}},"type":"if","locations":[{"start":{"line":14,"column":6},"end":{"line":15,"column":null}},{"start":{"line":15,"column":11},"end":{"line":15,"column":null}}]},"4":{"loc":{"start":{"line":16,"column":6},"end":{"line":16,"column":null}},"type":"if","locations":[{"start":{"line":16,"column":6},"end":{"line":16,"column":null}},{"start":{},"end":{}}]},"5":{"loc":{"start":{"line":19,"column":19},"end":{"line":19,"column":123}},"type":"binary-expr","locations":[{"start":{"line":19,"column":19},"end":{"line":19,"column":86}},{"start":{"line":19,"column":90},"end":{"line":19,"column":103}},{"start":{"line":19,"column":107},"end":{"line":19,"column":123}}]},"6":{"loc":{"start":{"line":21,"column":6},"end":{"line":21,"column":null}},"type":"if","locations":[{"start":{"line":21,"column":6},"end":{"line":21,"column":null}},{"start":{},"end":{}}]}},"s":{"0":2,"1":2,"2":2,"3":2,"4":13,"5":7,"6":3,"7":3,"8":3,"9":2,"10":1,"11":3,"12":0,"13":2,"14":2,"15":2,"16":0},"f":{"0":13,"1":7,"2":3,"3":2},"b":{"0":[3,1],"1":[3,0],"2":[0,0],"3":[2,1],"4":[0,3],"5":[2,1,0],"6":[0,2]}}
,"C:\\Users\\abhishek.kurne\\OneDrive - Pace Wisdom Solutions Pvt Ltd\\Desktop\\inspiregenius-fe\\src\\hooks\\auth\\useResendOtp.ts": {"path":"C:\\Users\\abhishek.kurne\\OneDrive - Pace Wisdom Solutions Pvt Ltd\\Desktop\\inspiregenius-fe\\src\\hooks\\auth\\useResendOtp.ts","statementMap":{"0":{"start":{"line":7,"column":0},"end":{"line":7,"column":16}},"1":{"start":{"line":1,"column":0},"end":{"line":1,"column":76}},"2":{"start":{"line":4,"column":0},"end":{"line":4,"column":40}},"3":{"start":{"line":5,"column":0},"end":{"line":5,"column":63}},"4":{"start":{"line":8,"column":2},"end":{"line":15,"column":null}},"5":{"start":{"line":10,"column":20},"end":{"line":10,"column":36}},"6":{"start":{"line":11,"column":18},"end":{"line":11,"column":62}},"7":{"start":{"line":12,"column":6},"end":{"line":12,"column":null}}},"fnMap":{"0":{"name":"useResendOtpMutation","decl":{"start":{"line":7,"column":16},"end":{"line":7,"column":36}},"loc":{"start":{"line":7,"column":96},"end":{"line":16,"column":1}}},"1":{"name":"(anonymous_1)","decl":{"start":{"line":9,"column":16},"end":{"line":9,"column":21}},"loc":{"start":{"line":9,"column":27},"end":{"line":13,"column":5}}}},"branchMap":{},"s":{"0":1,"1":1,"2":1,"3":1,"4":8,"5":4,"6":4,"7":2},"f":{"0":8,"1":4},"b":{}}
,"C:\\Users\\abhishek.kurne\\OneDrive - Pace Wisdom Solutions Pvt Ltd\\Desktop\\inspiregenius-fe\\src\\hooks\\auth\\useResetPassword.ts": {"path":"C:\\Users\\abhishek.kurne\\OneDrive - Pace Wisdom Solutions Pvt Ltd\\Desktop\\inspiregenius-fe\\src\\hooks\\auth\\useResetPassword.ts","statementMap":{"0":{"start":{"line":6,"column":0},"end":{"line":6,"column":16}},"1":{"start":{"line":1,"column":0},"end":{"line":1,"column":76}},"2":{"start":{"line":3,"column":0},"end":{"line":3,"column":119}},"3":{"start":{"line":4,"column":0},"end":{"line":4,"column":30}},"4":{"start":{"line":9,"column":2},"end":{"line":24,"column":null}},"5":{"start":{"line":10,"column":29},"end":{"line":10,"column":51}},"6":{"start":{"line":12,"column":17},"end":{"line":12,"column":66}},"7":{"start":{"line":13,"column":18},"end":{"line":13,"column":95}},"8":{"start":{"line":14,"column":6},"end":{"line":15,"column":null}},"9":{"start":{"line":14,"column":14},"end":{"line":14,"column":null}},"10":{"start":{"line":15,"column":11},"end":{"line":15,"column":null}},"11":{"start":{"line":16,"column":6},"end":{"line":16,"column":null}},"12":{"start":{"line":16,"column":30},"end":{"line":16,"column":null}},"13":{"start":{"line":19,"column":19},"end":{"line":19,"column":121}},"14":{"start":{"line":20,"column":6},"end":{"line":20,"column":null}},"15":{"start":{"line":21,"column":6},"end":{"line":21,"column":null}},"16":{"start":{"line":21,"column":28},"end":{"line":21,"column":null}}},"fnMap":{"0":{"name":"useResetPassword","decl":{"start":{"line":6,"column":16},"end":{"line":6,"column":32}},"loc":{"start":{"line":7,"column":87},"end":{"line":25,"column":1}}},"1":{"name":"(anonymous_1)","decl":{"start":{"line":10,"column":16},"end":{"line":10,"column":17}},"loc":{"start":{"line":10,"column":29},"end":{"line":10,"column":51}}},"2":{"name":"(anonymous_2)","decl":{"start":{"line":11,"column":15},"end":{"line":11,"column":16}},"loc":{"start":{"line":11,"column":40},"end":{"line":17,"column":5}}},"3":{"name":"(anonymous_3)","decl":{"start":{"line":18,"column":13},"end":{"line":18,"column":14}},"loc":{"start":{"line":18,"column":39},"end":{"line":22,"column":5}}}},"branchMap":{"0":{"loc":{"start":{"line":12,"column":26},"end":{"line":12,"column":55}},"type":"binary-expr","locations":[{"start":{"line":12,"column":26},"end":{"line":12,"column":38}},{"start":{"line":12,"column":42},"end":{"line":12,"column":55}}]},"1":{"loc":{"start":{"line":13,"column":18},"end":{"line":13,"column":95}},"type":"binary-expr","locations":[{"start":{"line":13,"column":18},"end":{"line":13,"column":31}},{"start":{"line":13,"column":36},"end":{"line":13,"column":94}}]},"2":{"loc":{"start":{"line":13,"column":36},"end":{"line":13,"column":94}},"type":"cond-expr","locations":[{"start":{"line":13,"column":41},"end":{"line":13,"column":68}},{"start":{"line":13,"column":71},"end":{"line":13,"column":94}}]},"3":{"loc":{"start":{"line":14,"column":6},"end":{"line":15,"column":null}},"type":"if","locations":[{"start":{"line":14,"column":6},"end":{"line":15,"column":null}},{"start":{"line":15,"column":11},"end":{"line":15,"column":null}}]},"4":{"loc":{"start":{"line":16,"column":6},"end":{"line":16,"column":null}},"type":"if","locations":[{"start":{"line":16,"column":6},"end":{"line":16,"column":null}},{"start":{},"end":{}}]},"5":{"loc":{"start":{"line":19,"column":19},"end":{"line":19,"column":121}},"type":"binary-expr","locations":[{"start":{"line":19,"column":19},"end":{"line":19,"column":86}},{"start":{"line":19,"column":90},"end":{"line":19,"column":103}},{"start":{"line":19,"column":107},"end":{"line":19,"column":121}}]},"6":{"loc":{"start":{"line":21,"column":6},"end":{"line":21,"column":null}},"type":"if","locations":[{"start":{"line":21,"column":6},"end":{"line":21,"column":null}},{"start":{},"end":{}}]}},"s":{"0":1,"1":1,"2":1,"3":1,"4":14,"5":7,"6":4,"7":4,"8":4,"9":2,"10":2,"11":4,"12":0,"13":3,"14":3,"15":3,"16":0},"f":{"0":14,"1":7,"2":4,"3":3},"b":{"0":[4,0],"1":[4,2],"2":[1,1],"3":[2,2],"4":[0,4],"5":[3,2,1],"6":[0,3]}}
,"C:\\Users\\abhishek.kurne\\OneDrive - Pace Wisdom Solutions Pvt Ltd\\Desktop\\inspiregenius-fe\\src\\hooks\\auth\\useSignup.ts": {"path":"C:\\Users\\abhishek.kurne\\OneDrive - Pace Wisdom Solutions Pvt Ltd\\Desktop\\inspiregenius-fe\\src\\hooks\\auth\\useSignup.ts","statementMap":{"0":{"start":{"line":9,"column":0},"end":{"line":9,"column":16}},"1":{"start":{"line":1,"column":0},"end":{"line":1,"column":76}},"2":{"start":{"line":3,"column":0},"end":{"line":3,"column":51}},"3":{"start":{"line":10,"column":2},"end":{"line":16,"column":null}},"4":{"start":{"line":12,"column":18},"end":{"line":12,"column":89}},"5":{"start":{"line":13,"column":6},"end":{"line":13,"column":null}}},"fnMap":{"0":{"name":"useAuthSignupMutation","decl":{"start":{"line":9,"column":16},"end":{"line":9,"column":37}},"loc":{"start":{"line":9,"column":104},"end":{"line":17,"column":1}}},"1":{"name":"(anonymous_1)","decl":{"start":{"line":11,"column":16},"end":{"line":11,"column":21}},"loc":{"start":{"line":11,"column":63},"end":{"line":14,"column":5}}}},"branchMap":{},"s":{"0":1,"1":1,"2":1,"3":8,"4":4,"5":2},"f":{"0":8,"1":4},"b":{}}
,"C:\\Users\\abhishek.kurne\\OneDrive - Pace Wisdom Solutions Pvt Ltd\\Desktop\\inspiregenius-fe\\src\\hooks\\auth\\useSocialAuthLoginUrl.ts": {"path":"C:\\Users\\abhishek.kurne\\OneDrive - Pace Wisdom Solutions Pvt Ltd\\Desktop\\inspiregenius-fe\\src\\hooks\\auth\\useSocialAuthLoginUrl.ts","statementMap":{"0":{"start":{"line":9,"column":0},"end":{"line":9,"column":16}},"1":{"start":{"line":1,"column":0},"end":{"line":1,"column":77}},"2":{"start":{"line":3,"column":0},"end":{"line":3,"column":64}},"3":{"start":{"line":12,"column":2},"end":{"line":18,"column":5}},"4":{"start":{"line":14,"column":18},"end":{"line":14,"column":55}},"5":{"start":{"line":15,"column":6},"end":{"line":15,"column":43}}},"fnMap":{"0":{"name":"useSocialAuthLoginUrlMutation","decl":{"start":{"line":9,"column":16},"end":{"line":9,"column":45}},"loc":{"start":{"line":10,"column":85},"end":{"line":19,"column":1}}},"1":{"name":"(anonymous_1)","decl":{"start":{"line":13,"column":16},"end":{"line":13,"column":21}},"loc":{"start":{"line":13,"column":39},"end":{"line":16,"column":5}}}},"branchMap":{},"s":{"0":1,"1":1,"2":1,"3":8,"4":4,"5":2},"f":{"0":8,"1":4},"b":{}}
,"C:\\Users\\abhishek.kurne\\OneDrive - Pace Wisdom Solutions Pvt Ltd\\Desktop\\inspiregenius-fe\\src\\hooks\\auth\\useSocialLogin.ts": {"path":"C:\\Users\\abhishek.kurne\\OneDrive - Pace Wisdom Solutions Pvt Ltd\\Desktop\\inspiregenius-fe\\src\\hooks\\auth\\useSocialLogin.ts","statementMap":{"0":{"start":{"line":13,"column":0},"end":{"line":13,"column":16}},"1":{"start":{"line":1,"column":0},"end":{"line":1,"column":51}},"2":{"start":{"line":2,"column":0},"end":{"line":2,"column":60}},"3":{"start":{"line":3,"column":0},"end":{"line":3,"column":31}},"4":{"start":{"line":5,"column":0},"end":{"line":5,"column":71}},"5":{"start":{"line":6,"column":0},"end":{"line":6,"column":44}},"6":{"start":{"line":14,"column":19},"end":{"line":14,"column":32}},"7":{"start":{"line":15,"column":38},"end":{"line":15,"column":47}},"8":{"start":{"line":16,"column":21},"end":{"line":16,"column":34}},"9":{"start":{"line":17,"column":24},"end":{"line":17,"column":37}},"10":{"start":{"line":19,"column":17},"end":{"line":19,"column":69}},"11":{"start":{"line":19,"column":31},"end":{"line":19,"column":58}},"12":{"start":{"line":20,"column":21},"end":{"line":20,"column":40}},"13":{"start":{"line":21,"column":16},"end":{"line":21,"column":42}},"14":{"start":{"line":22,"column":23},"end":{"line":22,"column":50}},"15":{"start":{"line":25,"column":18},"end":{"line":25,"column":50}},"16":{"start":{"line":28,"column":45},"end":{"line":35,"column":80}},"17":{"start":{"line":29,"column":4},"end":{"line":29,"column":35}},"18":{"start":{"line":29,"column":20},"end":{"line":29,"column":35}},"19":{"start":{"line":30,"column":4},"end":{"line":30,"column":31}},"20":{"start":{"line":30,"column":16},"end":{"line":30,"column":31}},"21":{"start":{"line":31,"column":4},"end":{"line":31,"column":47}},"22":{"start":{"line":31,"column":27},"end":{"line":31,"column":47}},"23":{"start":{"line":32,"column":4},"end":{"line":32,"column":40}},"24":{"start":{"line":32,"column":25},"end":{"line":32,"column":40}},"25":{"start":{"line":33,"column":4},"end":{"line":33,"column":41}},"26":{"start":{"line":33,"column":27},"end":{"line":33,"column":41}},"27":{"start":{"line":34,"column":4},"end":{"line":34,"column":18}},"28":{"start":{"line":38,"column":2},"end":{"line":44,"column":59}},"29":{"start":{"line":39,"column":4},"end":{"line":39,"column":35}},"30":{"start":{"line":39,"column":28},"end":{"line":39,"column":35}},"31":{"start":{"line":41,"column":6},"end":{"line":41,"column":170}},"32":{"start":{"line":42,"column":4},"end":{"line":42,"column":21}},"33":{"start":{"line":43,"column":4},"end":{"line":43,"column":42}},"34":{"start":{"line":47,"column":2},"end":{"line":96,"column":60}},"35":{"start":{"line":48,"column":4},"end":{"line":48,"column":38}},"36":{"start":{"line":48,"column":31},"end":{"line":48,"column":38}},"37":{"start":{"line":49,"column":4},"end":{"line":49,"column":34}},"38":{"start":{"line":49,"column":27},"end":{"line":49,"column":34}},"39":{"start":{"line":50,"column":16},"end":{"line":50,"column":40}},"40":{"start":{"line":62,"column":38},"end":{"line":78,"column":6}},"41":{"start":{"line":80,"column":4},"end":{"line":95,"column":9}},"42":{"start":{"line":81,"column":6},"end":{"line":94,"column":7}},"43":{"start":{"line":82,"column":8},"end":{"line":85,"column":11}},"44":{"start":{"line":86,"column":8},"end":{"line":86,"column":51}},"45":{"start":{"line":88,"column":21},"end":{"line":88,"column":73}},"46":{"start":{"line":89,"column":8},"end":{"line":89,"column":25}},"47":{"start":{"line":90,"column":8},"end":{"line":90,"column":46}},"48":{"start":{"line":91,"column":8},"end":{"line":91,"column":15}},"49":{"start":{"line":93,"column":8},"end":{"line":93,"column":37}},"50":{"start":{"line":98,"column":2},"end":{"line":98,"column":20}}},"fnMap":{"0":{"name":"useSocialLogin","decl":{"start":{"line":13,"column":16},"end":{"line":13,"column":30}},"loc":{"start":{"line":13,"column":30},"end":{"line":99,"column":1}}},"1":{"name":"(anonymous_1)","decl":{"start":{"line":19,"column":25},"end":{"line":19,"column":28}},"loc":{"start":{"line":19,"column":31},"end":{"line":19,"column":58}}},"2":{"name":"(anonymous_2)","decl":{"start":{"line":28,"column":53},"end":{"line":28,"column":56}},"loc":{"start":{"line":28,"column":58},"end":{"line":35,"column":3}}},"3":{"name":"(anonymous_3)","decl":{"start":{"line":38,"column":12},"end":{"line":38,"column":15}},"loc":{"start":{"line":38,"column":17},"end":{"line":44,"column":3}}},"4":{"name":"(anonymous_4)","decl":{"start":{"line":47,"column":12},"end":{"line":47,"column":15}},"loc":{"start":{"line":47,"column":17},"end":{"line":96,"column":3}}},"5":{"name":"(anonymous_5)","decl":{"start":{"line":80,"column":5},"end":{"line":80,"column":10}},"loc":{"start":{"line":80,"column":16},"end":{"line":95,"column":5}}}},"branchMap":{"0":{"loc":{"start":{"line":29,"column":4},"end":{"line":29,"column":35}},"type":"if","locations":[{"start":{"line":29,"column":4},"end":{"line":29,"column":35}},{"start":{},"end":{}}]},"1":{"loc":{"start":{"line":30,"column":4},"end":{"line":30,"column":31}},"type":"if","locations":[{"start":{"line":30,"column":4},"end":{"line":30,"column":31}},{"start":{},"end":{}}]},"2":{"loc":{"start":{"line":31,"column":4},"end":{"line":31,"column":47}},"type":"if","locations":[{"start":{"line":31,"column":4},"end":{"line":31,"column":47}},{"start":{},"end":{}}]},"3":{"loc":{"start":{"line":32,"column":4},"end":{"line":32,"column":40}},"type":"if","locations":[{"start":{"line":32,"column":4},"end":{"line":32,"column":40}},{"start":{},"end":{}}]},"4":{"loc":{"start":{"line":33,"column":4},"end":{"line":33,"column":41}},"type":"if","locations":[{"start":{"line":33,"column":4},"end":{"line":33,"column":41}},{"start":{},"end":{}}]},"5":{"loc":{"start":{"line":39,"column":4},"end":{"line":39,"column":35}},"type":"if","locations":[{"start":{"line":39,"column":4},"end":{"line":39,"column":35}},{"start":{},"end":{}}]},"6":{"loc":{"start":{"line":41,"column":6},"end":{"line":41,"column":170}},"type":"binary-expr","locations":[{"start":{"line":41,"column":6},"end":{"line":41,"column":16}},{"start":{"line":41,"column":21},"end":{"line":41,"column":169}}]},"7":{"loc":{"start":{"line":41,"column":21},"end":{"line":41,"column":169}},"type":"cond-expr","locations":[{"start":{"line":41,"column":30},"end":{"line":41,"column":97}},{"start":{"line":41,"column":101},"end":{"line":41,"column":169}}]},"8":{"loc":{"start":{"line":41,"column":101},"end":{"line":41,"column":169}},"type":"binary-expr","locations":[{"start":{"line":41,"column":101},"end":{"line":41,"column":144}},{"start":{"line":41,"column":148},"end":{"line":41,"column":169}}]},"9":{"loc":{"start":{"line":48,"column":4},"end":{"line":48,"column":38}},"type":"if","locations":[{"start":{"line":48,"column":4},"end":{"line":48,"column":38}},{"start":{},"end":{}}]},"10":{"loc":{"start":{"line":49,"column":4},"end":{"line":49,"column":34}},"type":"if","locations":[{"start":{"line":49,"column":4},"end":{"line":49,"column":34}},{"start":{},"end":{}}]},"11":{"loc":{"start":{"line":50,"column":16},"end":{"line":50,"column":40}},"type":"binary-expr","locations":[{"start":{"line":50,"column":16},"end":{"line":50,"column":34}},{"start":{"line":50,"column":38},"end":{"line":50,"column":40}}]},"12":{"loc":{"start":{"line":63,"column":20},"end":{"line":63,"column":33}},"type":"binary-expr","locations":[{"start":{"line":63,"column":20},"end":{"line":63,"column":25}},{"start":{"line":63,"column":29},"end":{"line":63,"column":33}}]},"13":{"loc":{"start":{"line":64,"column":21},"end":{"line":64,"column":41}},"type":"binary-expr","locations":[{"start":{"line":64,"column":21},"end":{"line":64,"column":33}},{"start":{"line":64,"column":37},"end":{"line":64,"column":41}}]},"14":{"loc":{"start":{"line":67,"column":15},"end":{"line":67,"column":33}},"type":"binary-expr","locations":[{"start":{"line":67,"column":15},"end":{"line":67,"column":25}},{"start":{"line":67,"column":29},"end":{"line":67,"column":33}}]},"15":{"loc":{"start":{"line":68,"column":17},"end":{"line":68,"column":37}},"type":"binary-expr","locations":[{"start":{"line":68,"column":17},"end":{"line":68,"column":29}},{"start":{"line":68,"column":33},"end":{"line":68,"column":37}}]},"16":{"loc":{"start":{"line":69,"column":13},"end":{"line":69,"column":29}},"type":"binary-expr","locations":[{"start":{"line":69,"column":13},"end":{"line":69,"column":21}},{"start":{"line":69,"column":25},"end":{"line":69,"column":29}}]},"17":{"loc":{"start":{"line":70,"column":12},"end":{"line":70,"column":27}},"type":"binary-expr","locations":[{"start":{"line":70,"column":12},"end":{"line":70,"column":19}},{"start":{"line":70,"column":23},"end":{"line":70,"column":27}}]},"18":{"loc":{"start":{"line":71,"column":19},"end":{"line":71,"column":41}},"type":"binary-expr","locations":[{"start":{"line":71,"column":19},"end":{"line":71,"column":33}},{"start":{"line":71,"column":37},"end":{"line":71,"column":41}}]},"19":{"loc":{"start":{"line":72,"column":21},"end":{"line":72,"column":83}},"type":"binary-expr","locations":[{"start":{"line":72,"column":21},"end":{"line":72,"column":75}},{"start":{"line":72,"column":79},"end":{"line":72,"column":83}}]},"20":{"loc":{"start":{"line":73,"column":24},"end":{"line":73,"column":68}},"type":"binary-expr","locations":[{"start":{"line":73,"column":24},"end":{"line":73,"column":60}},{"start":{"line":73,"column":64},"end":{"line":73,"column":68}}]},"21":{"loc":{"start":{"line":74,"column":20},"end":{"line":74,"column":60}},"type":"binary-expr","locations":[{"start":{"line":74,"column":20},"end":{"line":74,"column":52}},{"start":{"line":74,"column":56},"end":{"line":74,"column":60}}]},"22":{"loc":{"start":{"line":82,"column":47},"end":{"line":82,"column":61}},"type":"binary-expr","locations":[{"start":{"line":82,"column":47},"end":{"line":82,"column":55}},{"start":{"line":82,"column":59},"end":{"line":82,"column":61}}]},"23":{"loc":{"start":{"line":88,"column":21},"end":{"line":88,"column":73}},"type":"binary-expr","locations":[{"start":{"line":88,"column":21},"end":{"line":88,"column":43}},{"start":{"line":88,"column":47},"end":{"line":88,"column":73}}]}},"s":{"0":1,"1":1,"2":1,"3":1,"4":1,"5":1,"6":6,"7":6,"8":6,"9":6,"10":6,"11":6,"12":6,"13":6,"14":6,"15":6,"16":6,"17":6,"18":1,"19":5,"20":0,"21":5,"22":1,"23":4,"24":1,"25":3,"26":3,"27":0,"28":6,"29":6,"30":4,"31":2,"32":2,"33":2,"34":6,"35":6,"36":0,"37":6,"38":3,"39":3,"40":3,"41":3,"42":3,"43":3,"44":2,"45":1,"46":1,"47":1,"48":1,"49":3,"50":6},"f":{"0":6,"1":6,"2":6,"3":6,"4":6,"5":3},"b":{"0":[1,5],"1":[0,5],"2":[1,4],"3":[1,3],"4":[3,0],"5":[4,2],"6":[2,1],"7":[0,1],"8":[1,0],"9":[0,6],"10":[3,3],"11":[3,0],"12":[3,0],"13":[3,1],"14":[3,2],"15":[3,2],"16":[3,2],"17":[3,3],"18":[3,3],"19":[3,3],"20":[3,3],"21":[3,3],"22":[3,2],"23":[1,0]}}
,"C:\\Users\\abhishek.kurne\\OneDrive - Pace Wisdom Solutions Pvt Ltd\\Desktop\\inspiregenius-fe\\src\\hooks\\auth\\useVerifyOtp.ts": {"path":"C:\\Users\\abhishek.kurne\\OneDrive - Pace Wisdom Solutions Pvt Ltd\\Desktop\\inspiregenius-fe\\src\\hooks\\auth\\useVerifyOtp.ts","statementMap":{"0":{"start":{"line":13,"column":0},"end":{"line":13,"column":16}},"1":{"start":{"line":1,"column":0},"end":{"line":1,"column":76}},"2":{"start":{"line":4,"column":0},"end":{"line":4,"column":67}},"3":{"start":{"line":5,"column":0},"end":{"line":5,"column":78}},"4":{"start":{"line":6,"column":0},"end":{"line":6,"column":47}},"5":{"start":{"line":14,"column":2},"end":{"line":36,"column":null}},"6":{"start":{"line":16,"column":47},"end":{"line":21,"column":8}},"7":{"start":{"line":22,"column":6},"end":{"line":25,"column":7}},"8":{"start":{"line":23,"column":20},"end":{"line":23,"column":63}},"9":{"start":{"line":24,"column":8},"end":{"line":24,"column":null}},"10":{"start":{"line":26,"column":18},"end":{"line":32,"column":8}},"11":{"start":{"line":33,"column":6},"end":{"line":33,"column":null}}},"fnMap":{"0":{"name":"useAuthVerifyOtpMutation","decl":{"start":{"line":13,"column":16},"end":{"line":13,"column":40}},"loc":{"start":{"line":13,"column":110},"end":{"line":37,"column":1}}},"1":{"name":"(anonymous_1)","decl":{"start":{"line":15,"column":16},"end":{"line":15,"column":21}},"loc":{"start":{"line":15,"column":34},"end":{"line":34,"column":5}}}},"branchMap":{"0":{"loc":{"start":{"line":22,"column":6},"end":{"line":25,"column":7}},"type":"if","locations":[{"start":{"line":22,"column":6},"end":{"line":25,"column":7}},{"start":{},"end":{}}]},"1":{"loc":{"start":{"line":24,"column":100},"end":{"line":24,"column":125}},"type":"binary-expr","locations":[{"start":{"line":24,"column":100},"end":{"line":24,"column":119}},{"start":{"line":24,"column":123},"end":{"line":24,"column":125}}]},"2":{"loc":{"start":{"line":28,"column":19},"end":{"line":28,"column":44}},"type":"binary-expr","locations":[{"start":{"line":28,"column":19},"end":{"line":28,"column":38}},{"start":{"line":28,"column":42},"end":{"line":28,"column":44}}]},"3":{"loc":{"start":{"line":30,"column":17},"end":{"line":30,"column":37}},"type":"binary-expr","locations":[{"start":{"line":30,"column":17},"end":{"line":30,"column":24}},{"start":{"line":30,"column":28},"end":{"line":30,"column":37}}]}},"s":{"0":1,"1":1,"2":1,"3":1,"4":1,"5":8,"6":4,"7":4,"8":3,"9":2,"10":1,"11":1},"f":{"0":8,"1":4},"b":{"0":[3,1],"1":[2,0],"2":[1,0],"3":[1,0]}}
,"C:\\Users\\abhishek.kurne\\OneDrive - Pace Wisdom Solutions Pvt Ltd\\Desktop\\inspiregenius-fe\\src\\lib\\utils.ts": {"path":"C:\\Users\\abhishek.kurne\\OneDrive - Pace Wisdom Solutions Pvt Ltd\\Desktop\\inspiregenius-fe\\src\\lib\\utils.ts","statementMap":{"0":{"start":{"line":4,"column":0},"end":{"line":4,"column":16}},"1":{"start":{"line":1,"column":0},"end":{"line":1,"column":44}},"2":{"start":{"line":2,"column":0},"end":{"line":2,"column":40}},"3":{"start":{"line":5,"column":2},"end":{"line":5,"column":null}}},"fnMap":{"0":{"name":"cn","decl":{"start":{"line":4,"column":16},"end":{"line":4,"column":18}},"loc":{"start":{"line":4,"column":42},"end":{"line":6,"column":1}}}},"branchMap":{},"s":{"0":5,"1":5,"2":5,"3":271},"f":{"0":271},"b":{}}
,"C:\\Users\\abhishek.kurne\\OneDrive - Pace Wisdom Solutions Pvt Ltd\\Desktop\\inspiregenius-fe\\src\\pages\\auth\\AcceptInvitation.tsx": {"path":"C:\\Users\\abhishek.kurne\\OneDrive - Pace Wisdom Solutions Pvt Ltd\\Desktop\\inspiregenius-fe\\src\\pages\\auth\\AcceptInvitation.tsx","statementMap":{"0":{"start":{"line":17,"column":0},"end":{"line":17,"column":24}},"1":{"start":{"line":1,"column":0},"end":{"line":1,"column":53}},"2":{"start":{"line":2,"column":0},"end":{"line":2,"column":53}},"3":{"start":{"line":3,"column":0},"end":{"line":3,"column":47}},"4":{"start":{"line":4,"column":0},"end":{"line":4,"column":68}},"5":{"start":{"line":5,"column":0},"end":{"line":5,"column":41}},"6":{"start":{"line":6,"column":0},"end":{"line":6,"column":69}},"7":{"start":{"line":7,"column":0},"end":{"line":7,"column":43}},"8":{"start":{"line":8,"column":0},"end":{"line":8,"column":70}},"9":{"start":{"line":9,"column":0},"end":{"line":9,"column":30}},"10":{"start":{"line":10,"column":0},"end":{"line":10,"column":41}},"11":{"start":{"line":18,"column":19},"end":{"line":18,"column":32}},"12":{"start":{"line":19,"column":19},"end":{"line":19,"column":36}},"13":{"start":{"line":20,"column":19},"end":{"line":20,"column":40}},"14":{"start":{"line":22,"column":72},"end":{"line":25,"column":4}},"15":{"start":{"line":27,"column":38},"end":{"line":27,"column":53}},"16":{"start":{"line":28,"column":27},"end":{"line":28,"column":54}},"17":{"start":{"line":29,"column":23},"end":{"line":29,"column":54}},"18":{"start":{"line":31,"column":16},"end":{"line":36,"column":25}},"19":{"start":{"line":31,"column":31},"end":{"line":36,"column":4}},"20":{"start":{"line":38,"column":26},"end":{"line":45,"column":13}},"21":{"start":{"line":39,"column":26},"end":{"line":39,"column":28}},"22":{"start":{"line":40,"column":4},"end":{"line":40,"column":null}},"23":{"start":{"line":40,"column":25},"end":{"line":40,"column":null}},"24":{"start":{"line":41,"column":4},"end":{"line":41,"column":null}},"25":{"start":{"line":41,"column":25},"end":{"line":41,"column":null}},"26":{"start":{"line":42,"column":4},"end":{"line":42,"column":null}},"27":{"start":{"line":42,"column":26},"end":{"line":42,"column":null}},"28":{"start":{"line":43,"column":4},"end":{"line":43,"column":null}},"29":{"start":{"line":43,"column":27},"end":{"line":43,"column":null}},"30":{"start":{"line":44,"column":4},"end":{"line":44,"column":null}},"31":{"start":{"line":47,"column":19},"end":{"line":56,"column":3}},"32":{"start":{"line":48,"column":18},"end":{"line":48,"column":43}},"33":{"start":{"line":49,"column":4},"end":{"line":52,"column":5}},"34":{"start":{"line":50,"column":6},"end":{"line":50,"column":null}},"35":{"start":{"line":51,"column":6},"end":{"line":51,"column":12}},"36":{"start":{"line":53,"column":16},"end":{"line":53,"column":106}},"37":{"start":{"line":54,"column":15},"end":{"line":54,"column":62}},"38":{"start":{"line":55,"column":4},"end":{"line":55,"column":null}},"39":{"start":{"line":55,"column":12},"end":{"line":55,"column":null}},"40":{"start":{"line":58,"column":2},"end":{"line":94,"column":null}},"41":{"start":{"line":63,"column":28},"end":{"line":63,"column":47}},"42":{"start":{"line":63,"column":63},"end":{"line":63,"column":83}},"43":{"start":{"line":67,"column":29},"end":{"line":67,"column":133}},"44":{"start":{"line":78,"column":29},"end":{"line":78,"column":137}}},"fnMap":{"0":{"name":"AcceptInvitation","decl":{"start":{"line":17,"column":24},"end":{"line":17,"column":40}},"loc":{"start":{"line":17,"column":40},"end":{"line":95,"column":1}}},"1":{"name":"(anonymous_2)","decl":{"start":{"line":31,"column":24},"end":{"line":31,"column":27}},"loc":{"start":{"line":31,"column":31},"end":{"line":36,"column":4}}},"2":{"name":"(anonymous_3)","decl":{"start":{"line":38,"column":34},"end":{"line":38,"column":37}},"loc":{"start":{"line":38,"column":39},"end":{"line":45,"column":3}}},"3":{"name":"(anonymous_4)","decl":{"start":{"line":47,"column":19},"end":{"line":47,"column":24}},"loc":{"start":{"line":47,"column":48},"end":{"line":56,"column":3}}},"4":{"name":"(anonymous_5)","decl":{"start":{"line":63,"column":22},"end":{"line":63,"column":25}},"loc":{"start":{"line":63,"column":28},"end":{"line":63,"column":47}}},"5":{"name":"(anonymous_6)","decl":{"start":{"line":63,"column":57},"end":{"line":63,"column":60}},"loc":{"start":{"line":63,"column":63},"end":{"line":63,"column":83}}},"6":{"name":"(anonymous_7)","decl":{"start":{"line":67,"column":22},"end":{"line":67,"column":23}},"loc":{"start":{"line":67,"column":29},"end":{"line":67,"column":133}}},"7":{"name":"(anonymous_8)","decl":{"start":{"line":78,"column":22},"end":{"line":78,"column":23}},"loc":{"start":{"line":78,"column":29},"end":{"line":78,"column":137}}}},"branchMap":{"0":{"loc":{"start":{"line":28,"column":27},"end":{"line":28,"column":54}},"type":"binary-expr","locations":[{"start":{"line":28,"column":27},"end":{"line":28,"column":48}},{"start":{"line":28,"column":52},"end":{"line":28,"column":54}}]},"1":{"loc":{"start":{"line":29,"column":23},"end":{"line":29,"column":54}},"type":"binary-expr","locations":[{"start":{"line":29,"column":23},"end":{"line":29,"column":48}},{"start":{"line":29,"column":52},"end":{"line":29,"column":54}}]},"2":{"loc":{"start":{"line":40,"column":4},"end":{"line":40,"column":null}},"type":"if","locations":[{"start":{"line":40,"column":4},"end":{"line":40,"column":null}},{"start":{},"end":{}}]},"3":{"loc":{"start":{"line":41,"column":4},"end":{"line":41,"column":null}},"type":"if","locations":[{"start":{"line":41,"column":4},"end":{"line":41,"column":null}},{"start":{},"end":{}}]},"4":{"loc":{"start":{"line":42,"column":4},"end":{"line":42,"column":null}},"type":"if","locations":[{"start":{"line":42,"column":4},"end":{"line":42,"column":null}},{"start":{},"end":{}}]},"5":{"loc":{"start":{"line":43,"column":4},"end":{"line":43,"column":null}},"type":"if","locations":[{"start":{"line":43,"column":4},"end":{"line":43,"column":null}},{"start":{},"end":{}}]},"6":{"loc":{"start":{"line":48,"column":18},"end":{"line":48,"column":43}},"type":"binary-expr","locations":[{"start":{"line":48,"column":18},"end":{"line":48,"column":37}},{"start":{"line":48,"column":41},"end":{"line":48,"column":43}}]},"7":{"loc":{"start":{"line":49,"column":4},"end":{"line":52,"column":5}},"type":"if","locations":[{"start":{"line":49,"column":4},"end":{"line":52,"column":5}},{"start":{},"end":{}}]},"8":{"loc":{"start":{"line":54,"column":24},"end":{"line":54,"column":51}},"type":"binary-expr","locations":[{"start":{"line":54,"column":24},"end":{"line":54,"column":35}},{"start":{"line":54,"column":39},"end":{"line":54,"column":51}}]},"9":{"loc":{"start":{"line":55,"column":4},"end":{"line":55,"column":null}},"type":"if","locations":[{"start":{"line":55,"column":4},"end":{"line":55,"column":null}},{"start":{},"end":{}}]},"10":{"loc":{"start":{"line":69,"column":11},"end":{"line":70,"column":null}},"type":"binary-expr","locations":[{"start":{"line":69,"column":12},"end":{"line":69,"column":22}},{"start":{"line":69,"column":26},"end":{"line":69,"column":50}},{"start":{"line":69,"column":55},"end":{"line":69,"column":71}},{"start":{"line":69,"column":75},"end":{"line":69,"column":91}},{"start":{"line":70,"column":12},"end":{"line":70,"column":98}}]},"11":{"loc":{"start":{"line":80,"column":11},"end":{"line":81,"column":null}},"type":"binary-expr","locations":[{"start":{"line":80,"column":11},"end":{"line":80,"column":39}},{"start":{"line":80,"column":43},"end":{"line":80,"column":55}},{"start":{"line":80,"column":59},"end":{"line":80,"column":92}},{"start":{"line":81,"column":12},"end":{"line":81,"column":89}}]},"12":{"loc":{"start":{"line":85,"column":64},"end":{"line":85,"column":177}},"type":"binary-expr","locations":[{"start":{"line":85,"column":64},"end":{"line":85,"column":82}},{"start":{"line":85,"column":86},"end":{"line":85,"column":103}},{"start":{"line":85,"column":107},"end":{"line":85,"column":120}},{"start":{"line":85,"column":124},"end":{"line":85,"column":140}},{"start":{"line":85,"column":144},"end":{"line":85,"column":177}}]},"13":{"loc":{"start":{"line":86,"column":11},"end":{"line":86,"column":60}},"type":"cond-expr","locations":[{"start":{"line":86,"column":32},"end":{"line":86,"column":43}},{"start":{"line":86,"column":46},"end":{"line":86,"column":60}}]}},"s":{"0":1,"1":1,"2":1,"3":1,"4":1,"5":1,"6":1,"7":1,"8":1,"9":1,"10":1,"11":139,"12":139,"13":139,"14":139,"15":139,"16":139,"17":139,"18":139,"19":69,"20":139,"21":69,"22":69,"23":44,"24":69,"25":42,"26":69,"27":43,"28":69,"29":43,"30":69,"31":139,"32":5,"33":5,"34":1,"35":1,"36":4,"37":4,"38":4,"39":3,"40":139,"41":19,"42":1,"43":29,"44":10},"f":{"0":139,"1":69,"2":69,"3":5,"4":19,"5":1,"6":29,"7":10},"b":{"0":[139,0],"1":[139,0],"2":[44,25],"3":[42,27],"4":[43,26],"5":[43,26],"6":[5,1],"7":[1,4],"8":[4,1],"9":[3,1],"10":[139,120,57,56,16],"11":[139,11,11,3],"12":[139,135,56,10,10],"13":[4,135]}}
,"C:\\Users\\abhishek.kurne\\OneDrive - Pace Wisdom Solutions Pvt Ltd\\Desktop\\inspiregenius-fe\\src\\pages\\auth\\ForgotPassword.tsx": {"path":"C:\\Users\\abhishek.kurne\\OneDrive - Pace Wisdom Solutions Pvt Ltd\\Desktop\\inspiregenius-fe\\src\\pages\\auth\\ForgotPassword.tsx","statementMap":{"0":{"start":{"line":12,"column":0},"end":{"line":12,"column":24}},"1":{"start":{"line":1,"column":0},"end":{"line":1,"column":54}},"2":{"start":{"line":2,"column":0},"end":{"line":2,"column":54}},"3":{"start":{"line":3,"column":0},"end":{"line":3,"column":48}},"4":{"start":{"line":4,"column":0},"end":{"line":4,"column":46}},"5":{"start":{"line":5,"column":0},"end":{"line":5,"column":55}},"6":{"start":{"line":6,"column":0},"end":{"line":6,"column":33}},"7":{"start":{"line":7,"column":0},"end":{"line":7,"column":40}},"8":{"start":{"line":8,"column":0},"end":{"line":8,"column":53}},"9":{"start":{"line":9,"column":0},"end":{"line":9,"column":44}},"10":{"start":{"line":10,"column":0},"end":{"line":10,"column":79}},"11":{"start":{"line":13,"column":28},"end":{"line":13,"column":40}},"12":{"start":{"line":14,"column":19},"end":{"line":14,"column":32}},"13":{"start":{"line":15,"column":24},"end":{"line":15,"column":49}},"14":{"start":{"line":17,"column":23},"end":{"line":26,"column":3}},"15":{"start":{"line":18,"column":4},"end":{"line":18,"column":23}},"16":{"start":{"line":19,"column":4},"end":{"line":19,"column":23}},"17":{"start":{"line":19,"column":16},"end":{"line":19,"column":23}},"18":{"start":{"line":20,"column":4},"end":{"line":25,"column":6}},"19":{"start":{"line":23,"column":25},"end":{"line":23,"column":47}},"20":{"start":{"line":28,"column":2},"end":{"line":69,"column":4}},"21":{"start":{"line":48,"column":29},"end":{"line":48,"column":60}}},"fnMap":{"0":{"name":"ForgotPassword","decl":{"start":{"line":12,"column":24},"end":{"line":12,"column":38}},"loc":{"start":{"line":12,"column":38},"end":{"line":70,"column":1}}},"1":{"name":"(anonymous_2)","decl":{"start":{"line":17,"column":23},"end":{"line":17,"column":28}},"loc":{"start":{"line":17,"column":52},"end":{"line":26,"column":3}}},"2":{"name":"(anonymous_3)","decl":{"start":{"line":23,"column":19},"end":{"line":23,"column":22}},"loc":{"start":{"line":23,"column":25},"end":{"line":23,"column":47}}},"3":{"name":"(anonymous_4)","decl":{"start":{"line":48,"column":22},"end":{"line":48,"column":23}},"loc":{"start":{"line":48,"column":29},"end":{"line":48,"column":60}}}},"branchMap":{"0":{"loc":{"start":{"line":19,"column":4},"end":{"line":19,"column":23}},"type":"if","locations":[{"start":{"line":19,"column":4},"end":{"line":19,"column":23}},{"start":{},"end":{}}]},"1":{"loc":{"start":{"line":56,"column":20},"end":{"line":56,"column":53}},"type":"binary-expr","locations":[{"start":{"line":56,"column":20},"end":{"line":56,"column":43}},{"start":{"line":56,"column":47},"end":{"line":56,"column":53}}]},"2":{"loc":{"start":{"line":58,"column":11},"end":{"line":58,"column":63}},"type":"cond-expr","locations":[{"start":{"line":58,"column":37},"end":{"line":58,"column":49}},{"start":{"line":58,"column":52},"end":{"line":58,"column":63}}]}},"s":{"0":1,"1":1,"2":1,"3":1,"4":1,"5":1,"6":1,"7":1,"8":1,"9":1,"10":1,"11":23,"12":23,"13":23,"14":23,"15":7,"16":7,"17":1,"18":6,"19":1,"20":23,"21":9},"f":{"0":23,"1":7,"2":1,"3":9},"b":{"0":[1,6],"1":[23,21],"2":[2,21]}}
,"C:\\Users\\abhishek.kurne\\OneDrive - Pace Wisdom Solutions Pvt Ltd\\Desktop\\inspiregenius-fe\\src\\pages\\auth\\Login.tsx": {"path":"C:\\Users\\abhishek.kurne\\OneDrive - Pace Wisdom Solutions Pvt Ltd\\Desktop\\inspiregenius-fe\\src\\pages\\auth\\Login.tsx","statementMap":{"0":{"start":{"line":12,"column":0},"end":{"line":12,"column":24}},"1":{"start":{"line":1,"column":0},"end":{"line":1,"column":54}},"2":{"start":{"line":2,"column":0},"end":{"line":2,"column":54}},"3":{"start":{"line":3,"column":0},"end":{"line":3,"column":48}},"4":{"start":{"line":6,"column":0},"end":{"line":6,"column":53}},"5":{"start":{"line":7,"column":0},"end":{"line":7,"column":44}},"6":{"start":{"line":8,"column":0},"end":{"line":8,"column":44}},"7":{"start":{"line":9,"column":0},"end":{"line":9,"column":92}},"8":{"start":{"line":10,"column":0},"end":{"line":10,"column":82}},"9":{"start":{"line":13,"column":28},"end":{"line":13,"column":40}},"10":{"start":{"line":14,"column":34},"end":{"line":14,"column":46}},"11":{"start":{"line":15,"column":31},"end":{"line":15,"column":40}},"12":{"start":{"line":16,"column":19},"end":{"line":16,"column":32}},"13":{"start":{"line":17,"column":21},"end":{"line":17,"column":50}},"14":{"start":{"line":18,"column":46},"end":{"line":24,"column":4}},"15":{"start":{"line":19,"column":4},"end":{"line":23,"column":5}},"16":{"start":{"line":20,"column":6},"end":{"line":20,"column":62}},"17":{"start":{"line":22,"column":6},"end":{"line":22,"column":19}},"18":{"start":{"line":26,"column":2},"end":{"line":36,"column":null}},"19":{"start":{"line":27,"column":4},"end":{"line":27,"column":28}},"20":{"start":{"line":27,"column":21},"end":{"line":27,"column":28}},"21":{"start":{"line":29,"column":21},"end":{"line":29,"column":35}},"22":{"start":{"line":30,"column":4},"end":{"line":34,"column":5}},"23":{"start":{"line":31,"column":6},"end":{"line":31,"column":82}},"24":{"start":{"line":33,"column":6},"end":{"line":33,"column":34}},"25":{"start":{"line":33,"column":31},"end":{"line":33,"column":32}},"26":{"start":{"line":35,"column":4},"end":{"line":35,"column":61}},"27":{"start":{"line":35,"column":21},"end":{"line":35,"column":61}},"28":{"start":{"line":39,"column":23},"end":{"line":44,"column":3}},"29":{"start":{"line":40,"column":4},"end":{"line":40,"column":47}},"30":{"start":{"line":41,"column":4},"end":{"line":41,"column":23}},"31":{"start":{"line":43,"column":4},"end":{"line":43,"column":33}},"32":{"start":{"line":45,"column":2},"end":{"line":79,"column":4}},"33":{"start":{"line":71,"column":31},"end":{"line":71,"column":54}},"34":{"start":{"line":72,"column":29},"end":{"line":72,"column":53}}},"fnMap":{"0":{"name":"Login","decl":{"start":{"line":12,"column":24},"end":{"line":12,"column":29}},"loc":{"start":{"line":12,"column":29},"end":{"line":80,"column":1}}},"1":{"name":"(anonymous_2)","decl":{"start":{"line":18,"column":64},"end":{"line":18,"column":67}},"loc":{"start":{"line":18,"column":69},"end":{"line":24,"column":3}}},"2":{"name":"(anonymous_3)","decl":{"start":{"line":26,"column":12},"end":{"line":26,"column":15}},"loc":{"start":{"line":26,"column":17},"end":{"line":36,"column":3}}},"3":{"name":"(anonymous_4)","decl":{"start":{"line":33,"column":24},"end":{"line":33,"column":25}},"loc":{"start":{"line":33,"column":31},"end":{"line":33,"column":32}}},"4":{"name":"(anonymous_5)","decl":{"start":{"line":39,"column":23},"end":{"line":39,"column":28}},"loc":{"start":{"line":39,"column":52},"end":{"line":44,"column":3}}},"5":{"name":"(anonymous_6)","decl":{"start":{"line":71,"column":25},"end":{"line":71,"column":28}},"loc":{"start":{"line":71,"column":31},"end":{"line":71,"column":54}}},"6":{"name":"(anonymous_7)","decl":{"start":{"line":72,"column":23},"end":{"line":72,"column":26}},"loc":{"start":{"line":72,"column":29},"end":{"line":72,"column":53}}}},"branchMap":{"0":{"loc":{"start":{"line":27,"column":4},"end":{"line":27,"column":28}},"type":"if","locations":[{"start":{"line":27,"column":4},"end":{"line":27,"column":28}},{"start":{},"end":{}}]},"1":{"loc":{"start":{"line":31,"column":19},"end":{"line":31,"column":81}},"type":"binary-expr","locations":[{"start":{"line":31,"column":19},"end":{"line":31,"column":29}},{"start":{"line":31,"column":33},"end":{"line":31,"column":81}}]},"2":{"loc":{"start":{"line":35,"column":4},"end":{"line":35,"column":61}},"type":"if","locations":[{"start":{"line":35,"column":4},"end":{"line":35,"column":61}},{"start":{},"end":{}}]},"3":{"loc":{"start":{"line":66,"column":11},"end":{"line":66,"column":49}},"type":"cond-expr","locations":[{"start":{"line":66,"column":23},"end":{"line":66,"column":38}},{"start":{"line":66,"column":41},"end":{"line":66,"column":49}}]}},"s":{"0":1,"1":1,"2":1,"3":1,"4":1,"5":1,"6":1,"7":1,"8":1,"9":15,"10":15,"11":15,"12":15,"13":15,"14":15,"15":11,"16":11,"17":1,"18":15,"19":13,"20":10,"21":3,"22":3,"23":3,"24":1,"25":1,"26":3,"27":2,"28":15,"29":2,"30":2,"31":2,"32":15,"33":1,"34":1},"f":{"0":15,"1":11,"2":13,"3":1,"4":2,"5":1,"6":1},"b":{"0":[10,3],"1":[3,2],"2":[2,1],"3":[0,15]}}
,"C:\\Users\\abhishek.kurne\\OneDrive - Pace Wisdom Solutions Pvt Ltd\\Desktop\\inspiregenius-fe\\src\\pages\\auth\\OTP.tsx": {"path":"C:\\Users\\abhishek.kurne\\OneDrive - Pace Wisdom Solutions Pvt Ltd\\Desktop\\inspiregenius-fe\\src\\pages\\auth\\OTP.tsx","statementMap":{"0":{"start":{"line":12,"column":0},"end":{"line":12,"column":24}},"1":{"start":{"line":1,"column":0},"end":{"line":1,"column":44}},"2":{"start":{"line":2,"column":0},"end":{"line":2,"column":47}},"3":{"start":{"line":3,"column":0},"end":{"line":3,"column":54}},"4":{"start":{"line":4,"column":0},"end":{"line":4,"column":54}},"5":{"start":{"line":5,"column":0},"end":{"line":5,"column":48}},"6":{"start":{"line":6,"column":0},"end":{"line":6,"column":66}},"7":{"start":{"line":7,"column":0},"end":{"line":7,"column":44}},"8":{"start":{"line":8,"column":0},"end":{"line":8,"column":82}},"9":{"start":{"line":9,"column":0},"end":{"line":9,"column":44}},"10":{"start":{"line":13,"column":19},"end":{"line":13,"column":32}},"11":{"start":{"line":14,"column":28},"end":{"line":14,"column":40}},"12":{"start":{"line":15,"column":40},"end":{"line":15,"column":52}},"13":{"start":{"line":16,"column":46},"end":{"line":16,"column":55}},"14":{"start":{"line":17,"column":21},"end":{"line":17,"column":50}},"15":{"start":{"line":18,"column":36},"end":{"line":18,"column":51}},"16":{"start":{"line":20,"column":2},"end":{"line":22,"column":29}},"17":{"start":{"line":21,"column":4},"end":{"line":21,"column":60}},"18":{"start":{"line":21,"column":20},"end":{"line":21,"column":60}},"19":{"start":{"line":24,"column":2},"end":{"line":29,"column":9}},"20":{"start":{"line":25,"column":4},"end":{"line":28,"column":9}},"21":{"start":{"line":26,"column":19},"end":{"line":26,"column":38}},"22":{"start":{"line":27,"column":6},"end":{"line":27,"column":42}},"23":{"start":{"line":32,"column":23},"end":{"line":36,"column":3}},"24":{"start":{"line":33,"column":4},"end":{"line":33,"column":35}},"25":{"start":{"line":33,"column":28},"end":{"line":33,"column":35}},"26":{"start":{"line":34,"column":4},"end":{"line":34,"column":27}},"27":{"start":{"line":38,"column":23},"end":{"line":42,"column":3}},"28":{"start":{"line":39,"column":4},"end":{"line":39,"column":32}},"29":{"start":{"line":39,"column":25},"end":{"line":39,"column":32}},"30":{"start":{"line":40,"column":15},"end":{"line":40,"column":32}},"31":{"start":{"line":41,"column":4},"end":{"line":41,"column":31}},"32":{"start":{"line":41,"column":12},"end":{"line":41,"column":31}},"33":{"start":{"line":44,"column":2},"end":{"line":49,"column":9}},"34":{"start":{"line":45,"column":15},"end":{"line":47,"column":12}},"35":{"start":{"line":46,"column":6},"end":{"line":46,"column":49}},"36":{"start":{"line":46,"column":29},"end":{"line":46,"column":46}},"37":{"start":{"line":48,"column":4},"end":{"line":48,"column":35}},"38":{"start":{"line":48,"column":17},"end":{"line":48,"column":34}},"39":{"start":{"line":52,"column":2},"end":{"line":58,"column":14}},"40":{"start":{"line":53,"column":4},"end":{"line":55,"column":5}},"41":{"start":{"line":54,"column":6},"end":{"line":54,"column":26}},"42":{"start":{"line":62,"column":13},"end":{"line":62,"column":66}},"43":{"start":{"line":63,"column":13},"end":{"line":63,"column":54}},"44":{"start":{"line":65,"column":2},"end":{"line":116,"column":4}}},"fnMap":{"0":{"name":"OTP","decl":{"start":{"line":12,"column":24},"end":{"line":12,"column":27}},"loc":{"start":{"line":12,"column":27},"end":{"line":117,"column":1}}},"1":{"name":"(anonymous_2)","decl":{"start":{"line":20,"column":12},"end":{"line":20,"column":15}},"loc":{"start":{"line":20,"column":17},"end":{"line":22,"column":3}}},"2":{"name":"(anonymous_3)","decl":{"start":{"line":24,"column":12},"end":{"line":24,"column":15}},"loc":{"start":{"line":24,"column":17},"end":{"line":29,"column":3}}},"3":{"name":"(anonymous_4)","decl":{"start":{"line":25,"column":5},"end":{"line":25,"column":10}},"loc":{"start":{"line":25,"column":16},"end":{"line":28,"column":5}}},"4":{"name":"(anonymous_5)","decl":{"start":{"line":32,"column":23},"end":{"line":32,"column":28}},"loc":{"start":{"line":32,"column":34},"end":{"line":36,"column":3}}},"5":{"name":"(anonymous_6)","decl":{"start":{"line":38,"column":23},"end":{"line":38,"column":28}},"loc":{"start":{"line":38,"column":34},"end":{"line":42,"column":3}}},"6":{"name":"(anonymous_7)","decl":{"start":{"line":44,"column":12},"end":{"line":44,"column":15}},"loc":{"start":{"line":44,"column":17},"end":{"line":49,"column":3}}},"7":{"name":"(anonymous_8)","decl":{"start":{"line":45,"column":27},"end":{"line":45,"column":30}},"loc":{"start":{"line":45,"column":32},"end":{"line":47,"column":5}}},"8":{"name":"(anonymous_9)","decl":{"start":{"line":46,"column":21},"end":{"line":46,"column":22}},"loc":{"start":{"line":46,"column":29},"end":{"line":46,"column":46}}},"9":{"name":"(anonymous_10)","decl":{"start":{"line":48,"column":11},"end":{"line":48,"column":14}},"loc":{"start":{"line":48,"column":17},"end":{"line":48,"column":34}}},"10":{"name":"(anonymous_11)","decl":{"start":{"line":52,"column":12},"end":{"line":52,"column":15}},"loc":{"start":{"line":52,"column":17},"end":{"line":58,"column":3}}}},"branchMap":{"0":{"loc":{"start":{"line":21,"column":4},"end":{"line":21,"column":60}},"type":"if","locations":[{"start":{"line":21,"column":4},"end":{"line":21,"column":60}},{"start":{},"end":{}}]},"1":{"loc":{"start":{"line":33,"column":4},"end":{"line":33,"column":35}},"type":"if","locations":[{"start":{"line":33,"column":4},"end":{"line":33,"column":35}},{"start":{},"end":{}}]},"2":{"loc":{"start":{"line":39,"column":4},"end":{"line":39,"column":32}},"type":"if","locations":[{"start":{"line":39,"column":4},"end":{"line":39,"column":32}},{"start":{},"end":{}}]},"3":{"loc":{"start":{"line":41,"column":4},"end":{"line":41,"column":31}},"type":"if","locations":[{"start":{"line":41,"column":4},"end":{"line":41,"column":31}},{"start":{},"end":{}}]},"4":{"loc":{"start":{"line":46,"column":29},"end":{"line":46,"column":46}},"type":"cond-expr","locations":[{"start":{"line":46,"column":37},"end":{"line":46,"column":42}},{"start":{"line":46,"column":45},"end":{"line":46,"column":46}}]},"5":{"loc":{"start":{"line":53,"column":4},"end":{"line":55,"column":5}},"type":"if","locations":[{"start":{"line":53,"column":4},"end":{"line":55,"column":5}},{"start":{},"end":{}}]},"6":{"loc":{"start":{"line":53,"column":8},"end":{"line":53,"column":40}},"type":"binary-expr","locations":[{"start":{"line":53,"column":8},"end":{"line":53,"column":26}},{"start":{"line":53,"column":30},"end":{"line":53,"column":40}}]},"7":{"loc":{"start":{"line":83,"column":20},"end":{"line":83,"column":51}},"type":"binary-expr","locations":[{"start":{"line":83,"column":20},"end":{"line":83,"column":38}},{"start":{"line":83,"column":42},"end":{"line":83,"column":51}}]},"8":{"loc":{"start":{"line":86,"column":11},"end":{"line":86,"column":48}},"type":"cond-expr","locations":[{"start":{"line":86,"column":23},"end":{"line":86,"column":37}},{"start":{"line":86,"column":40},"end":{"line":86,"column":48}}]},"9":{"loc":{"start":{"line":95,"column":22},"end":{"line":95,"column":50}},"type":"binary-expr","locations":[{"start":{"line":95,"column":22},"end":{"line":95,"column":37}},{"start":{"line":95,"column":41},"end":{"line":95,"column":50}}]},"10":{"loc":{"start":{"line":96,"column":23},"end":{"line":96,"column":91}},"type":"cond-expr","locations":[{"start":{"line":96,"column":41},"end":{"line":96,"column":64}},{"start":{"line":96,"column":67},"end":{"line":96,"column":91}}]},"11":{"loc":{"start":{"line":103,"column":9},"end":{"line":112,"column":null}},"type":"binary-expr","locations":[{"start":{"line":103,"column":9},"end":{"line":103,"column":19}},{"start":{"line":104,"column":10},"end":{"line":111,"column":null}}]}},"s":{"0":1,"1":1,"2":1,"3":1,"4":1,"5":1,"6":1,"7":1,"8":1,"9":1,"10":33,"11":33,"12":33,"13":33,"14":33,"15":33,"16":33,"17":11,"18":1,"19":33,"20":11,"21":11,"22":11,"23":33,"24":2,"25":0,"26":2,"27":33,"28":1,"29":0,"30":1,"31":1,"32":1,"33":33,"34":11,"35":91,"36":91,"37":11,"38":11,"39":33,"40":28,"41":2,"42":33,"43":33,"44":33},"f":{"0":33,"1":11,"2":11,"3":11,"4":2,"5":1,"6":11,"7":91,"8":91,"9":11,"10":28},"b":{"0":[1,10],"1":[0,2],"2":[0,1],"3":[1,0],"4":[91,0],"5":[2,26],"6":[28,2],"7":[33,2],"8":[1,32],"9":[33,1],"10":[32,1],"11":[33,32]}}
,"C:\\Users\\abhishek.kurne\\OneDrive - Pace Wisdom Solutions Pvt Ltd\\Desktop\\inspiregenius-fe\\src\\pages\\auth\\ResetPassword.tsx": {"path":"C:\\Users\\abhishek.kurne\\OneDrive - Pace Wisdom Solutions Pvt Ltd\\Desktop\\inspiregenius-fe\\src\\pages\\auth\\ResetPassword.tsx","statementMap":{"0":{"start":{"line":15,"column":0},"end":{"line":15,"column":24}},"1":{"start":{"line":1,"column":0},"end":{"line":1,"column":53}},"2":{"start":{"line":2,"column":0},"end":{"line":2,"column":53}},"3":{"start":{"line":3,"column":0},"end":{"line":3,"column":47}},"4":{"start":{"line":4,"column":0},"end":{"line":4,"column":68}},"5":{"start":{"line":5,"column":0},"end":{"line":5,"column":41}},"6":{"start":{"line":6,"column":0},"end":{"line":6,"column":69}},"7":{"start":{"line":7,"column":0},"end":{"line":7,"column":43}},"8":{"start":{"line":8,"column":0},"end":{"line":8,"column":64}},"9":{"start":{"line":16,"column":19},"end":{"line":16,"column":32}},"10":{"start":{"line":17,"column":19},"end":{"line":17,"column":36}},"11":{"start":{"line":18,"column":24},"end":{"line":18,"column":42}},"12":{"start":{"line":19,"column":15},"end":{"line":25,"column":4}},"13":{"start":{"line":32,"column":6},"end":{"line":32,"column":10}},"14":{"start":{"line":34,"column":27},"end":{"line":34,"column":48}},"15":{"start":{"line":36,"column":19},"end":{"line":47,"column":3}},"16":{"start":{"line":37,"column":18},"end":{"line":37,"column":43}},"17":{"start":{"line":38,"column":4},"end":{"line":38,"column":22}},"18":{"start":{"line":38,"column":16},"end":{"line":38,"column":22}},"19":{"start":{"line":39,"column":4},"end":{"line":46,"column":null}},"20":{"start":{"line":45,"column":25},"end":{"line":45,"column":47}},"21":{"start":{"line":49,"column":2},"end":{"line":81,"column":null}},"22":{"start":{"line":67,"column":31},"end":{"line":67,"column":83}}},"fnMap":{"0":{"name":"ResetPassword","decl":{"start":{"line":15,"column":24},"end":{"line":15,"column":37}},"loc":{"start":{"line":15,"column":37},"end":{"line":82,"column":1}}},"1":{"name":"(anonymous_2)","decl":{"start":{"line":36,"column":19},"end":{"line":36,"column":24}},"loc":{"start":{"line":36,"column":48},"end":{"line":47,"column":3}}},"2":{"name":"(anonymous_3)","decl":{"start":{"line":45,"column":19},"end":{"line":45,"column":22}},"loc":{"start":{"line":45,"column":25},"end":{"line":45,"column":47}}},"3":{"name":"(anonymous_4)","decl":{"start":{"line":67,"column":22},"end":{"line":67,"column":23}},"loc":{"start":{"line":67,"column":31},"end":{"line":67,"column":83}}}},"branchMap":{"0":{"loc":{"start":{"line":37,"column":18},"end":{"line":37,"column":43}},"type":"binary-expr","locations":[{"start":{"line":37,"column":18},"end":{"line":37,"column":37}},{"start":{"line":37,"column":41},"end":{"line":37,"column":43}}]},"1":{"loc":{"start":{"line":38,"column":4},"end":{"line":38,"column":22}},"type":"if","locations":[{"start":{"line":38,"column":4},"end":{"line":38,"column":22}},{"start":{},"end":{}}]},"2":{"loc":{"start":{"line":67,"column":31},"end":{"line":67,"column":83}},"type":"binary-expr","locations":[{"start":{"line":67,"column":31},"end":{"line":67,"column":55}},{"start":{"line":67,"column":59},"end":{"line":67,"column":83}}]},"3":{"loc":{"start":{"line":73,"column":11},"end":{"line":73,"column":67}},"type":"cond-expr","locations":[{"start":{"line":73,"column":37},"end":{"line":73,"column":48}},{"start":{"line":73,"column":51},"end":{"line":73,"column":67}}]}},"s":{"0":1,"1":1,"2":1,"3":1,"4":1,"5":1,"6":1,"7":1,"8":1,"9":21,"10":21,"11":21,"12":21,"13":21,"14":21,"15":21,"16":3,"17":3,"18":1,"19":2,"20":1,"21":21,"22":4},"f":{"0":21,"1":3,"2":1,"3":4},"b":{"0":[3,1],"1":[1,2],"2":[4,1],"3":[0,21]}}
,"C:\\Users\\abhishek.kurne\\OneDrive - Pace Wisdom Solutions Pvt Ltd\\Desktop\\inspiregenius-fe\\src\\pages\\auth\\SignUp.tsx": {"path":"C:\\Users\\abhishek.kurne\\OneDrive - Pace Wisdom Solutions Pvt Ltd\\Desktop\\inspiregenius-fe\\src\\pages\\auth\\SignUp.tsx","statementMap":{"0":{"start":{"line":13,"column":0},"end":{"line":13,"column":24}},"1":{"start":{"line":1,"column":0},"end":{"line":1,"column":54}},"2":{"start":{"line":2,"column":0},"end":{"line":2,"column":54}},"3":{"start":{"line":3,"column":0},"end":{"line":3,"column":48}},"4":{"start":{"line":4,"column":0},"end":{"line":4,"column":46}},"5":{"start":{"line":5,"column":0},"end":{"line":5,"column":52}},"6":{"start":{"line":6,"column":0},"end":{"line":6,"column":53}},"7":{"start":{"line":7,"column":0},"end":{"line":7,"column":53}},"8":{"start":{"line":8,"column":0},"end":{"line":8,"column":44}},"9":{"start":{"line":9,"column":0},"end":{"line":9,"column":92}},"10":{"start":{"line":10,"column":0},"end":{"line":10,"column":42}},"11":{"start":{"line":11,"column":0},"end":{"line":11,"column":82}},"12":{"start":{"line":14,"column":32},"end":{"line":14,"column":41}},"13":{"start":{"line":15,"column":19},"end":{"line":15,"column":32}},"14":{"start":{"line":16,"column":21},"end":{"line":16,"column":50}},"15":{"start":{"line":17,"column":46},"end":{"line":23,"column":4}},"16":{"start":{"line":18,"column":4},"end":{"line":22,"column":5}},"17":{"start":{"line":19,"column":6},"end":{"line":19,"column":62}},"18":{"start":{"line":21,"column":6},"end":{"line":21,"column":19}},"19":{"start":{"line":25,"column":72},"end":{"line":28,"column":4}},"20":{"start":{"line":30,"column":2},"end":{"line":40,"column":45}},"21":{"start":{"line":31,"column":4},"end":{"line":31,"column":28}},"22":{"start":{"line":31,"column":21},"end":{"line":31,"column":28}},"23":{"start":{"line":33,"column":21},"end":{"line":33,"column":35}},"24":{"start":{"line":34,"column":4},"end":{"line":38,"column":5}},"25":{"start":{"line":35,"column":6},"end":{"line":35,"column":82}},"26":{"start":{"line":37,"column":6},"end":{"line":37,"column":34}},"27":{"start":{"line":37,"column":31},"end":{"line":37,"column":32}},"28":{"start":{"line":39,"column":4},"end":{"line":39,"column":61}},"29":{"start":{"line":39,"column":21},"end":{"line":39,"column":61}},"30":{"start":{"line":42,"column":16},"end":{"line":42,"column":36}},"31":{"start":{"line":43,"column":19},"end":{"line":43,"column":42}},"32":{"start":{"line":44,"column":18},"end":{"line":44,"column":40}},"33":{"start":{"line":45,"column":38},"end":{"line":45,"column":53}},"34":{"start":{"line":46,"column":16},"end":{"line":46,"column":39}},"35":{"start":{"line":47,"column":16},"end":{"line":52,"column":17}},"36":{"start":{"line":47,"column":31},"end":{"line":52,"column":4}},"37":{"start":{"line":53,"column":26},"end":{"line":60,"column":13}},"38":{"start":{"line":54,"column":26},"end":{"line":54,"column":28}},"39":{"start":{"line":55,"column":4},"end":{"line":55,"column":null}},"40":{"start":{"line":55,"column":25},"end":{"line":55,"column":null}},"41":{"start":{"line":56,"column":4},"end":{"line":56,"column":null}},"42":{"start":{"line":56,"column":25},"end":{"line":56,"column":null}},"43":{"start":{"line":57,"column":4},"end":{"line":57,"column":null}},"44":{"start":{"line":57,"column":26},"end":{"line":57,"column":null}},"45":{"start":{"line":58,"column":4},"end":{"line":58,"column":null}},"46":{"start":{"line":58,"column":27},"end":{"line":58,"column":null}},"47":{"start":{"line":59,"column":4},"end":{"line":59,"column":null}},"48":{"start":{"line":63,"column":19},"end":{"line":68,"column":3}},"49":{"start":{"line":64,"column":4},"end":{"line":64,"column":47}},"50":{"start":{"line":65,"column":4},"end":{"line":65,"column":51}},"51":{"start":{"line":65,"column":44},"end":{"line":65,"column":51}},"52":{"start":{"line":66,"column":4},"end":{"line":66,"column":30}},"53":{"start":{"line":66,"column":23},"end":{"line":66,"column":30}},"54":{"start":{"line":67,"column":4},"end":{"line":67,"column":64}},"55":{"start":{"line":69,"column":2},"end":{"line":118,"column":4}},"56":{"start":{"line":80,"column":51},"end":{"line":80,"column":135}},"57":{"start":{"line":82,"column":28},"end":{"line":82,"column":47}},"58":{"start":{"line":82,"column":63},"end":{"line":82,"column":83}},"59":{"start":{"line":83,"column":59},"end":{"line":83,"column":146}},"60":{"start":{"line":90,"column":96},"end":{"line":90,"column":182}},"61":{"start":{"line":98,"column":73},"end":{"line":98,"column":166}},"62":{"start":{"line":110,"column":31},"end":{"line":110,"column":54}},"63":{"start":{"line":111,"column":29},"end":{"line":111,"column":53}}},"fnMap":{"0":{"name":"SignUp","decl":{"start":{"line":13,"column":24},"end":{"line":13,"column":30}},"loc":{"start":{"line":13,"column":30},"end":{"line":119,"column":1}}},"1":{"name":"(anonymous_2)","decl":{"start":{"line":17,"column":64},"end":{"line":17,"column":67}},"loc":{"start":{"line":17,"column":69},"end":{"line":23,"column":3}}},"2":{"name":"(anonymous_3)","decl":{"start":{"line":30,"column":12},"end":{"line":30,"column":15}},"loc":{"start":{"line":30,"column":17},"end":{"line":40,"column":3}}},"3":{"name":"(anonymous_4)","decl":{"start":{"line":37,"column":24},"end":{"line":37,"column":25}},"loc":{"start":{"line":37,"column":31},"end":{"line":37,"column":32}}},"4":{"name":"(anonymous_5)","decl":{"start":{"line":47,"column":24},"end":{"line":47,"column":27}},"loc":{"start":{"line":47,"column":31},"end":{"line":52,"column":4}}},"5":{"name":"(anonymous_6)","decl":{"start":{"line":53,"column":34},"end":{"line":53,"column":37}},"loc":{"start":{"line":53,"column":39},"end":{"line":60,"column":3}}},"6":{"name":"(anonymous_7)","decl":{"start":{"line":63,"column":19},"end":{"line":63,"column":24}},"loc":{"start":{"line":63,"column":106},"end":{"line":68,"column":3}}},"7":{"name":"(anonymous_8)","decl":{"start":{"line":80,"column":44},"end":{"line":80,"column":45}},"loc":{"start":{"line":80,"column":51},"end":{"line":80,"column":135}}},"8":{"name":"(anonymous_9)","decl":{"start":{"line":82,"column":22},"end":{"line":82,"column":25}},"loc":{"start":{"line":82,"column":28},"end":{"line":82,"column":47}}},"9":{"name":"(anonymous_10)","decl":{"start":{"line":82,"column":57},"end":{"line":82,"column":60}},"loc":{"start":{"line":82,"column":63},"end":{"line":82,"column":83}}},"10":{"name":"(anonymous_11)","decl":{"start":{"line":83,"column":52},"end":{"line":83,"column":53}},"loc":{"start":{"line":83,"column":59},"end":{"line":83,"column":146}}},"11":{"name":"(anonymous_12)","decl":{"start":{"line":90,"column":89},"end":{"line":90,"column":90}},"loc":{"start":{"line":90,"column":96},"end":{"line":90,"column":182}}},"12":{"name":"(anonymous_13)","decl":{"start":{"line":98,"column":66},"end":{"line":98,"column":67}},"loc":{"start":{"line":98,"column":73},"end":{"line":98,"column":166}}},"13":{"name":"(anonymous_14)","decl":{"start":{"line":110,"column":25},"end":{"line":110,"column":28}},"loc":{"start":{"line":110,"column":31},"end":{"line":110,"column":54}}},"14":{"name":"(anonymous_15)","decl":{"start":{"line":111,"column":23},"end":{"line":111,"column":26}},"loc":{"start":{"line":111,"column":29},"end":{"line":111,"column":53}}}},"branchMap":{"0":{"loc":{"start":{"line":31,"column":4},"end":{"line":31,"column":28}},"type":"if","locations":[{"start":{"line":31,"column":4},"end":{"line":31,"column":28}},{"start":{},"end":{}}]},"1":{"loc":{"start":{"line":35,"column":19},"end":{"line":35,"column":81}},"type":"binary-expr","locations":[{"start":{"line":35,"column":19},"end":{"line":35,"column":29}},{"start":{"line":35,"column":33},"end":{"line":35,"column":81}}]},"2":{"loc":{"start":{"line":39,"column":4},"end":{"line":39,"column":61}},"type":"if","locations":[{"start":{"line":39,"column":4},"end":{"line":39,"column":61}},{"start":{},"end":{}}]},"3":{"loc":{"start":{"line":42,"column":16},"end":{"line":42,"column":36}},"type":"binary-expr","locations":[{"start":{"line":42,"column":16},"end":{"line":42,"column":30}},{"start":{"line":42,"column":34},"end":{"line":42,"column":36}}]},"4":{"loc":{"start":{"line":43,"column":19},"end":{"line":43,"column":42}},"type":"binary-expr","locations":[{"start":{"line":43,"column":19},"end":{"line":43,"column":36}},{"start":{"line":43,"column":40},"end":{"line":43,"column":42}}]},"5":{"loc":{"start":{"line":44,"column":18},"end":{"line":44,"column":40}},"type":"binary-expr","locations":[{"start":{"line":44,"column":18},"end":{"line":44,"column":34}},{"start":{"line":44,"column":38},"end":{"line":44,"column":40}}]},"6":{"loc":{"start":{"line":46,"column":16},"end":{"line":46,"column":39}},"type":"binary-expr","locations":[{"start":{"line":46,"column":16},"end":{"line":46,"column":30}},{"start":{"line":46,"column":34},"end":{"line":46,"column":39}}]},"7":{"loc":{"start":{"line":55,"column":4},"end":{"line":55,"column":null}},"type":"if","locations":[{"start":{"line":55,"column":4},"end":{"line":55,"column":null}},{"start":{},"end":{}}]},"8":{"loc":{"start":{"line":56,"column":4},"end":{"line":56,"column":null}},"type":"if","locations":[{"start":{"line":56,"column":4},"end":{"line":56,"column":null}},{"start":{},"end":{}}]},"9":{"loc":{"start":{"line":57,"column":4},"end":{"line":57,"column":null}},"type":"if","locations":[{"start":{"line":57,"column":4},"end":{"line":57,"column":null}},{"start":{},"end":{}}]},"10":{"loc":{"start":{"line":58,"column":4},"end":{"line":58,"column":null}},"type":"if","locations":[{"start":{"line":58,"column":4},"end":{"line":58,"column":null}},{"start":{},"end":{}}]},"11":{"loc":{"start":{"line":65,"column":4},"end":{"line":65,"column":51}},"type":"if","locations":[{"start":{"line":65,"column":4},"end":{"line":65,"column":51}},{"start":{},"end":{}}]},"12":{"loc":{"start":{"line":66,"column":4},"end":{"line":66,"column":30}},"type":"if","locations":[{"start":{"line":66,"column":4},"end":{"line":66,"column":30}},{"start":{},"end":{}}]},"13":{"loc":{"start":{"line":84,"column":11},"end":{"line":85,"column":null}},"type":"binary-expr","locations":[{"start":{"line":84,"column":12},"end":{"line":84,"column":22}},{"start":{"line":84,"column":26},"end":{"line":84,"column":46}},{"start":{"line":84,"column":51},"end":{"line":84,"column":59}},{"start":{"line":84,"column":63},"end":{"line":84,"column":79}},{"start":{"line":85,"column":12},"end":{"line":85,"column":98}}]},"14":{"loc":{"start":{"line":91,"column":11},"end":{"line":92,"column":null}},"type":"binary-expr","locations":[{"start":{"line":91,"column":11},"end":{"line":91,"column":30}},{"start":{"line":91,"column":34},"end":{"line":91,"column":41}},{"start":{"line":91,"column":45},"end":{"line":91,"column":65}},{"start":{"line":92,"column":12},"end":{"line":92,"column":89}}]},"15":{"loc":{"start":{"line":104,"column":64},"end":{"line":104,"column":162}},"type":"binary-expr","locations":[{"start":{"line":104,"column":64},"end":{"line":104,"column":73}},{"start":{"line":104,"column":77},"end":{"line":104,"column":83}},{"start":{"line":104,"column":87},"end":{"line":104,"column":96}},{"start":{"line":104,"column":100},"end":{"line":104,"column":108}},{"start":{"line":104,"column":112},"end":{"line":104,"column":128}},{"start":{"line":104,"column":132},"end":{"line":104,"column":152}},{"start":{"line":104,"column":156},"end":{"line":104,"column":162}}]},"16":{"loc":{"start":{"line":105,"column":11},"end":{"line":105,"column":48}},"type":"cond-expr","locations":[{"start":{"line":105,"column":23},"end":{"line":105,"column":36}},{"start":{"line":105,"column":39},"end":{"line":105,"column":48}}]}},"s":{"0":1,"1":1,"2":1,"3":1,"4":1,"5":1,"6":1,"7":1,"8":1,"9":1,"10":1,"11":1,"12":29,"13":29,"14":29,"15":29,"16":8,"17":8,"18":0,"19":29,"20":29,"21":8,"22":7,"23":1,"24":1,"25":1,"26":0,"27":0,"28":1,"29":1,"30":29,"31":29,"32":29,"33":29,"34":29,"35":29,"36":12,"37":29,"38":12,"39":12,"40":9,"41":12,"42":8,"43":12,"44":9,"45":12,"46":9,"47":12,"48":29,"49":1,"50":1,"51":0,"52":1,"53":0,"54":1,"55":29,"56":3,"57":1,"58":0,"59":4,"60":3,"61":2,"62":0,"63":0},"f":{"0":29,"1":8,"2":8,"3":0,"4":12,"5":12,"6":1,"7":3,"8":1,"9":0,"10":4,"11":3,"12":2,"13":0,"14":0},"b":{"0":[7,1],"1":[1,1],"2":[1,0],"3":[29,0],"4":[29,0],"5":[29,0],"6":[29,0],"7":[9,3],"8":[8,4],"9":[9,3],"10":[9,3],"11":[0,1],"12":[0,1],"13":[29,27,10,9,1],"14":[29,5,5,1],"15":[29,29,9,6,4,4,4],"16":[0,29]}}
,"C:\\Users\\abhishek.kurne\\OneDrive - Pace Wisdom Solutions Pvt Ltd\\Desktop\\inspiregenius-fe\\src\\pages\\auth\\SocialLogin.tsx": {"path":"C:\\Users\\abhishek.kurne\\OneDrive - Pace Wisdom Solutions Pvt Ltd\\Desktop\\inspiregenius-fe\\src\\pages\\auth\\SocialLogin.tsx","statementMap":{"0":{"start":{"line":4,"column":0},"end":{"line":4,"column":24}},"1":{"start":{"line":1,"column":0},"end":{"line":1,"column":61}},"2":{"start":{"line":2,"column":0},"end":{"line":2,"column":39}},"3":{"start":{"line":5,"column":21},"end":{"line":5,"column":37}},"4":{"start":{"line":7,"column":2},"end":{"line":18,"column":4}}},"fnMap":{"0":{"name":"SocialLogin","decl":{"start":{"line":4,"column":24},"end":{"line":4,"column":35}},"loc":{"start":{"line":4,"column":35},"end":{"line":19,"column":1}}}},"branchMap":{"0":{"loc":{"start":{"line":10,"column":38},"end":{"line":10,"column":83}},"type":"cond-expr","locations":[{"start":{"line":10,"column":64},"end":{"line":10,"column":78}},{"start":{"line":10,"column":81},"end":{"line":10,"column":83}}]},"1":{"loc":{"start":{"line":12,"column":11},"end":{"line":12,"column":66}},"type":"binary-expr","locations":[{"start":{"line":12,"column":11},"end":{"line":12,"column":34}},{"start":{"line":12,"column":38},"end":{"line":12,"column":66}}]},"2":{"loc":{"start":{"line":13,"column":11},"end":{"line":13,"column":110}},"type":"binary-expr","locations":[{"start":{"line":13,"column":11},"end":{"line":13,"column":28}},{"start":{"line":13,"column":32},"end":{"line":13,"column":110}}]},"3":{"loc":{"start":{"line":14,"column":11},"end":{"line":14,"column":58}},"type":"binary-expr","locations":[{"start":{"line":14,"column":11},"end":{"line":14,"column":29}},{"start":{"line":14,"column":33},"end":{"line":14,"column":58}}]}},"s":{"0":1,"1":1,"2":1,"3":3,"4":3},"f":{"0":3},"b":{"0":[1,2],"1":[3,1],"2":[3,1],"3":[3,1]}}
,"C:\\Users\\abhishek.kurne\\OneDrive - Pace Wisdom Solutions Pvt Ltd\\Desktop\\inspiregenius-fe\\src\\services\\auth\\invitation.service.ts": {"path":"C:\\Users\\abhishek.kurne\\OneDrive - Pace Wisdom Solutions Pvt Ltd\\Desktop\\inspiregenius-fe\\src\\services\\auth\\invitation.service.ts","statementMap":{"0":{"start":{"line":11,"column":0},"end":{"line":11,"column":7}},"1":{"start":{"line":1,"column":0},"end":{"line":1,"column":33}},"2":{"start":{"line":12,"column":14},"end":{"line":12,"column":92}},"3":{"start":{"line":13,"column":2},"end":{"line":13,"column":null}}},"fnMap":{"0":{"name":"acceptInvitation","decl":{"start":{"line":11,"column":22},"end":{"line":11,"column":38}},"loc":{"start":{"line":11,"column":71},"end":{"line":14,"column":1}}}},"branchMap":{},"s":{"0":1,"1":1,"2":2,"3":1},"f":{"0":2},"b":{}}
,"C:\\Users\\abhishek.kurne\\OneDrive - Pace Wisdom Solutions Pvt Ltd\\Desktop\\inspiregenius-fe\\src\\services\\auth\\password.service.ts": {"path":"C:\\Users\\abhishek.kurne\\OneDrive - Pace Wisdom Solutions Pvt Ltd\\Desktop\\inspiregenius-fe\\src\\services\\auth\\password.service.ts","statementMap":{"0":{"start":{"line":11,"column":0},"end":{"line":11,"column":7}},"1":{"start":{"line":29,"column":0},"end":{"line":29,"column":7}},"2":{"start":{"line":1,"column":0},"end":{"line":1,"column":33}},"3":{"start":{"line":12,"column":19},"end":{"line":12,"column":102}},"4":{"start":{"line":13,"column":2},"end":{"line":13,"column":null}},"5":{"start":{"line":30,"column":19},"end":{"line":30,"column":87}},"6":{"start":{"line":31,"column":2},"end":{"line":31,"column":null}}},"fnMap":{"0":{"name":"requestPasswordReset","decl":{"start":{"line":11,"column":22},"end":{"line":11,"column":42}},"loc":{"start":{"line":11,"column":79},"end":{"line":14,"column":1}}},"1":{"name":"resetPassword","decl":{"start":{"line":29,"column":22},"end":{"line":29,"column":35}},"loc":{"start":{"line":29,"column":65},"end":{"line":32,"column":1}}}},"branchMap":{},"s":{"0":2,"1":2,"2":2,"3":3,"4":2,"5":3,"6":2},"f":{"0":3,"1":3},"b":{}}
}
