TN:
SF:src\components\auth\AuthFields.tsx
FN:12,FirstNameField
FN:29,(anonymous_1)
FN:36,LastNameField
FN:53,(anonymous_3)
FN:60,EmailField
FN:77,(anonymous_5)
FN:84,PasswordField
FN:102,(anonymous_7)
FN:105,(anonymous_8)
FN:105,(anonymous_9)
FN:116,SocialAuthSection
FN:120,(anonymous_11)
FN:125,(anonymous_12)
FN:131,(anonymous_13)
FN:139,(anonymous_14)
FN:143,(anonymous_15)
FN:166,(anonymous_16)
FNF:17
FNH:10
FNDA:1,FirstNameField
FNDA:0,(anonymous_1)
FNDA:1,LastNameField
FNDA:1,(anonymous_3)
FNDA:1,EmailField
FNDA:0,(anonymous_5)
FNDA:2,PasswordField
FNDA:0,(anonymous_7)
FNDA:1,(anonymous_8)
FNDA:1,(anonymous_9)
FNDA:5,SocialAuthSection
FNDA:2,(anonymous_11)
FNDA:0,(anonymous_12)
FNDA:0,(anonymous_13)
FNDA:0,(anonymous_14)
FNDA:0,(anonymous_15)
FNDA:2,(anonymous_16)
DA:1,1
DA:2,1
DA:3,1
DA:4,1
DA:5,1
DA:7,1
DA:8,1
DA:9,1
DA:12,1
DA:20,1
DA:29,0
DA:36,1
DA:44,1
DA:53,1
DA:60,1
DA:68,1
DA:77,0
DA:84,1
DA:92,2
DA:93,2
DA:102,0
DA:105,1
DA:116,1
DA:117,5
DA:118,5
DA:120,5
DA:121,2
DA:122,2
DA:123,2
DA:125,0
DA:127,2
DA:128,2
DA:132,0
DA:133,0
DA:134,0
DA:136,0
DA:140,0
DA:141,0
DA:144,0
DA:145,0
DA:151,5
DA:166,2
LF:42
LH:30
BRDA:13,0,0,1
BRDA:14,1,0,1
BRDA:15,2,0,1
BRDA:16,3,0,1
BRDA:37,4,0,1
BRDA:38,5,0,1
BRDA:39,6,0,1
BRDA:40,7,0,1
BRDA:61,8,0,1
BRDA:62,9,0,1
BRDA:63,10,0,1
BRDA:64,11,0,1
BRDA:85,12,0,2
BRDA:86,13,0,2
BRDA:87,14,0,2
BRDA:88,15,0,2
BRDA:98,16,0,1
BRDA:98,16,1,1
BRDA:104,17,0,1
BRDA:104,17,1,1
BRDA:116,18,0,0
BRDA:127,19,0,2
BRDA:127,19,1,0
BRDA:127,20,0,2
BRDA:127,20,1,2
BRDA:132,21,0,0
BRDA:132,21,1,0
BRDA:132,22,0,0
BRDA:132,22,1,0
BRDA:132,23,0,0
BRDA:132,23,1,0
BRDA:132,24,0,0
BRDA:132,24,1,0
BRDA:133,25,0,0
BRDA:133,25,1,0
BRDA:140,26,0,0
BRDA:140,26,1,0
BRDA:140,27,0,0
BRDA:140,27,1,0
BRDA:140,28,0,0
BRDA:140,28,1,0
BRDA:140,29,0,0
BRDA:140,29,1,0
BRDA:140,30,0,0
BRDA:140,30,1,0
BRDA:140,31,0,0
BRDA:140,31,1,0
BRDA:140,32,0,0
BRDA:140,32,1,0
BRDA:140,33,0,0
BRDA:140,33,1,0
BRDA:140,34,0,0
BRDA:140,34,1,0
BRDA:140,35,0,0
BRDA:140,35,1,0
BRDA:140,36,0,0
BRDA:140,36,1,0
BRDA:140,37,0,0
BRDA:140,37,1,0
BRDA:145,38,0,0
BRDA:145,38,1,0
BRDA:145,39,0,0
BRDA:145,39,1,0
BRDA:165,40,0,5
BRDA:165,40,1,0
BRDA:168,41,0,0
BRDA:168,41,1,5
BRDA:168,42,0,5
BRDA:168,42,1,0
BRF:69
BRH:26
end_of_record
TN:
SF:src\components\auth\AuthHeader.tsx
FN:3,AuthHeader
FNF:1
FNH:1
FNDA:32,AuthHeader
DA:3,2
DA:4,32
LF:2
LH:2
BRDA:7,0,0,25
BRDA:7,0,1,7
BRF:2
BRH:2
end_of_record
TN:
SF:src\components\auth\AuthLayout.tsx
FN:9,AuthLayout
FNF:1
FNH:1
FNDA:45,AuthLayout
DA:1,2
DA:9,2
DA:15,45
LF:3
LH:3
BRDA:10,0,0,40
BRDA:11,1,0,41
BRDA:12,2,0,41
BRF:3
BRH:3
end_of_record
TN:
SF:src\components\shared\Logo.tsx
FN:3,(anonymous_0)
FNF:1
FNH:1
FNDA:20,(anonymous_0)
DA:1,1
DA:3,1
DA:4,20
LF:3
LH:3
BRF:0
BRH:0
end_of_record
TN:
SF:src\components\shared\OtpInputField.tsx
FN:11,OtpInputField
FN:19,(anonymous_1)
FN:35,(anonymous_2)
FN:57,(anonymous_3)
FN:79,(anonymous_4)
FN:82,(anonymous_5)
FN:94,(anonymous_6)
FN:95,(anonymous_7)
FN:96,(anonymous_8)
FNF:9
FNH:5
FNDA:20,OtpInputField
FNDA:12,(anonymous_1)
FNDA:0,(anonymous_2)
FNDA:0,(anonymous_3)
FNDA:120,(anonymous_4)
FNDA:240,(anonymous_5)
FNDA:12,(anonymous_6)
FNDA:0,(anonymous_7)
FNDA:0,(anonymous_8)
DA:1,1
DA:11,1
DA:12,20
DA:15,20
DA:16,6
DA:19,20
DA:20,12
DA:23,12
DA:24,12
DA:25,12
DA:27,12
DA:30,12
DA:31,10
DA:35,20
DA:36,0
DA:37,0
DA:38,0
DA:39,0
DA:42,0
DA:43,0
DA:44,0
DA:45,0
DA:46,0
DA:48,0
DA:50,0
DA:51,0
DA:52,0
DA:53,0
DA:57,20
DA:59,0
DA:60,0
DA:62,0
DA:67,0
DA:68,0
DA:72,0
DA:73,0
DA:77,20
DA:80,120
DA:83,240
DA:94,12
DA:95,0
DA:96,0
DA:104,1
LF:43
LH:20
BRDA:11,0,0,20
BRDA:15,1,0,6
BRDA:15,1,1,14
BRDA:30,2,0,10
BRDA:30,2,1,2
BRDA:30,3,0,12
BRDA:30,3,1,12
BRDA:31,4,0,0
BRDA:31,4,1,10
BRDA:31,5,0,10
BRDA:31,5,1,10
BRDA:38,6,0,0
BRDA:38,6,1,0
BRDA:45,7,0,0
BRDA:45,7,1,0
BRDA:52,8,0,0
BRDA:52,8,1,0
BRDA:53,9,0,0
BRDA:53,9,1,0
BRDA:53,10,0,0
BRDA:53,10,1,0
BRDA:59,11,0,0
BRDA:59,11,1,0
BRDA:60,12,0,0
BRDA:60,12,1,0
BRDA:60,13,0,0
BRDA:60,13,1,0
BRDA:62,14,0,0
BRDA:62,14,1,0
BRDA:62,15,0,0
BRDA:62,15,1,0
BRDA:67,16,0,0
BRDA:67,16,1,0
BRDA:67,17,0,0
BRDA:67,17,1,0
BRDA:68,18,0,0
BRDA:68,18,1,0
BRDA:68,19,0,0
BRDA:68,19,1,0
BRDA:72,20,0,0
BRDA:72,20,1,0
BRDA:72,21,0,0
BRDA:72,21,1,0
BRDA:73,22,0,0
BRDA:73,22,1,0
BRDA:73,23,0,0
BRDA:73,23,1,0
BRDA:90,24,0,120
BRDA:90,24,1,0
BRDA:93,25,0,120
BRDA:93,25,1,78
BRF:51
BRH:13
end_of_record
TN:
SF:src\components\ui\button-variants.ts
FNF:0
FNH:0
DA:1,5
DA:4,5
DA:35,5
LF:3
LH:3
BRF:0
BRH:0
end_of_record
TN:
SF:src\components\ui\button.tsx
FN:8,Button
FNF:1
FNH:1
FNDA:189,Button
DA:2,5
DA:5,5
DA:6,5
DA:12,189
DA:13,189
DA:18,189
DA:20,189
DA:29,5
LF:8
LH:8
BRDA:12,0,0,189
BRDA:18,1,0,0
BRDA:18,1,1,189
BRF:3
BRH:2
end_of_record
TN:
SF:src\components\ui\icon-input.tsx
FN:10,IconInput
FNF:1
FNH:1
FNDA:28,IconInput
DA:2,2
DA:10,2
DA:15,28
DA:16,28
DA:18,28
DA:19,28
DA:20,28
DA:53,2
LF:8
LH:8
BRDA:22,0,0,28
BRDA:22,0,1,0
BRDA:33,1,0,28
BRDA:33,1,1,0
BRDA:34,2,0,2
BRDA:34,2,1,26
BRDA:39,3,0,2
BRDA:39,3,1,26
BRF:8
BRH:6
end_of_record
TN:
SF:src\components\ui\label.tsx
FN:6,Label
FNF:1
FNH:1
FNDA:28,Label
DA:2,2
DA:4,2
DA:7,28
DA:8,28
DA:10,28
DA:22,2
LF:6
LH:6
BRF:0
BRH:0
end_of_record
TN:
SF:src\constants\routes.ts
FNF:0
FNH:0
DA:1,3
DA:34,3
DA:41,3
DA:46,3
DA:50,3
LF:5
LH:5
BRF:0
BRH:0
end_of_record
TN:
SF:src\hooks\auth\useAcceptInvitation.ts
FN:6,useAcceptInvitation
FN:10,(anonymous_1)
FN:11,(anonymous_2)
FN:18,(anonymous_3)
FNF:4
FNH:4
FNDA:26,useAcceptInvitation
FNDA:13,(anonymous_1)
FNDA:6,(anonymous_2)
FNDA:3,(anonymous_3)
DA:1,1
DA:3,1
DA:4,1
DA:6,1
DA:9,26
DA:10,13
DA:12,6
DA:13,6
DA:14,6
DA:15,2
DA:16,6
DA:19,3
DA:20,3
DA:21,3
LF:14
LH:14
BRDA:12,0,0,5
BRDA:12,0,1,1
BRDA:12,1,0,6
BRDA:12,1,1,6
BRDA:12,2,0,0
BRDA:12,2,1,6
BRDA:12,3,0,6
BRDA:12,3,1,6
BRDA:12,4,0,0
BRDA:12,4,1,1
BRDA:12,5,0,1
BRDA:12,5,1,1
BRDA:13,6,0,6
BRDA:13,6,1,2
BRDA:13,7,0,0
BRDA:13,7,1,6
BRDA:13,8,0,6
BRDA:13,8,1,6
BRDA:13,9,0,1
BRDA:13,9,1,1
BRDA:14,10,0,4
BRDA:14,10,1,2
BRDA:16,11,0,0
BRDA:16,11,1,6
BRDA:16,12,0,6
BRDA:16,12,1,4
BRDA:16,13,0,3
BRDA:16,13,1,1
BRDA:16,14,0,4
BRDA:16,14,1,4
BRDA:19,15,0,3
BRDA:19,15,1,2
BRDA:19,15,2,1
BRDA:19,16,0,2
BRDA:19,16,1,1
BRDA:19,17,0,3
BRDA:19,17,1,3
BRDA:19,18,0,2
BRDA:19,18,1,1
BRDA:19,19,0,3
BRDA:19,19,1,3
BRDA:19,20,0,0
BRDA:19,20,1,3
BRDA:19,21,0,3
BRDA:19,21,1,3
BRDA:21,22,0,0
BRDA:21,22,1,3
BRDA:21,23,0,3
BRDA:21,23,1,0
BRDA:21,24,0,3
BRDA:21,24,1,3
BRF:51
BRH:44
end_of_record
TN:
SF:src\hooks\auth\useLogin.ts
FN:9,useAuthLoginMutation
FN:11,(anonymous_8)
FN:11,(anonymous_9)
FNF:3
FNH:3
FNDA:16,useAuthLoginMutation
FNDA:7,(anonymous_8)
FNDA:7,(anonymous_9)
DA:1,1
DA:3,1
DA:9,1
DA:10,16
DA:11,7
DA:12,7
DA:13,5
LF:7
LH:7
BRF:0
BRH:0
end_of_record
TN:
SF:src\hooks\auth\useMeWithTokenQuery.ts
FN:5,useMeWithTokenQuery
FN:10,(anonymous_8)
FN:10,(anonymous_9)
FNF:3
FNH:3
FNDA:9,useMeWithTokenQuery
FNDA:4,(anonymous_8)
FNDA:4,(anonymous_9)
DA:1,1
DA:2,1
DA:5,1
DA:6,9
DA:7,9
DA:10,4
DA:11,4
DA:12,2
LF:8
LH:8
BRDA:6,0,0,9
BRDA:6,0,1,7
BRDA:6,1,0,3
BRDA:6,1,1,4
BRDA:6,2,0,7
BRDA:6,2,1,7
BRF:6
BRH:6
end_of_record
TN:
SF:src\hooks\auth\useRequestPasswordReset.ts
FN:6,useRequestPasswordReset
FN:10,(anonymous_1)
FN:11,(anonymous_2)
FN:18,(anonymous_3)
FNF:4
FNH:4
FNDA:12,useRequestPasswordReset
FNDA:7,(anonymous_1)
FNDA:3,(anonymous_2)
FNDA:2,(anonymous_3)
DA:1,2
DA:3,2
DA:4,2
DA:6,2
DA:9,12
DA:10,7
DA:12,3
DA:13,3
DA:14,3
DA:15,1
DA:16,3
DA:19,2
DA:20,2
DA:21,2
LF:14
LH:14
BRDA:12,0,0,2
BRDA:12,0,1,1
BRDA:12,1,0,3
BRDA:12,1,1,3
BRDA:12,2,0,0
BRDA:12,2,1,3
BRDA:12,3,0,3
BRDA:12,3,1,3
BRDA:12,4,0,0
BRDA:12,4,1,1
BRDA:12,5,0,1
BRDA:12,5,1,1
BRDA:13,6,0,3
BRDA:13,6,1,0
BRDA:13,7,0,0
BRDA:13,7,1,3
BRDA:13,8,0,3
BRDA:13,8,1,3
BRDA:13,9,0,0
BRDA:13,9,1,0
BRDA:14,10,0,2
BRDA:14,10,1,1
BRDA:16,11,0,0
BRDA:16,11,1,3
BRDA:16,12,0,3
BRDA:16,12,1,0
BRDA:16,13,0,3
BRDA:16,13,1,3
BRDA:19,14,0,2
BRDA:19,14,1,1
BRDA:19,14,2,0
BRDA:19,15,0,1
BRDA:19,15,1,1
BRDA:19,16,0,2
BRDA:19,16,1,2
BRDA:19,17,0,1
BRDA:19,17,1,1
BRDA:19,18,0,2
BRDA:19,18,1,2
BRDA:19,19,0,0
BRDA:19,19,1,2
BRDA:19,20,0,2
BRDA:19,20,1,2
BRDA:21,21,0,0
BRDA:21,21,1,2
BRDA:21,22,0,2
BRDA:21,22,1,0
BRDA:21,23,0,2
BRDA:21,23,1,2
BRF:49
BRH:37
end_of_record
TN:
SF:src\hooks\auth\useResendOtp.ts
FN:7,useResendOtpMutation
FN:9,(anonymous_8)
FN:9,(anonymous_9)
FNF:3
FNH:3
FNDA:8,useResendOtpMutation
FNDA:4,(anonymous_8)
FNDA:4,(anonymous_9)
DA:1,1
DA:4,1
DA:5,1
DA:7,1
DA:8,8
DA:9,4
DA:10,4
DA:11,4
DA:12,2
LF:9
LH:9
BRF:0
BRH:0
end_of_record
TN:
SF:src\hooks\auth\useResetPassword.ts
FN:6,useResetPassword
FN:10,(anonymous_1)
FN:11,(anonymous_2)
FN:18,(anonymous_3)
FNF:4
FNH:4
FNDA:14,useResetPassword
FNDA:7,(anonymous_1)
FNDA:4,(anonymous_2)
FNDA:3,(anonymous_3)
DA:1,1
DA:3,1
DA:4,1
DA:6,1
DA:9,14
DA:10,7
DA:12,4
DA:13,4
DA:14,4
DA:15,2
DA:16,4
DA:19,3
DA:20,3
DA:21,3
LF:14
LH:14
BRDA:12,0,0,4
BRDA:12,0,1,0
BRDA:12,1,0,4
BRDA:12,1,1,4
BRDA:12,2,0,0
BRDA:12,2,1,4
BRDA:12,3,0,4
BRDA:12,3,1,4
BRDA:12,4,0,0
BRDA:12,4,1,0
BRDA:12,5,0,0
BRDA:12,5,1,0
BRDA:13,6,0,4
BRDA:13,6,1,2
BRDA:13,7,0,0
BRDA:13,7,1,4
BRDA:13,8,0,4
BRDA:13,8,1,4
BRDA:13,9,0,1
BRDA:13,9,1,1
BRDA:14,10,0,2
BRDA:14,10,1,2
BRDA:16,11,0,0
BRDA:16,11,1,4
BRDA:16,12,0,4
BRDA:16,12,1,0
BRDA:16,13,0,4
BRDA:16,13,1,4
BRDA:19,14,0,3
BRDA:19,14,1,2
BRDA:19,14,2,1
BRDA:19,15,0,2
BRDA:19,15,1,1
BRDA:19,16,0,3
BRDA:19,16,1,3
BRDA:19,17,0,2
BRDA:19,17,1,1
BRDA:19,18,0,3
BRDA:19,18,1,3
BRDA:19,19,0,0
BRDA:19,19,1,3
BRDA:19,20,0,3
BRDA:19,20,1,3
BRDA:21,21,0,0
BRDA:21,21,1,3
BRDA:21,22,0,3
BRDA:21,22,1,0
BRDA:21,23,0,3
BRDA:21,23,1,3
BRF:49
BRH:37
end_of_record
TN:
SF:src\hooks\auth\useSignup.ts
FN:9,useAuthSignupMutation
FN:11,(anonymous_8)
FN:11,(anonymous_9)
FNF:3
FNH:3
FNDA:8,useAuthSignupMutation
FNDA:4,(anonymous_8)
FNDA:4,(anonymous_9)
DA:1,1
DA:3,1
DA:9,1
DA:10,8
DA:11,4
DA:12,4
DA:13,2
LF:7
LH:7
BRF:0
BRH:0
end_of_record
TN:
SF:src\hooks\auth\useSocialAuthLoginUrl.ts
FN:9,useSocialAuthLoginUrlMutation
FN:13,(anonymous_8)
FN:13,(anonymous_9)
FNF:3
FNH:3
FNDA:8,useSocialAuthLoginUrlMutation
FNDA:4,(anonymous_8)
FNDA:4,(anonymous_9)
DA:1,1
DA:3,1
DA:9,1
DA:12,8
DA:13,4
DA:14,4
DA:15,2
LF:7
LH:7
BRF:0
BRH:0
end_of_record
TN:
SF:src\hooks\auth\useSocialLogin.ts
FN:13,useSocialLogin
FN:19,(anonymous_8)
FN:28,(anonymous_9)
FN:38,(anonymous_10)
FN:47,(anonymous_11)
FN:80,(anonymous_12)
FN:80,(anonymous_13)
FNF:7
FNH:7
FNDA:6,useSocialLogin
FNDA:6,(anonymous_8)
FNDA:6,(anonymous_9)
FNDA:6,(anonymous_10)
FNDA:6,(anonymous_11)
FNDA:3,(anonymous_12)
FNDA:3,(anonymous_13)
DA:1,1
DA:2,1
DA:3,1
DA:5,1
DA:6,1
DA:13,1
DA:14,6
DA:15,6
DA:16,6
DA:17,6
DA:19,6
DA:20,6
DA:21,6
DA:22,6
DA:25,6
DA:28,6
DA:29,6
DA:30,5
DA:31,5
DA:32,4
DA:33,3
DA:34,0
DA:38,6
DA:39,6
DA:41,2
DA:42,2
DA:43,2
DA:47,6
DA:48,6
DA:49,6
DA:50,3
DA:62,3
DA:80,3
DA:81,3
DA:82,3
DA:86,2
DA:88,1
DA:89,1
DA:90,1
DA:91,1
DA:93,3
DA:98,6
LF:42
LH:41
BRDA:29,0,0,1
BRDA:29,0,1,5
BRDA:30,1,0,0
BRDA:30,1,1,5
BRDA:31,2,0,1
BRDA:31,2,1,4
BRDA:32,3,0,1
BRDA:32,3,1,3
BRDA:33,4,0,3
BRDA:33,4,1,0
BRDA:39,5,0,4
BRDA:39,5,1,2
BRDA:41,6,0,2
BRDA:41,6,1,1
BRDA:41,7,0,0
BRDA:41,7,1,1
BRDA:41,8,0,1
BRDA:41,8,1,0
BRDA:41,9,0,0
BRDA:41,9,1,1
BRDA:41,10,0,1
BRDA:41,10,1,1
BRDA:48,11,0,0
BRDA:48,11,1,6
BRDA:49,12,0,3
BRDA:49,12,1,3
BRDA:50,13,0,3
BRDA:50,13,1,0
BRDA:50,14,0,3
BRDA:50,14,1,3
BRDA:50,15,0,0
BRDA:50,15,1,3
BRDA:50,16,0,3
BRDA:50,16,1,3
BRDA:63,17,0,3
BRDA:63,17,1,0
BRDA:63,18,0,3
BRDA:63,18,1,3
BRDA:64,19,0,2
BRDA:64,19,1,1
BRDA:64,20,0,3
BRDA:64,20,1,2
BRDA:67,21,0,1
BRDA:67,21,1,2
BRDA:67,22,0,3
BRDA:67,22,1,3
BRDA:68,23,0,1
BRDA:68,23,1,2
BRDA:68,24,0,3
BRDA:68,24,1,3
BRDA:69,25,0,1
BRDA:69,25,1,2
BRDA:69,26,0,3
BRDA:69,26,1,3
BRDA:70,27,0,0
BRDA:70,27,1,3
BRDA:70,28,0,3
BRDA:70,28,1,3
BRDA:71,29,0,0
BRDA:71,29,1,3
BRDA:71,30,0,3
BRDA:71,30,1,3
BRDA:72,31,0,0
BRDA:72,31,1,3
BRDA:72,32,0,3
BRDA:72,32,1,3
BRDA:73,33,0,0
BRDA:73,33,1,3
BRDA:73,34,0,3
BRDA:73,34,1,3
BRDA:74,35,0,0
BRDA:74,35,1,3
BRDA:74,36,0,3
BRDA:74,36,1,3
BRDA:82,37,0,1
BRDA:82,37,1,2
BRDA:82,38,0,3
BRDA:82,38,1,3
BRDA:88,39,0,1
BRDA:88,39,1,0
BRDA:88,40,0,0
BRDA:88,40,1,1
BRDA:88,41,0,1
BRDA:88,41,1,1
BRF:84
BRH:68
end_of_record
TN:
SF:src\hooks\auth\useVerifyOtp.ts
FN:13,useAuthVerifyOtpMutation
FN:15,(anonymous_8)
FN:15,(anonymous_9)
FNF:3
FNH:3
FNDA:8,useAuthVerifyOtpMutation
FNDA:4,(anonymous_8)
FNDA:4,(anonymous_9)
DA:1,1
DA:4,1
DA:5,1
DA:6,1
DA:13,1
DA:14,8
DA:15,4
DA:16,4
DA:22,4
DA:23,3
DA:24,2
DA:26,1
DA:33,1
LF:13
LH:13
BRDA:22,0,0,3
BRDA:22,0,1,1
BRDA:24,1,0,2
BRDA:24,1,1,0
BRDA:24,2,0,2
BRDA:24,2,1,2
BRDA:28,3,0,1
BRDA:28,3,1,0
BRDA:28,4,0,1
BRDA:28,4,1,1
BRDA:30,5,0,1
BRDA:30,5,1,0
BRDA:30,6,0,1
BRDA:30,6,1,1
BRF:14
BRH:11
end_of_record
TN:
SF:src\lib\utils.ts
FN:4,cn
FNF:1
FNH:1
FNDA:265,cn
DA:1,5
DA:2,5
DA:4,5
DA:5,265
LF:4
LH:4
BRF:0
BRH:0
end_of_record
TN:
SF:src\pages\auth\AcceptInvitation.tsx
FN:17,AcceptInvitation
FN:31,(anonymous_9)
FN:38,(anonymous_10)
FN:47,(anonymous_11)
FN:47,(anonymous_12)
FN:63,(anonymous_13)
FN:63,(anonymous_14)
FN:67,(anonymous_15)
FN:78,(anonymous_16)
FNF:9
FNH:9
FNDA:139,AcceptInvitation
FNDA:69,(anonymous_9)
FNDA:69,(anonymous_10)
FNDA:5,(anonymous_11)
FNDA:5,(anonymous_12)
FNDA:19,(anonymous_13)
FNDA:1,(anonymous_14)
FNDA:29,(anonymous_15)
FNDA:10,(anonymous_16)
DA:1,1
DA:2,1
DA:3,1
DA:4,1
DA:5,1
DA:6,1
DA:7,1
DA:8,1
DA:9,1
DA:10,1
DA:17,1
DA:18,139
DA:19,139
DA:20,139
DA:22,139
DA:27,139
DA:28,139
DA:29,139
DA:31,139
DA:38,139
DA:39,69
DA:40,69
DA:41,69
DA:42,69
DA:43,69
DA:44,69
DA:47,139
DA:48,5
DA:49,5
DA:50,1
DA:51,1
DA:53,4
DA:54,4
DA:55,4
DA:58,139
DA:63,19
DA:67,29
DA:78,10
LF:38
LH:38
BRDA:28,0,0,139
BRDA:28,0,1,0
BRDA:28,1,0,139
BRDA:28,1,1,139
BRDA:29,2,0,139
BRDA:29,2,1,0
BRDA:29,3,0,139
BRDA:29,3,1,139
BRDA:40,4,0,44
BRDA:40,4,1,25
BRDA:41,5,0,42
BRDA:41,5,1,27
BRDA:42,6,0,43
BRDA:42,6,1,26
BRDA:43,7,0,43
BRDA:43,7,1,26
BRDA:48,8,0,5
BRDA:48,8,1,1
BRDA:49,9,0,1
BRDA:49,9,1,4
BRDA:54,10,0,3
BRDA:54,10,1,1
BRDA:54,11,0,4
BRDA:54,11,1,4
BRDA:54,12,0,0
BRDA:54,12,1,4
BRDA:54,13,0,4
BRDA:54,13,1,4
BRDA:54,14,0,0
BRDA:54,14,1,1
BRDA:54,15,0,1
BRDA:54,15,1,1
BRDA:55,16,0,3
BRDA:55,16,1,1
BRDA:69,17,0,139
BRDA:69,17,1,120
BRDA:69,17,2,57
BRDA:69,17,3,56
BRDA:69,17,4,16
BRDA:80,18,0,139
BRDA:80,18,1,11
BRDA:80,18,2,11
BRDA:80,18,3,3
BRDA:85,19,0,139
BRDA:85,19,1,135
BRDA:85,19,2,56
BRDA:85,19,3,10
BRDA:85,19,4,10
BRDA:86,20,0,4
BRDA:86,20,1,135
BRF:50
BRH:46
end_of_record
TN:
SF:src\pages\auth\ForgotPassword.tsx
FN:12,ForgotPassword
FN:17,(anonymous_9)
FN:17,(anonymous_10)
FN:23,(anonymous_11)
FN:48,(anonymous_12)
FNF:5
FNH:5
FNDA:23,ForgotPassword
FNDA:7,(anonymous_9)
FNDA:7,(anonymous_10)
FNDA:1,(anonymous_11)
FNDA:9,(anonymous_12)
DA:1,1
DA:2,1
DA:3,1
DA:4,1
DA:5,1
DA:6,1
DA:7,1
DA:8,1
DA:9,1
DA:10,1
DA:12,1
DA:13,23
DA:14,23
DA:15,23
DA:17,23
DA:18,7
DA:19,7
DA:20,6
DA:23,1
DA:28,23
DA:48,9
LF:21
LH:21
BRDA:19,0,0,1
BRDA:19,0,1,6
BRDA:56,1,0,23
BRDA:56,1,1,21
BRDA:58,2,0,2
BRDA:58,2,1,21
BRF:6
BRH:6
end_of_record
TN:
SF:src\pages\auth\Login.tsx
FN:12,Login
FN:18,(anonymous_9)
FN:26,(anonymous_10)
FN:33,(anonymous_11)
FN:39,(anonymous_12)
FN:39,(anonymous_13)
FN:71,(anonymous_14)
FN:72,(anonymous_15)
FNF:8
FNH:3
FNDA:2,Login
FNDA:2,(anonymous_9)
FNDA:2,(anonymous_10)
FNDA:0,(anonymous_11)
FNDA:0,(anonymous_12)
FNDA:0,(anonymous_13)
FNDA:0,(anonymous_14)
FNDA:0,(anonymous_15)
DA:1,1
DA:2,1
DA:3,1
DA:6,1
DA:7,1
DA:8,1
DA:9,1
DA:10,1
DA:12,1
DA:13,2
DA:14,2
DA:15,2
DA:16,2
DA:17,2
DA:18,2
DA:19,2
DA:20,2
DA:22,0
DA:26,2
DA:27,2
DA:29,0
DA:30,0
DA:31,0
DA:33,0
DA:35,0
DA:39,2
DA:40,0
DA:41,0
DA:43,0
DA:45,2
DA:71,0
DA:72,0
LF:32
LH:21
BRDA:27,0,0,2
BRDA:27,0,1,0
BRDA:31,1,0,0
BRDA:31,1,1,0
BRDA:35,2,0,0
BRDA:35,2,1,0
BRDA:66,3,0,0
BRDA:66,3,1,2
BRF:8
BRH:2
end_of_record
TN:
SF:src\pages\auth\OTP.tsx
FN:12,OTP
FN:20,(anonymous_9)
FN:24,(anonymous_10)
FN:25,(anonymous_11)
FN:25,(anonymous_12)
FN:32,(anonymous_13)
FN:32,(anonymous_14)
FN:38,(anonymous_15)
FN:38,(anonymous_16)
FN:44,(anonymous_17)
FN:45,(anonymous_18)
FN:46,(anonymous_19)
FN:48,(anonymous_20)
FN:52,(anonymous_21)
FNF:14
FNH:14
FNDA:20,OTP
FNDA:6,(anonymous_9)
FNDA:6,(anonymous_10)
FNDA:6,(anonymous_11)
FNDA:6,(anonymous_12)
FNDA:3,(anonymous_13)
FNDA:3,(anonymous_14)
FNDA:1,(anonymous_15)
FNDA:1,(anonymous_16)
FNDA:6,(anonymous_17)
FNDA:60,(anonymous_18)
FNDA:60,(anonymous_19)
FNDA:6,(anonymous_20)
FNDA:18,(anonymous_21)
DA:1,1
DA:2,1
DA:3,1
DA:4,1
DA:5,1
DA:6,1
DA:7,1
DA:8,1
DA:9,1
DA:12,1
DA:13,20
DA:14,20
DA:15,20
DA:16,20
DA:17,20
DA:18,20
DA:20,20
DA:21,6
DA:24,20
DA:25,6
DA:26,6
DA:27,6
DA:32,20
DA:33,3
DA:34,3
DA:38,20
DA:39,1
DA:40,1
DA:41,1
DA:44,20
DA:45,6
DA:46,60
DA:48,6
DA:52,20
DA:53,18
DA:54,2
DA:62,20
DA:63,20
DA:65,20
LF:39
LH:39
BRDA:21,0,0,1
BRDA:21,0,1,5
BRDA:33,1,0,0
BRDA:33,1,1,3
BRDA:39,2,0,0
BRDA:39,2,1,1
BRDA:41,3,0,0
BRDA:41,3,1,1
BRDA:46,4,0,60
BRDA:46,4,1,0
BRDA:53,5,0,2
BRDA:53,5,1,16
BRDA:53,6,0,18
BRDA:53,6,1,2
BRDA:83,7,0,20
BRDA:83,7,1,2
BRDA:86,8,0,0
BRDA:86,8,1,20
BRDA:95,9,0,20
BRDA:95,9,1,1
BRDA:96,10,0,19
BRDA:96,10,1,1
BRDA:103,11,0,20
BRDA:103,11,1,19
BRF:24
BRH:19
end_of_record
TN:
SF:src\services\auth\password.service.ts
FN:11,requestPasswordReset
FN:29,resetPassword
FNF:2
FNH:2
FNDA:3,requestPasswordReset
FNDA:3,resetPassword
DA:1,2
DA:11,2
DA:12,3
DA:13,2
DA:29,2
DA:30,3
DA:31,2
LF:7
LH:7
BRF:0
BRH:0
end_of_record
