TN:
SF:src\components\auth\AuthFields.tsx
FN:12,FirstNameField
FN:29,(anonymous_1)
FN:36,LastNameField
FN:53,(anonymous_3)
FN:60,EmailField
FN:77,(anonymous_5)
FN:84,PasswordField
FN:102,(anonymous_7)
FN:105,(anonymous_8)
FN:105,(anonymous_9)
FN:116,SocialAuthSection
FN:120,(anonymous_11)
FN:125,(anonymous_12)
FN:131,(anonymous_13)
FN:151,(anonymous_14)
FN:155,(anonymous_15)
FN:178,(anonymous_16)
FNF:17
FNH:15
FNDA:3,FirstNameField
FNDA:0,(anonymous_1)
FNDA:1,LastNameField
FNDA:1,(anonymous_3)
FNDA:1,EmailField
FNDA:1,(anonymous_5)
FNDA:5,PasswordField
FNDA:0,(anonymous_7)
FNDA:3,(anonymous_8)
FNDA:3,(anonymous_9)
FNDA:20,SocialAuthSection
FNDA:9,(anonymous_11)
FNDA:1,(anonymous_12)
FNDA:1,(anonymous_13)
FNDA:2,(anonymous_14)
FNDA:1,(anonymous_15)
FNDA:9,(anonymous_16)
DA:1,1
DA:2,1
DA:3,1
DA:4,1
DA:5,1
DA:7,1
DA:8,1
DA:9,1
DA:12,1
DA:20,3
DA:29,0
DA:36,1
DA:44,1
DA:53,1
DA:60,1
DA:68,1
DA:77,1
DA:84,1
DA:92,5
DA:93,5
DA:102,0
DA:105,3
DA:116,1
DA:117,20
DA:118,20
DA:120,20
DA:121,9
DA:122,9
DA:123,9
DA:125,1
DA:127,9
DA:128,9
DA:132,1
DA:133,1
DA:134,0
DA:135,0
DA:137,0
DA:138,0
DA:139,0
DA:141,0
DA:146,0
DA:148,1
DA:152,2
DA:153,2
DA:156,1
DA:157,1
DA:163,20
DA:178,9
LF:48
LH:39
BRDA:13,0,0,2
BRDA:14,1,0,2
BRDA:15,2,0,2
BRDA:16,3,0,3
BRDA:37,4,0,1
BRDA:38,5,0,1
BRDA:39,6,0,1
BRDA:40,7,0,1
BRDA:61,8,0,1
BRDA:62,9,0,1
BRDA:63,10,0,1
BRDA:64,11,0,1
BRDA:85,12,0,5
BRDA:86,13,0,5
BRDA:87,14,0,5
BRDA:88,15,0,5
BRDA:98,16,0,2
BRDA:98,16,1,3
BRDA:104,17,0,2
BRDA:104,17,1,3
BRDA:116,18,0,0
BRDA:133,19,0,0
BRDA:133,19,1,1
BRDA:137,20,0,0
BRDA:137,20,1,0
BRDA:137,21,0,0
BRDA:137,21,1,0
BRDA:138,22,0,0
BRDA:138,22,1,0
BRDA:152,23,0,2
BRDA:152,23,1,1
BRDA:152,23,2,1
BRDA:177,24,0,20
BRDA:177,24,1,1
BRDA:180,25,0,0
BRDA:180,25,1,20
BRDA:180,26,0,20
BRDA:180,26,1,1
BRF:38
BRH:29
end_of_record
TN:
SF:src\components\auth\AuthHeader.tsx
FN:3,AuthHeader
FNF:1
FNH:1
FNDA:12,AuthHeader
DA:3,1
DA:4,12
LF:2
LH:2
BRDA:7,0,0,5
BRDA:7,0,1,7
BRF:2
BRH:2
end_of_record
TN:
SF:src\components\auth\AuthLayout.tsx
FN:9,AuthLayout
FNF:1
FNH:1
FNDA:25,AuthLayout
DA:1,1
DA:9,1
DA:15,25
LF:3
LH:3
BRDA:10,0,0,20
BRDA:11,1,0,21
BRDA:12,2,0,21
BRF:3
BRH:3
end_of_record
TN:
SF:src\components\ui\button-variants.ts
FNF:0
FNH:0
DA:1,5
DA:4,5
DA:35,5
LF:3
LH:3
BRF:0
BRH:0
end_of_record
TN:
SF:src\components\ui\button.tsx
FN:8,Button
FNF:1
FNH:1
FNDA:160,Button
DA:2,5
DA:5,5
DA:6,5
DA:18,160
DA:20,160
DA:29,5
LF:6
LH:6
BRDA:12,0,0,160
BRDA:18,1,0,0
BRDA:18,1,1,160
BRF:3
BRH:2
end_of_record
TN:
SF:src\components\ui\icon-input.tsx
FN:10,IconInput
FNF:1
FNH:1
FNDA:33,IconInput
DA:2,2
DA:10,2
DA:18,33
DA:19,33
DA:20,33
DA:53,2
LF:6
LH:6
BRDA:22,0,0,33
BRDA:22,0,1,0
BRDA:33,1,0,33
BRDA:33,1,1,0
BRDA:34,2,0,5
BRDA:34,2,1,28
BRDA:39,3,0,5
BRDA:39,3,1,28
BRF:8
BRH:6
end_of_record
TN:
SF:src\components\ui\label.tsx
FN:6,Label
FNF:1
FNH:1
FNDA:33,Label
DA:2,2
DA:4,2
DA:10,33
DA:22,2
LF:4
LH:4
BRF:0
BRH:0
end_of_record
TN:
SF:src\constants\routes.ts
FNF:0
FNH:0
DA:1,3
DA:34,3
DA:41,3
DA:46,3
DA:50,3
LF:5
LH:5
BRF:0
BRH:0
end_of_record
TN:
SF:src\hooks\auth\useAcceptInvitation.ts
FN:6,useAcceptInvitation
FN:10,(anonymous_1)
FN:11,(anonymous_2)
FN:18,(anonymous_3)
FNF:4
FNH:4
FNDA:26,useAcceptInvitation
FNDA:13,(anonymous_1)
FNDA:6,(anonymous_2)
FNDA:3,(anonymous_3)
DA:1,1
DA:3,1
DA:4,1
DA:6,1
DA:9,26
DA:10,13
DA:12,6
DA:13,6
DA:14,6
DA:15,2
DA:16,6
DA:19,3
DA:20,3
DA:21,3
LF:14
LH:14
BRDA:12,0,0,6
BRDA:12,0,1,1
BRDA:13,1,0,6
BRDA:13,1,1,2
BRDA:13,2,0,1
BRDA:13,2,1,1
BRDA:14,3,0,4
BRDA:14,3,1,2
BRDA:16,4,0,0
BRDA:16,4,1,6
BRDA:16,5,0,6
BRDA:16,5,1,4
BRDA:19,6,0,3
BRDA:19,6,1,2
BRDA:19,6,2,1
BRDA:21,7,0,0
BRDA:21,7,1,3
BRF:17
BRH:15
end_of_record
TN:
SF:src\hooks\auth\useLogin.ts
FN:9,useAuthLoginMutation
FN:11,(anonymous_1)
FNF:2
FNH:2
FNDA:16,useAuthLoginMutation
FNDA:7,(anonymous_1)
DA:1,1
DA:3,1
DA:9,1
DA:10,16
DA:12,7
DA:13,5
LF:6
LH:6
BRF:0
BRH:0
end_of_record
TN:
SF:src\hooks\auth\useMeWithTokenQuery.ts
FN:5,useMeWithTokenQuery
FN:10,(anonymous_1)
FNF:2
FNH:2
FNDA:9,useMeWithTokenQuery
FNDA:4,(anonymous_1)
DA:1,1
DA:2,1
DA:5,1
DA:6,9
DA:7,9
DA:11,4
DA:12,2
LF:7
LH:7
BRDA:6,0,0,9
BRDA:6,0,1,7
BRDA:6,0,2,4
BRF:3
BRH:3
end_of_record
TN:
SF:src\hooks\auth\useRequestPasswordReset.ts
FN:6,useRequestPasswordReset
FN:10,(anonymous_1)
FN:11,(anonymous_2)
FN:18,(anonymous_3)
FNF:4
FNH:4
FNDA:10,useRequestPasswordReset
FNDA:7,(anonymous_1)
FNDA:3,(anonymous_2)
FNDA:2,(anonymous_3)
DA:1,2
DA:3,2
DA:4,2
DA:6,2
DA:9,10
DA:10,7
DA:12,3
DA:13,3
DA:14,3
DA:15,1
DA:16,3
DA:19,2
DA:20,2
DA:21,2
LF:14
LH:14
BRDA:12,0,0,3
BRDA:12,0,1,1
BRDA:13,1,0,3
BRDA:13,1,1,0
BRDA:13,2,0,0
BRDA:13,2,1,0
BRDA:14,3,0,2
BRDA:14,3,1,1
BRDA:16,4,0,0
BRDA:16,4,1,3
BRDA:19,5,0,2
BRDA:19,5,1,1
BRDA:19,5,2,0
BRDA:21,6,0,0
BRDA:21,6,1,2
BRF:15
BRH:9
end_of_record
TN:
SF:src\hooks\auth\useResendOtp.ts
FN:7,useResendOtpMutation
FN:9,(anonymous_1)
FNF:2
FNH:2
FNDA:8,useResendOtpMutation
FNDA:4,(anonymous_1)
DA:1,1
DA:4,1
DA:5,1
DA:7,1
DA:8,8
DA:10,4
DA:11,4
DA:12,2
LF:8
LH:8
BRF:0
BRH:0
end_of_record
TN:
SF:src\hooks\auth\useResetPassword.ts
FN:6,useResetPassword
FN:10,(anonymous_1)
FN:11,(anonymous_2)
FN:18,(anonymous_3)
FNF:4
FNH:4
FNDA:14,useResetPassword
FNDA:7,(anonymous_1)
FNDA:4,(anonymous_2)
FNDA:3,(anonymous_3)
DA:1,1
DA:3,1
DA:4,1
DA:6,1
DA:9,14
DA:10,7
DA:12,4
DA:13,4
DA:14,4
DA:15,2
DA:16,4
DA:19,3
DA:20,3
DA:21,3
LF:14
LH:14
BRDA:12,0,0,4
BRDA:12,0,1,0
BRDA:13,1,0,4
BRDA:13,1,1,2
BRDA:13,2,0,1
BRDA:13,2,1,1
BRDA:14,3,0,2
BRDA:14,3,1,2
BRDA:16,4,0,0
BRDA:16,4,1,4
BRDA:19,5,0,3
BRDA:19,5,1,2
BRDA:19,5,2,1
BRDA:21,6,0,0
BRDA:21,6,1,3
BRF:15
BRH:12
end_of_record
TN:
SF:src\hooks\auth\useSignup.ts
FN:9,useAuthSignupMutation
FN:11,(anonymous_1)
FNF:2
FNH:2
FNDA:8,useAuthSignupMutation
FNDA:4,(anonymous_1)
DA:1,1
DA:3,1
DA:9,1
DA:10,8
DA:12,4
DA:13,2
LF:6
LH:6
BRF:0
BRH:0
end_of_record
TN:
SF:src\hooks\auth\useSocialAuthLoginUrl.ts
FN:9,useSocialAuthLoginUrlMutation
FN:13,(anonymous_1)
FNF:2
FNH:2
FNDA:8,useSocialAuthLoginUrlMutation
FNDA:4,(anonymous_1)
DA:1,1
DA:3,1
DA:9,1
DA:12,8
DA:14,4
DA:15,2
LF:6
LH:6
BRF:0
BRH:0
end_of_record
TN:
SF:src\hooks\auth\useSocialLogin.ts
FN:13,useSocialLogin
FN:19,(anonymous_1)
FN:28,(anonymous_2)
FN:38,(anonymous_3)
FN:47,(anonymous_4)
FN:80,(anonymous_5)
FNF:6
FNH:6
FNDA:6,useSocialLogin
FNDA:6,(anonymous_1)
FNDA:6,(anonymous_2)
FNDA:6,(anonymous_3)
FNDA:6,(anonymous_4)
FNDA:3,(anonymous_5)
DA:1,1
DA:2,1
DA:3,1
DA:5,1
DA:6,1
DA:13,1
DA:14,6
DA:15,6
DA:16,6
DA:17,6
DA:19,6
DA:20,6
DA:21,6
DA:22,6
DA:25,6
DA:28,6
DA:29,6
DA:30,5
DA:31,5
DA:32,4
DA:33,3
DA:34,0
DA:38,6
DA:39,6
DA:41,2
DA:42,2
DA:43,2
DA:47,6
DA:48,6
DA:49,6
DA:50,3
DA:62,3
DA:80,3
DA:81,3
DA:82,3
DA:86,2
DA:88,1
DA:89,1
DA:90,1
DA:91,1
DA:93,3
DA:98,6
LF:42
LH:41
BRDA:29,0,0,1
BRDA:29,0,1,5
BRDA:30,1,0,0
BRDA:30,1,1,5
BRDA:31,2,0,1
BRDA:31,2,1,4
BRDA:32,3,0,1
BRDA:32,3,1,3
BRDA:33,4,0,3
BRDA:33,4,1,0
BRDA:39,5,0,4
BRDA:39,5,1,2
BRDA:41,6,0,2
BRDA:41,6,1,1
BRDA:41,7,0,0
BRDA:41,7,1,1
BRDA:41,8,0,1
BRDA:41,8,1,0
BRDA:48,9,0,0
BRDA:48,9,1,6
BRDA:49,10,0,3
BRDA:49,10,1,3
BRDA:50,11,0,3
BRDA:50,11,1,0
BRDA:63,12,0,3
BRDA:63,12,1,0
BRDA:64,13,0,3
BRDA:64,13,1,1
BRDA:67,14,0,3
BRDA:67,14,1,2
BRDA:68,15,0,3
BRDA:68,15,1,2
BRDA:69,16,0,3
BRDA:69,16,1,2
BRDA:70,17,0,3
BRDA:70,17,1,3
BRDA:71,18,0,3
BRDA:71,18,1,3
BRDA:72,19,0,3
BRDA:72,19,1,3
BRDA:73,20,0,3
BRDA:73,20,1,3
BRDA:74,21,0,3
BRDA:74,21,1,3
BRDA:82,22,0,3
BRDA:82,22,1,2
BRDA:88,23,0,1
BRDA:88,23,1,0
BRF:48
BRH:40
end_of_record
TN:
SF:src\hooks\auth\useVerifyOtp.ts
FN:13,useAuthVerifyOtpMutation
FN:15,(anonymous_1)
FNF:2
FNH:2
FNDA:8,useAuthVerifyOtpMutation
FNDA:4,(anonymous_1)
DA:1,1
DA:4,1
DA:5,1
DA:6,1
DA:13,1
DA:14,8
DA:16,4
DA:22,4
DA:23,3
DA:24,2
DA:26,1
DA:33,1
LF:12
LH:12
BRDA:22,0,0,3
BRDA:22,0,1,1
BRDA:24,1,0,2
BRDA:24,1,1,0
BRDA:28,2,0,1
BRDA:28,2,1,0
BRDA:30,3,0,1
BRDA:30,3,1,0
BRF:8
BRH:5
end_of_record
TN:
SF:src\lib\utils.ts
FN:4,cn
FNF:1
FNH:1
FNDA:226,cn
DA:1,5
DA:2,5
DA:4,5
DA:5,226
LF:4
LH:4
BRF:0
BRH:0
end_of_record
TN:
SF:src\pages\auth\AcceptInvitation.tsx
FN:17,AcceptInvitation
FN:31,(anonymous_2)
FN:38,(anonymous_3)
FN:47,(anonymous_4)
FN:63,(anonymous_5)
FN:63,(anonymous_6)
FN:67,(anonymous_7)
FN:78,(anonymous_8)
FNF:8
FNH:8
FNDA:70,AcceptInvitation
FNDA:35,(anonymous_2)
FNDA:35,(anonymous_3)
FNDA:3,(anonymous_4)
FNDA:5,(anonymous_5)
FNDA:1,(anonymous_6)
FNDA:13,(anonymous_7)
FNDA:7,(anonymous_8)
DA:1,1
DA:2,1
DA:3,1
DA:4,1
DA:5,1
DA:6,1
DA:7,1
DA:8,1
DA:9,1
DA:10,1
DA:17,1
DA:18,70
DA:19,70
DA:20,70
DA:22,70
DA:27,70
DA:28,70
DA:29,70
DA:31,70
DA:38,70
DA:39,35
DA:40,35
DA:41,35
DA:42,35
DA:43,35
DA:44,35
DA:47,70
DA:48,3
DA:49,3
DA:50,1
DA:51,1
DA:53,2
DA:54,2
DA:55,2
DA:58,70
DA:63,5
DA:67,13
DA:78,7
LF:38
LH:38
BRDA:28,0,0,70
BRDA:28,0,1,0
BRDA:29,1,0,70
BRDA:29,1,1,0
BRDA:40,2,0,24
BRDA:40,2,1,11
BRDA:41,3,0,23
BRDA:41,3,1,12
BRDA:42,4,0,23
BRDA:42,4,1,12
BRDA:43,5,0,23
BRDA:43,5,1,12
BRDA:48,6,0,3
BRDA:48,6,1,1
BRDA:49,7,0,1
BRDA:49,7,1,2
BRDA:54,8,0,2
BRDA:54,8,1,0
BRDA:55,9,0,2
BRDA:55,9,1,0
BRDA:69,10,0,70
BRDA:69,10,1,65
BRDA:69,10,2,25
BRDA:69,10,3,24
BRDA:69,10,4,6
BRDA:80,11,0,70
BRDA:80,11,1,8
BRDA:80,11,2,8
BRDA:80,11,3,2
BRDA:85,12,0,70
BRDA:85,12,1,66
BRDA:85,12,2,24
BRDA:85,12,3,8
BRDA:85,12,4,8
BRDA:86,13,0,4
BRDA:86,13,1,66
BRF:36
BRH:32
end_of_record
TN:
SF:src\pages\auth\ForgotPassword.tsx
FN:12,ForgotPassword
FN:17,(anonymous_2)
FN:23,(anonymous_3)
FN:48,(anonymous_4)
FNF:4
FNH:4
FNDA:23,ForgotPassword
FNDA:7,(anonymous_2)
FNDA:1,(anonymous_3)
FNDA:9,(anonymous_4)
DA:1,1
DA:2,1
DA:3,1
DA:4,1
DA:5,1
DA:6,1
DA:7,1
DA:8,1
DA:9,1
DA:10,1
DA:12,1
DA:13,23
DA:14,23
DA:15,23
DA:17,23
DA:18,7
DA:19,7
DA:20,6
DA:23,1
DA:28,23
DA:48,9
LF:21
LH:21
BRDA:19,0,0,1
BRDA:19,0,1,6
BRDA:56,1,0,23
BRDA:56,1,1,21
BRDA:58,2,0,2
BRDA:58,2,1,21
BRF:6
BRH:6
end_of_record
TN:
SF:src\pages\auth\Login.tsx
FN:12,Login
FN:18,(anonymous_2)
FN:26,(anonymous_3)
FN:33,(anonymous_4)
FN:39,(anonymous_5)
FN:71,(anonymous_6)
FN:72,(anonymous_7)
FNF:7
FNH:7
FNDA:15,Login
FNDA:11,(anonymous_2)
FNDA:13,(anonymous_3)
FNDA:1,(anonymous_4)
FNDA:2,(anonymous_5)
FNDA:1,(anonymous_6)
FNDA:1,(anonymous_7)
DA:1,1
DA:2,1
DA:3,1
DA:6,1
DA:7,1
DA:8,1
DA:9,1
DA:10,1
DA:12,1
DA:13,15
DA:14,15
DA:15,15
DA:16,15
DA:17,15
DA:18,15
DA:19,11
DA:20,11
DA:22,1
DA:26,15
DA:27,13
DA:29,3
DA:30,3
DA:31,3
DA:33,1
DA:35,3
DA:39,15
DA:40,2
DA:41,2
DA:43,2
DA:45,15
DA:71,1
DA:72,1
LF:32
LH:32
BRDA:27,0,0,10
BRDA:27,0,1,3
BRDA:31,1,0,3
BRDA:31,1,1,2
BRDA:35,2,0,2
BRDA:35,2,1,1
BRDA:66,3,0,0
BRDA:66,3,1,15
BRF:8
BRH:7
end_of_record
TN:
SF:src\pages\auth\OTP.tsx
FN:12,OTP
FN:20,(anonymous_2)
FN:24,(anonymous_3)
FN:25,(anonymous_4)
FN:32,(anonymous_5)
FN:38,(anonymous_6)
FN:44,(anonymous_7)
FN:45,(anonymous_8)
FN:46,(anonymous_9)
FN:48,(anonymous_10)
FN:52,(anonymous_11)
FNF:11
FNH:11
FNDA:32,OTP
FNDA:11,(anonymous_2)
FNDA:11,(anonymous_3)
FNDA:11,(anonymous_4)
FNDA:2,(anonymous_5)
FNDA:1,(anonymous_6)
FNDA:11,(anonymous_7)
FNDA:90,(anonymous_8)
FNDA:90,(anonymous_9)
FNDA:11,(anonymous_10)
FNDA:28,(anonymous_11)
DA:1,1
DA:2,1
DA:3,1
DA:4,1
DA:5,1
DA:6,1
DA:7,1
DA:8,1
DA:9,1
DA:12,1
DA:13,32
DA:14,32
DA:15,32
DA:16,32
DA:17,32
DA:18,32
DA:20,32
DA:21,11
DA:24,32
DA:25,11
DA:26,11
DA:27,11
DA:32,32
DA:33,2
DA:34,2
DA:38,32
DA:39,1
DA:40,1
DA:41,1
DA:44,32
DA:45,11
DA:46,90
DA:48,11
DA:52,32
DA:53,28
DA:54,2
DA:62,32
DA:63,32
DA:65,32
LF:39
LH:39
BRDA:21,0,0,1
BRDA:21,0,1,10
BRDA:33,1,0,0
BRDA:33,1,1,2
BRDA:39,2,0,0
BRDA:39,2,1,1
BRDA:41,3,0,1
BRDA:41,3,1,0
BRDA:46,4,0,90
BRDA:46,4,1,0
BRDA:53,5,0,2
BRDA:53,5,1,26
BRDA:53,6,0,28
BRDA:53,6,1,2
BRDA:83,7,0,32
BRDA:83,7,1,2
BRDA:86,8,0,1
BRDA:86,8,1,31
BRDA:95,9,0,32
BRDA:95,9,1,1
BRDA:96,10,0,31
BRDA:96,10,1,1
BRDA:103,11,0,32
BRDA:103,11,1,31
BRF:24
BRH:20
end_of_record
TN:
SF:src\pages\auth\ResetPassword.tsx
FN:15,ResetPassword
FN:36,(anonymous_2)
FN:45,(anonymous_3)
FN:67,(anonymous_4)
FNF:4
FNH:4
FNDA:21,ResetPassword
FNDA:3,(anonymous_2)
FNDA:1,(anonymous_3)
FNDA:4,(anonymous_4)
DA:1,1
DA:2,1
DA:3,1
DA:4,1
DA:5,1
DA:6,1
DA:7,1
DA:8,1
DA:15,1
DA:16,21
DA:17,21
DA:18,21
DA:19,21
DA:32,21
DA:34,21
DA:36,21
DA:37,3
DA:38,3
DA:39,2
DA:45,1
DA:49,21
DA:67,4
LF:22
LH:22
BRDA:37,0,0,3
BRDA:37,0,1,1
BRDA:38,1,0,1
BRDA:38,1,1,2
BRDA:67,2,0,4
BRDA:67,2,1,1
BRDA:73,3,0,0
BRDA:73,3,1,21
BRF:8
BRH:7
end_of_record
TN:
SF:src\pages\auth\SignUp.tsx
FN:13,SignUp
FN:17,(anonymous_2)
FN:30,(anonymous_3)
FN:37,(anonymous_4)
FN:47,(anonymous_5)
FN:53,(anonymous_6)
FN:63,(anonymous_7)
FN:80,(anonymous_8)
FN:82,(anonymous_9)
FN:82,(anonymous_10)
FN:83,(anonymous_11)
FN:90,(anonymous_12)
FN:98,(anonymous_13)
FN:110,(anonymous_14)
FN:111,(anonymous_15)
FNF:15
FNH:11
FNDA:29,SignUp
FNDA:8,(anonymous_2)
FNDA:8,(anonymous_3)
FNDA:0,(anonymous_4)
FNDA:12,(anonymous_5)
FNDA:12,(anonymous_6)
FNDA:1,(anonymous_7)
FNDA:3,(anonymous_8)
FNDA:1,(anonymous_9)
FNDA:0,(anonymous_10)
FNDA:4,(anonymous_11)
FNDA:3,(anonymous_12)
FNDA:2,(anonymous_13)
FNDA:0,(anonymous_14)
FNDA:0,(anonymous_15)
DA:1,1
DA:2,1
DA:3,1
DA:4,1
DA:5,1
DA:6,1
DA:7,1
DA:8,1
DA:9,1
DA:10,1
DA:11,1
DA:13,1
DA:14,29
DA:15,29
DA:16,29
DA:17,29
DA:18,8
DA:19,8
DA:21,0
DA:25,29
DA:30,29
DA:31,8
DA:33,1
DA:34,1
DA:35,1
DA:37,0
DA:39,1
DA:42,29
DA:43,29
DA:44,29
DA:45,29
DA:46,29
DA:47,29
DA:53,29
DA:54,12
DA:55,12
DA:56,12
DA:57,12
DA:58,12
DA:59,12
DA:63,29
DA:64,1
DA:65,1
DA:66,1
DA:67,1
DA:69,29
DA:80,3
DA:82,1
DA:83,4
DA:90,3
DA:98,2
DA:110,0
DA:111,0
LF:53
LH:49
BRDA:31,0,0,7
BRDA:31,0,1,1
BRDA:35,1,0,1
BRDA:35,1,1,1
BRDA:39,2,0,1
BRDA:39,2,1,0
BRDA:42,3,0,29
BRDA:42,3,1,0
BRDA:43,4,0,29
BRDA:43,4,1,0
BRDA:44,5,0,29
BRDA:44,5,1,0
BRDA:46,6,0,29
BRDA:46,6,1,0
BRDA:55,7,0,9
BRDA:55,7,1,3
BRDA:56,8,0,8
BRDA:56,8,1,4
BRDA:57,9,0,9
BRDA:57,9,1,3
BRDA:58,10,0,9
BRDA:58,10,1,3
BRDA:65,11,0,0
BRDA:65,11,1,1
BRDA:66,12,0,0
BRDA:66,12,1,1
BRDA:84,13,0,29
BRDA:84,13,1,27
BRDA:84,13,2,10
BRDA:84,13,3,9
BRDA:84,13,4,1
BRDA:91,14,0,29
BRDA:91,14,1,5
BRDA:91,14,2,5
BRDA:91,14,3,1
BRDA:104,15,0,29
BRDA:104,15,1,29
BRDA:104,15,2,9
BRDA:104,15,3,6
BRDA:104,15,4,4
BRDA:104,15,5,4
BRDA:104,15,6,4
BRDA:105,16,0,0
BRDA:105,16,1,29
BRF:44
BRH:36
end_of_record
TN:
SF:src\pages\auth\SocialLogin.tsx
FN:4,SocialLogin
FNF:1
FNH:1
FNDA:3,SocialLogin
DA:1,1
DA:2,1
DA:4,1
DA:5,3
DA:7,3
LF:5
LH:5
BRDA:10,0,0,1
BRDA:10,0,1,2
BRDA:12,1,0,3
BRDA:12,1,1,1
BRDA:13,2,0,3
BRDA:13,2,1,1
BRDA:14,3,0,3
BRDA:14,3,1,1
BRF:8
BRH:8
end_of_record
TN:
SF:src\services\auth\invitation.service.ts
FN:11,acceptInvitation
FNF:1
FNH:1
FNDA:2,acceptInvitation
DA:1,1
DA:11,1
DA:12,2
DA:13,1
LF:4
LH:4
BRF:0
BRH:0
end_of_record
TN:
SF:src\services\auth\password.service.ts
FN:11,requestPasswordReset
FN:29,resetPassword
FNF:2
FNH:2
FNDA:3,requestPasswordReset
FNDA:3,resetPassword
DA:1,2
DA:11,2
DA:12,3
DA:13,2
DA:29,2
DA:30,3
DA:31,2
LF:7
LH:7
BRF:0
BRH:0
end_of_record
